2024-11-19 00:59:29,483 - portfolio - INFO - Starting ESP3D Portfolio analysis
2024-11-19 00:59:29,486 - portfolio.config - INFO - Loaded configuration from config/portfolio_config.json
2024-11-19 00:59:29,487 - portfolio.cache - INFO - Cache initialized in .cache
2024-11-19 00:59:29,489 - portfolio.analyzer - INFO - Portfolio analyzer initialized
2024-11-19 00:59:29,491 - portfolio.analyzer - INFO - Starting data collection
2024-11-19 00:59:29,493 - portfolio.github - INFO - Collecting data for repository: ESP3D
2024-11-19 00:59:50,237 - portfolio.github - INFO - Collecting data for repository: ESP3DLib
2024-11-19 00:59:57,908 - portfolio.github - INFO - Collecting data for repository: ESP3D-WEBUI
2024-11-19 01:00:22,071 - portfolio.github - INFO - Collecting data for repository: ESP3D-TFT
2024-11-19 01:00:35,098 - portfolio.github - INFO - Collecting data for repository: Marlin
2024-11-19 01:00:45,089 - portfolio.github - INFO - Collecting data for repository: ESP3D-Configurator
2024-11-19 01:00:57,353 - portfolio.github - INFO - Collecting data for repository: esp3d.io
2024-11-19 01:01:07,432 - portfolio.github - INFO - Collecting data for repository: ESP32SSDP
2024-11-19 01:01:24,005 - portfolio.github - INFO - Collecting data for repository: SSDP_IDF
2024-11-19 01:01:29,476 - portfolio.github - INFO - Collecting data for repository: esp32-usb-serial
2024-11-19 01:01:36,516 - portfolio.github - INFO - Collecting data for repository: EspLuaEngine
2024-11-19 01:01:46,230 - portfolio.analyzer - INFO - Processing collected data
2024-11-19 01:01:46,243 - portfolio.analyzer - INFO - Generating reports
2024-11-19 01:01:46,245 - portfolio.analyzer - INFO - Saved report: README.md
2024-11-19 01:01:46,259 - portfolio.analyzer - INFO - Saved report: github_portfolio.json
2024-11-19 01:01:46,261 - portfolio.analyzer - INFO - Analysis completed successfully
