2024-11-10 00:59:17,579 - portfolio - INFO - Starting ESP3D Portfolio analysis
2024-11-10 00:59:17,583 - portfolio.config - INFO - Loaded configuration from config/portfolio_config.json
2024-11-10 00:59:17,584 - portfolio.cache - INFO - Cache initialized in .cache
2024-11-10 00:59:17,585 - portfolio.analyzer - INFO - Portfolio analyzer initialized
2024-11-10 00:59:17,587 - portfolio.analyzer - INFO - Starting data collection
2024-11-10 00:59:17,589 - portfolio.github - INFO - Collecting data for repository: ESP3D
2024-11-10 00:59:37,224 - portfolio.github - INFO - Collecting data for repository: ESP3DLib
2024-11-10 00:59:45,009 - portfolio.github - INFO - Collecting data for repository: ESP3D-WEBUI
2024-11-10 01:00:03,087 - portfolio.github - INFO - Collecting data for repository: ESP3D-TFT
2024-11-10 01:00:12,131 - portfolio.github - INFO - Collecting data for repository: Marlin
2024-11-10 01:00:21,689 - portfolio.github - INFO - Collecting data for repository: ESP3D-Configurator
2024-11-10 01:00:29,978 - portfolio.github - INFO - Collecting data for repository: esp3d.io
2024-11-10 01:00:42,422 - portfolio.github - INFO - Collecting data for repository: ESP32SSDP
2024-11-10 01:00:54,991 - portfolio.github - INFO - Collecting data for repository: SSDP_IDF
2024-11-10 01:01:04,892 - portfolio.github - INFO - Collecting data for repository: esp32-usb-serial
2024-11-10 01:01:10,041 - portfolio.github - INFO - Collecting data for repository: EspLuaEngine
2024-11-10 01:01:17,795 - portfolio.analyzer - INFO - Processing collected data
2024-11-10 01:01:17,808 - portfolio.analyzer - INFO - Generating reports
2024-11-10 01:01:17,810 - portfolio.analyzer - INFO - Saved report: README.md
2024-11-10 01:01:17,827 - portfolio.analyzer - INFO - Saved report: github_portfolio.json
2024-11-10 01:01:17,828 - portfolio.analyzer - INFO - Analysis completed successfully
