2024-10-31 10:22:47,119 - portfolio - INFO - Starting ESP3D Portfolio analysis
2024-10-31 10:22:47,123 - portfolio.config - INFO - Loaded configuration from config/portfolio_config.json
2024-10-31 10:22:47,124 - portfolio.cache - INFO - Cache initialized in .cache
2024-10-31 10:22:47,126 - portfolio.analyzer - INFO - Portfolio analyzer initialized
2024-10-31 10:22:47,127 - portfolio.analyzer - INFO - Starting data collection
2024-10-31 10:22:47,305 - portfolio.analyzer - INFO - Processing collected data
2024-10-31 10:22:47,310 - portfolio.issues - ERROR - Error processing issue #76: 'NoneType' object has no attribute 'lower'
2024-10-31 10:22:47,314 - portfolio.issues - ERROR - Error processing issue #76: 'NoneType' object has no attribute 'lower'
2024-10-31 10:22:47,320 - portfolio.stats - WARNING - Error processing week data: could not convert string to float: '2023-11-05T00:00:00+00:00'
2024-10-31 10:22:47,321 - portfolio.stats - WARNING - Error processing week data: could not convert string to float: '2023-11-12T00:00:00+00:00'
2024-10-31 10:22:47,324 - portfolio.stats - WARNING - Error processing week data: could not convert string to float: '2023-11-19T00:00:00+00:00'
2024-10-31 10:22:47,326 - portfolio.stats - WARNING - Error processing week data: could not convert string to float: '2023-11-26T00:00:00+00:00'
2024-10-31 10:22:47,328 - portfolio.stats - WARNING - Error processing week data: could not convert string to float: '2023-12-03T00:00:00+00:00'
2024-10-31 10:22:47,330 - portfolio.stats - WARNING - Error processing week data: could not convert string to float: '2023-12-10T00:00:00+00:00'
2024-10-31 10:22:47,332 - portfolio.stats - WARNING - Error processing week data: could not convert string to float: '2023-12-17T00:00:00+00:00'
2024-10-31 10:22:47,333 - portfolio.stats - WARNING - Error processing week data: could not convert string to float: '2023-12-24T00:00:00+00:00'
2024-10-31 10:22:47,335 - portfolio.stats - WARNING - Error processing week data: could not convert string to float: '2023-12-31T00:00:00+00:00'
2024-10-31 10:22:47,336 - portfolio.stats - WARNING - Error processing week data: could not convert string to float: '2024-01-07T00:00:00+00:00'
2024-10-31 10:22:47,338 - portfolio.stats - WARNING - Error processing week data: could not convert string to float: '2024-01-14T00:00:00+00:00'
2024-10-31 10:22:47,339 - portfolio.stats - WARNING - Error processing week data: could not convert string to float: '2024-01-21T00:00:00+00:00'
2024-10-31 10:22:47,341 - portfolio.stats - WARNING - Error processing week data: could not convert string to float: '2024-01-28T00:00:00+00:00'
2024-10-31 10:22:47,343 - portfolio.stats - WARNING - Error processing week data: could not convert string to float: '2024-02-04T00:00:00+00:00'
2024-10-31 10:22:47,344 - portfolio.stats - WARNING - Error processing week data: could not convert string to float: '2024-02-11T00:00:00+00:00'
2024-10-31 10:22:47,346 - portfolio.stats - WARNING - Error processing week data: could not convert string to float: '2024-02-18T00:00:00+00:00'
2024-10-31 10:22:47,347 - portfolio.stats - WARNING - Error processing week data: could not convert string to float: '2024-02-25T00:00:00+00:00'
2024-10-31 10:22:47,349 - portfolio.stats - WARNING - Error processing week data: could not convert string to float: '2024-03-03T00:00:00+00:00'
2024-10-31 10:22:47,350 - portfolio.stats - WARNING - Error processing week data: could not convert string to float: '2024-03-10T00:00:00+00:00'
2024-10-31 10:22:47,352 - portfolio.stats - WARNING - Error processing week data: could not convert string to float: '2024-03-17T00:00:00+00:00'
2024-10-31 10:22:47,353 - portfolio.stats - WARNING - Error processing week data: could not convert string to float: '2024-03-24T00:00:00+00:00'
2024-10-31 10:22:47,355 - portfolio.stats - WARNING - Error processing week data: could not convert string to float: '2024-03-31T00:00:00+00:00'
2024-10-31 10:22:47,357 - portfolio.stats - WARNING - Error processing week data: could not convert string to float: '2024-04-07T00:00:00+00:00'
2024-10-31 10:22:47,358 - portfolio.stats - WARNING - Error processing week data: could not convert string to float: '2024-04-14T00:00:00+00:00'
2024-10-31 10:22:47,360 - portfolio.stats - WARNING - Error processing week data: could not convert string to float: '2024-04-21T00:00:00+00:00'
2024-10-31 10:22:47,361 - portfolio.stats - WARNING - Error processing week data: could not convert string to float: '2024-04-28T00:00:00+00:00'
2024-10-31 10:22:47,363 - portfolio.stats - WARNING - Error processing week data: could not convert string to float: '2024-05-05T00:00:00+00:00'
2024-10-31 10:22:47,365 - portfolio.stats - WARNING - Error processing week data: could not convert string to float: '2024-05-12T00:00:00+00:00'
2024-10-31 10:22:47,366 - portfolio.stats - WARNING - Error processing week data: could not convert string to float: '2024-05-19T00:00:00+00:00'
2024-10-31 10:22:47,368 - portfolio.stats - WARNING - Error processing week data: could not convert string to float: '2024-05-26T00:00:00+00:00'
2024-10-31 10:22:47,369 - portfolio.stats - WARNING - Error processing week data: could not convert string to float: '2024-06-02T00:00:00+00:00'
2024-10-31 10:22:47,371 - portfolio.stats - WARNING - Error processing week data: could not convert string to float: '2024-06-09T00:00:00+00:00'
2024-10-31 10:22:47,372 - portfolio.stats - WARNING - Error processing week data: could not convert string to float: '2024-06-16T00:00:00+00:00'
2024-10-31 10:22:47,374 - portfolio.stats - WARNING - Error processing week data: could not convert string to float: '2024-06-23T00:00:00+00:00'
2024-10-31 10:22:47,376 - portfolio.stats - WARNING - Error processing week data: could not convert string to float: '2024-06-30T00:00:00+00:00'
2024-10-31 10:22:47,377 - portfolio.stats - WARNING - Error processing week data: could not convert string to float: '2024-07-07T00:00:00+00:00'
2024-10-31 10:22:47,379 - portfolio.stats - WARNING - Error processing week data: could not convert string to float: '2024-07-14T00:00:00+00:00'
2024-10-31 10:22:47,380 - portfolio.stats - WARNING - Error processing week data: could not convert string to float: '2024-07-21T00:00:00+00:00'
2024-10-31 10:22:47,382 - portfolio.stats - WARNING - Error processing week data: could not convert string to float: '2024-07-28T00:00:00+00:00'
2024-10-31 10:22:47,383 - portfolio.stats - WARNING - Error processing week data: could not convert string to float: '2024-08-04T00:00:00+00:00'
2024-10-31 10:22:47,385 - portfolio.stats - WARNING - Error processing week data: could not convert string to float: '2024-08-11T00:00:00+00:00'
2024-10-31 10:22:47,387 - portfolio.stats - WARNING - Error processing week data: could not convert string to float: '2024-08-18T00:00:00+00:00'
2024-10-31 10:22:47,389 - portfolio.stats - WARNING - Error processing week data: could not convert string to float: '2024-08-25T00:00:00+00:00'
2024-10-31 10:22:47,390 - portfolio.stats - WARNING - Error processing week data: could not convert string to float: '2024-09-01T00:00:00+00:00'
2024-10-31 10:22:47,392 - portfolio.stats - WARNING - Error processing week data: could not convert string to float: '2024-09-08T00:00:00+00:00'
2024-10-31 10:22:47,393 - portfolio.stats - WARNING - Error processing week data: could not convert string to float: '2024-09-15T00:00:00+00:00'
2024-10-31 10:22:47,395 - portfolio.stats - WARNING - Error processing week data: could not convert string to float: '2024-09-22T00:00:00+00:00'
2024-10-31 10:22:47,396 - portfolio.stats - WARNING - Error processing week data: could not convert string to float: '2024-09-29T00:00:00+00:00'
2024-10-31 10:22:47,398 - portfolio.stats - WARNING - Error processing week data: could not convert string to float: '2024-10-06T00:00:00+00:00'
2024-10-31 10:22:47,399 - portfolio.stats - WARNING - Error processing week data: could not convert string to float: '2024-10-13T00:00:00+00:00'
2024-10-31 10:22:47,401 - portfolio.stats - WARNING - Error processing week data: could not convert string to float: '2024-10-20T00:00:00+00:00'
2024-10-31 10:22:47,403 - portfolio.stats - WARNING - Error processing week data: could not convert string to float: '2024-10-27T00:00:00+00:00'
2024-10-31 10:22:47,404 - portfolio.stats - WARNING - Error processing week data: could not convert string to float: '2023-11-05T00:00:00+00:00'
2024-10-31 10:22:47,406 - portfolio.stats - WARNING - Error processing week data: could not convert string to float: '2023-11-12T00:00:00+00:00'
2024-10-31 10:22:47,407 - portfolio.stats - WARNING - Error processing week data: could not convert string to float: '2023-11-19T00:00:00+00:00'
2024-10-31 10:22:47,409 - portfolio.stats - WARNING - Error processing week data: could not convert string to float: '2023-11-26T00:00:00+00:00'
2024-10-31 10:22:47,410 - portfolio.stats - WARNING - Error processing week data: could not convert string to float: '2023-12-03T00:00:00+00:00'
2024-10-31 10:22:47,412 - portfolio.stats - WARNING - Error processing week data: could not convert string to float: '2023-12-10T00:00:00+00:00'
2024-10-31 10:22:47,413 - portfolio.stats - WARNING - Error processing week data: could not convert string to float: '2023-12-17T00:00:00+00:00'
2024-10-31 10:22:47,415 - portfolio.stats - WARNING - Error processing week data: could not convert string to float: '2023-12-24T00:00:00+00:00'
2024-10-31 10:22:47,417 - portfolio.stats - WARNING - Error processing week data: could not convert string to float: '2023-12-31T00:00:00+00:00'
2024-10-31 10:22:47,418 - portfolio.stats - WARNING - Error processing week data: could not convert string to float: '2024-01-07T00:00:00+00:00'
2024-10-31 10:22:47,420 - portfolio.stats - WARNING - Error processing week data: could not convert string to float: '2024-01-14T00:00:00+00:00'
2024-10-31 10:22:47,421 - portfolio.stats - WARNING - Error processing week data: could not convert string to float: '2024-01-21T00:00:00+00:00'
2024-10-31 10:22:47,423 - portfolio.stats - WARNING - Error processing week data: could not convert string to float: '2024-01-28T00:00:00+00:00'
2024-10-31 10:22:47,424 - portfolio.stats - WARNING - Error processing week data: could not convert string to float: '2024-02-04T00:00:00+00:00'
2024-10-31 10:22:47,426 - portfolio.stats - WARNING - Error processing week data: could not convert string to float: '2024-02-11T00:00:00+00:00'
2024-10-31 10:22:47,427 - portfolio.stats - WARNING - Error processing week data: could not convert string to float: '2024-02-18T00:00:00+00:00'
2024-10-31 10:22:47,429 - portfolio.stats - WARNING - Error processing week data: could not convert string to float: '2024-02-25T00:00:00+00:00'
2024-10-31 10:22:47,430 - portfolio.stats - WARNING - Error processing week data: could not convert string to float: '2024-03-03T00:00:00+00:00'
2024-10-31 10:22:47,431 - portfolio.stats - WARNING - Error processing week data: could not convert string to float: '2024-03-10T00:00:00+00:00'
2024-10-31 10:22:47,432 - portfolio.stats - WARNING - Error processing week data: could not convert string to float: '2024-03-17T00:00:00+00:00'
2024-10-31 10:22:47,434 - portfolio.stats - WARNING - Error processing week data: could not convert string to float: '2024-03-24T00:00:00+00:00'
2024-10-31 10:22:47,435 - portfolio.stats - WARNING - Error processing week data: could not convert string to float: '2024-03-31T00:00:00+00:00'
2024-10-31 10:22:47,436 - portfolio.stats - WARNING - Error processing week data: could not convert string to float: '2024-04-07T00:00:00+00:00'
2024-10-31 10:22:47,437 - portfolio.stats - WARNING - Error processing week data: could not convert string to float: '2024-04-14T00:00:00+00:00'
2024-10-31 10:22:47,438 - portfolio.stats - WARNING - Error processing week data: could not convert string to float: '2024-04-21T00:00:00+00:00'
2024-10-31 10:22:47,440 - portfolio.stats - WARNING - Error processing week data: could not convert string to float: '2024-04-28T00:00:00+00:00'
2024-10-31 10:22:47,441 - portfolio.stats - WARNING - Error processing week data: could not convert string to float: '2024-05-05T00:00:00+00:00'
2024-10-31 10:22:47,442 - portfolio.stats - WARNING - Error processing week data: could not convert string to float: '2024-05-12T00:00:00+00:00'
2024-10-31 10:22:47,443 - portfolio.stats - WARNING - Error processing week data: could not convert string to float: '2024-05-19T00:00:00+00:00'
2024-10-31 10:22:47,444 - portfolio.stats - WARNING - Error processing week data: could not convert string to float: '2024-05-26T00:00:00+00:00'
2024-10-31 10:22:47,446 - portfolio.stats - WARNING - Error processing week data: could not convert string to float: '2024-06-02T00:00:00+00:00'
2024-10-31 10:22:47,447 - portfolio.stats - WARNING - Error processing week data: could not convert string to float: '2024-06-09T00:00:00+00:00'
2024-10-31 10:22:47,448 - portfolio.stats - WARNING - Error processing week data: could not convert string to float: '2024-06-16T00:00:00+00:00'
2024-10-31 10:22:47,449 - portfolio.stats - WARNING - Error processing week data: could not convert string to float: '2024-06-23T00:00:00+00:00'
2024-10-31 10:22:47,451 - portfolio.stats - WARNING - Error processing week data: could not convert string to float: '2024-06-30T00:00:00+00:00'
2024-10-31 10:22:47,452 - portfolio.stats - WARNING - Error processing week data: could not convert string to float: '2024-07-07T00:00:00+00:00'
2024-10-31 10:22:47,453 - portfolio.stats - WARNING - Error processing week data: could not convert string to float: '2024-07-14T00:00:00+00:00'
2024-10-31 10:22:47,454 - portfolio.stats - WARNING - Error processing week data: could not convert string to float: '2024-07-21T00:00:00+00:00'
2024-10-31 10:22:47,456 - portfolio.stats - WARNING - Error processing week data: could not convert string to float: '2024-07-28T00:00:00+00:00'
2024-10-31 10:22:47,457 - portfolio.stats - WARNING - Error processing week data: could not convert string to float: '2024-08-04T00:00:00+00:00'
2024-10-31 10:22:47,458 - portfolio.stats - WARNING - Error processing week data: could not convert string to float: '2024-08-11T00:00:00+00:00'
2024-10-31 10:22:47,459 - portfolio.stats - WARNING - Error processing week data: could not convert string to float: '2024-08-18T00:00:00+00:00'
2024-10-31 10:22:47,461 - portfolio.stats - WARNING - Error processing week data: could not convert string to float: '2024-08-25T00:00:00+00:00'
2024-10-31 10:22:47,462 - portfolio.stats - WARNING - Error processing week data: could not convert string to float: '2024-09-01T00:00:00+00:00'
2024-10-31 10:22:47,463 - portfolio.stats - WARNING - Error processing week data: could not convert string to float: '2024-09-08T00:00:00+00:00'
2024-10-31 10:22:47,464 - portfolio.stats - WARNING - Error processing week data: could not convert string to float: '2024-09-15T00:00:00+00:00'
2024-10-31 10:22:47,466 - portfolio.stats - WARNING - Error processing week data: could not convert string to float: '2024-09-22T00:00:00+00:00'
2024-10-31 10:22:47,467 - portfolio.stats - WARNING - Error processing week data: could not convert string to float: '2024-09-29T00:00:00+00:00'
2024-10-31 10:22:47,468 - portfolio.stats - WARNING - Error processing week data: could not convert string to float: '2024-10-06T00:00:00+00:00'
2024-10-31 10:22:47,469 - portfolio.stats - WARNING - Error processing week data: could not convert string to float: '2024-10-13T00:00:00+00:00'
2024-10-31 10:22:47,470 - portfolio.stats - WARNING - Error processing week data: could not convert string to float: '2024-10-20T00:00:00+00:00'
2024-10-31 10:22:47,472 - portfolio.stats - WARNING - Error processing week data: could not convert string to float: '2024-10-27T00:00:00+00:00'
2024-10-31 10:22:47,473 - portfolio.stats - WARNING - Error processing week data: could not convert string to float: '2023-11-05T00:00:00+00:00'
2024-10-31 10:22:47,474 - portfolio.stats - WARNING - Error processing week data: could not convert string to float: '2023-11-12T00:00:00+00:00'
2024-10-31 10:22:47,475 - portfolio.stats - WARNING - Error processing week data: could not convert string to float: '2023-11-19T00:00:00+00:00'
2024-10-31 10:22:47,477 - portfolio.stats - WARNING - Error processing week data: could not convert string to float: '2023-11-26T00:00:00+00:00'
2024-10-31 10:22:47,478 - portfolio.stats - WARNING - Error processing week data: could not convert string to float: '2023-12-03T00:00:00+00:00'
2024-10-31 10:22:47,479 - portfolio.stats - WARNING - Error processing week data: could not convert string to float: '2023-12-10T00:00:00+00:00'
2024-10-31 10:22:47,480 - portfolio.stats - WARNING - Error processing week data: could not convert string to float: '2023-12-17T00:00:00+00:00'
2024-10-31 10:22:47,482 - portfolio.stats - WARNING - Error processing week data: could not convert string to float: '2023-12-24T00:00:00+00:00'
2024-10-31 10:22:47,483 - portfolio.stats - WARNING - Error processing week data: could not convert string to float: '2023-12-31T00:00:00+00:00'
2024-10-31 10:22:47,484 - portfolio.stats - WARNING - Error processing week data: could not convert string to float: '2024-01-07T00:00:00+00:00'
2024-10-31 10:22:47,485 - portfolio.stats - WARNING - Error processing week data: could not convert string to float: '2024-01-14T00:00:00+00:00'
2024-10-31 10:22:47,487 - portfolio.stats - WARNING - Error processing week data: could not convert string to float: '2024-01-21T00:00:00+00:00'
2024-10-31 10:22:47,488 - portfolio.stats - WARNING - Error processing week data: could not convert string to float: '2024-01-28T00:00:00+00:00'
2024-10-31 10:22:47,489 - portfolio.stats - WARNING - Error processing week data: could not convert string to float: '2024-02-04T00:00:00+00:00'
2024-10-31 10:22:47,490 - portfolio.stats - WARNING - Error processing week data: could not convert string to float: '2024-02-11T00:00:00+00:00'
2024-10-31 10:22:47,492 - portfolio.stats - WARNING - Error processing week data: could not convert string to float: '2024-02-18T00:00:00+00:00'
2024-10-31 10:22:47,493 - portfolio.stats - WARNING - Error processing week data: could not convert string to float: '2024-02-25T00:00:00+00:00'
2024-10-31 10:22:47,494 - portfolio.stats - WARNING - Error processing week data: could not convert string to float: '2024-03-03T00:00:00+00:00'
2024-10-31 10:22:47,495 - portfolio.stats - WARNING - Error processing week data: could not convert string to float: '2024-03-10T00:00:00+00:00'
2024-10-31 10:22:47,497 - portfolio.stats - WARNING - Error processing week data: could not convert string to float: '2024-03-17T00:00:00+00:00'
2024-10-31 10:22:47,498 - portfolio.stats - WARNING - Error processing week data: could not convert string to float: '2024-03-24T00:00:00+00:00'
2024-10-31 10:22:47,500 - portfolio.stats - WARNING - Error processing week data: could not convert string to float: '2024-03-31T00:00:00+00:00'
2024-10-31 10:22:47,502 - portfolio.stats - WARNING - Error processing week data: could not convert string to float: '2024-04-07T00:00:00+00:00'
2024-10-31 10:22:47,503 - portfolio.stats - WARNING - Error processing week data: could not convert string to float: '2024-04-14T00:00:00+00:00'
2024-10-31 10:22:47,505 - portfolio.stats - WARNING - Error processing week data: could not convert string to float: '2024-04-21T00:00:00+00:00'
2024-10-31 10:22:47,506 - portfolio.stats - WARNING - Error processing week data: could not convert string to float: '2024-04-28T00:00:00+00:00'
2024-10-31 10:22:47,508 - portfolio.stats - WARNING - Error processing week data: could not convert string to float: '2024-05-05T00:00:00+00:00'
2024-10-31 10:22:47,509 - portfolio.stats - WARNING - Error processing week data: could not convert string to float: '2024-05-12T00:00:00+00:00'
2024-10-31 10:22:47,511 - portfolio.stats - WARNING - Error processing week data: could not convert string to float: '2024-05-19T00:00:00+00:00'
2024-10-31 10:22:47,513 - portfolio.stats - WARNING - Error processing week data: could not convert string to float: '2024-05-26T00:00:00+00:00'
2024-10-31 10:22:47,514 - portfolio.stats - WARNING - Error processing week data: could not convert string to float: '2024-06-02T00:00:00+00:00'
2024-10-31 10:22:47,516 - portfolio.stats - WARNING - Error processing week data: could not convert string to float: '2024-06-09T00:00:00+00:00'
2024-10-31 10:22:47,517 - portfolio.stats - WARNING - Error processing week data: could not convert string to float: '2024-06-16T00:00:00+00:00'
2024-10-31 10:22:47,519 - portfolio.stats - WARNING - Error processing week data: could not convert string to float: '2024-06-23T00:00:00+00:00'
2024-10-31 10:22:47,520 - portfolio.stats - WARNING - Error processing week data: could not convert string to float: '2024-06-30T00:00:00+00:00'
2024-10-31 10:22:47,522 - portfolio.stats - WARNING - Error processing week data: could not convert string to float: '2024-07-07T00:00:00+00:00'
2024-10-31 10:22:47,523 - portfolio.stats - WARNING - Error processing week data: could not convert string to float: '2024-07-14T00:00:00+00:00'
2024-10-31 10:22:47,525 - portfolio.stats - WARNING - Error processing week data: could not convert string to float: '2024-07-21T00:00:00+00:00'
2024-10-31 10:22:47,526 - portfolio.stats - WARNING - Error processing week data: could not convert string to float: '2024-07-28T00:00:00+00:00'
2024-10-31 10:22:47,528 - portfolio.stats - WARNING - Error processing week data: could not convert string to float: '2024-08-04T00:00:00+00:00'
2024-10-31 10:22:47,530 - portfolio.stats - WARNING - Error processing week data: could not convert string to float: '2024-08-11T00:00:00+00:00'
2024-10-31 10:22:47,531 - portfolio.stats - WARNING - Error processing week data: could not convert string to float: '2024-08-18T00:00:00+00:00'
2024-10-31 10:22:47,533 - portfolio.stats - WARNING - Error processing week data: could not convert string to float: '2024-08-25T00:00:00+00:00'
2024-10-31 10:22:47,534 - portfolio.stats - WARNING - Error processing week data: could not convert string to float: '2024-09-01T00:00:00+00:00'
2024-10-31 10:22:47,536 - portfolio.stats - WARNING - Error processing week data: could not convert string to float: '2024-09-08T00:00:00+00:00'
2024-10-31 10:22:47,538 - portfolio.stats - WARNING - Error processing week data: could not convert string to float: '2024-09-15T00:00:00+00:00'
2024-10-31 10:22:47,539 - portfolio.stats - WARNING - Error processing week data: could not convert string to float: '2024-09-22T00:00:00+00:00'
2024-10-31 10:22:47,541 - portfolio.stats - WARNING - Error processing week data: could not convert string to float: '2024-09-29T00:00:00+00:00'
2024-10-31 10:22:47,542 - portfolio.stats - WARNING - Error processing week data: could not convert string to float: '2024-10-06T00:00:00+00:00'
2024-10-31 10:22:47,544 - portfolio.stats - WARNING - Error processing week data: could not convert string to float: '2024-10-13T00:00:00+00:00'
2024-10-31 10:22:47,545 - portfolio.stats - WARNING - Error processing week data: could not convert string to float: '2024-10-20T00:00:00+00:00'
2024-10-31 10:22:47,547 - portfolio.stats - WARNING - Error processing week data: could not convert string to float: '2024-10-27T00:00:00+00:00'
2024-10-31 10:22:47,548 - portfolio.stats - WARNING - Error processing week data: could not convert string to float: '2023-11-05T00:00:00+00:00'
2024-10-31 10:22:47,550 - portfolio.stats - WARNING - Error processing week data: could not convert string to float: '2023-11-12T00:00:00+00:00'
2024-10-31 10:22:47,552 - portfolio.stats - WARNING - Error processing week data: could not convert string to float: '2023-11-19T00:00:00+00:00'
2024-10-31 10:22:47,553 - portfolio.stats - WARNING - Error processing week data: could not convert string to float: '2023-11-26T00:00:00+00:00'
2024-10-31 10:22:47,555 - portfolio.stats - WARNING - Error processing week data: could not convert string to float: '2023-12-03T00:00:00+00:00'
2024-10-31 10:22:47,556 - portfolio.stats - WARNING - Error processing week data: could not convert string to float: '2023-12-10T00:00:00+00:00'
2024-10-31 10:22:47,558 - portfolio.stats - WARNING - Error processing week data: could not convert string to float: '2023-12-17T00:00:00+00:00'
2024-10-31 10:22:47,559 - portfolio.stats - WARNING - Error processing week data: could not convert string to float: '2023-12-24T00:00:00+00:00'
2024-10-31 10:22:47,561 - portfolio.stats - WARNING - Error processing week data: could not convert string to float: '2023-12-31T00:00:00+00:00'
2024-10-31 10:22:47,562 - portfolio.stats - WARNING - Error processing week data: could not convert string to float: '2024-01-07T00:00:00+00:00'
2024-10-31 10:22:47,564 - portfolio.stats - WARNING - Error processing week data: could not convert string to float: '2024-01-14T00:00:00+00:00'
2024-10-31 10:22:47,565 - portfolio.stats - WARNING - Error processing week data: could not convert string to float: '2024-01-21T00:00:00+00:00'
2024-10-31 10:22:47,567 - portfolio.stats - WARNING - Error processing week data: could not convert string to float: '2024-01-28T00:00:00+00:00'
2024-10-31 10:22:47,569 - portfolio.stats - WARNING - Error processing week data: could not convert string to float: '2024-02-04T00:00:00+00:00'
2024-10-31 10:22:47,570 - portfolio.stats - WARNING - Error processing week data: could not convert string to float: '2024-02-11T00:00:00+00:00'
2024-10-31 10:22:47,572 - portfolio.stats - WARNING - Error processing week data: could not convert string to float: '2024-02-18T00:00:00+00:00'
2024-10-31 10:22:47,573 - portfolio.stats - WARNING - Error processing week data: could not convert string to float: '2024-02-25T00:00:00+00:00'
2024-10-31 10:22:47,575 - portfolio.stats - WARNING - Error processing week data: could not convert string to float: '2024-03-03T00:00:00+00:00'
2024-10-31 10:22:47,576 - portfolio.stats - WARNING - Error processing week data: could not convert string to float: '2024-03-10T00:00:00+00:00'
2024-10-31 10:22:47,578 - portfolio.stats - WARNING - Error processing week data: could not convert string to float: '2024-03-17T00:00:00+00:00'
2024-10-31 10:22:47,579 - portfolio.stats - WARNING - Error processing week data: could not convert string to float: '2024-03-24T00:00:00+00:00'
2024-10-31 10:22:47,581 - portfolio.stats - WARNING - Error processing week data: could not convert string to float: '2024-03-31T00:00:00+00:00'
2024-10-31 10:22:47,582 - portfolio.stats - WARNING - Error processing week data: could not convert string to float: '2024-04-07T00:00:00+00:00'
2024-10-31 10:22:47,584 - portfolio.stats - WARNING - Error processing week data: could not convert string to float: '2024-04-14T00:00:00+00:00'
2024-10-31 10:22:47,586 - portfolio.stats - WARNING - Error processing week data: could not convert string to float: '2024-04-21T00:00:00+00:00'
2024-10-31 10:22:47,587 - portfolio.stats - WARNING - Error processing week data: could not convert string to float: '2024-04-28T00:00:00+00:00'
2024-10-31 10:22:47,589 - portfolio.stats - WARNING - Error processing week data: could not convert string to float: '2024-05-05T00:00:00+00:00'
2024-10-31 10:22:47,590 - portfolio.stats - WARNING - Error processing week data: could not convert string to float: '2024-05-12T00:00:00+00:00'
2024-10-31 10:22:47,592 - portfolio.stats - WARNING - Error processing week data: could not convert string to float: '2024-05-19T00:00:00+00:00'
2024-10-31 10:22:47,593 - portfolio.stats - WARNING - Error processing week data: could not convert string to float: '2024-05-26T00:00:00+00:00'
2024-10-31 10:22:47,595 - portfolio.stats - WARNING - Error processing week data: could not convert string to float: '2024-06-02T00:00:00+00:00'
2024-10-31 10:22:47,596 - portfolio.stats - WARNING - Error processing week data: could not convert string to float: '2024-06-09T00:00:00+00:00'
2024-10-31 10:22:47,598 - portfolio.stats - WARNING - Error processing week data: could not convert string to float: '2024-06-16T00:00:00+00:00'
2024-10-31 10:22:47,600 - portfolio.stats - WARNING - Error processing week data: could not convert string to float: '2024-06-23T00:00:00+00:00'
2024-10-31 10:22:47,601 - portfolio.stats - WARNING - Error processing week data: could not convert string to float: '2024-06-30T00:00:00+00:00'
2024-10-31 10:22:47,603 - portfolio.stats - WARNING - Error processing week data: could not convert string to float: '2024-07-07T00:00:00+00:00'
2024-10-31 10:22:47,604 - portfolio.stats - WARNING - Error processing week data: could not convert string to float: '2024-07-14T00:00:00+00:00'
2024-10-31 10:22:47,606 - portfolio.stats - WARNING - Error processing week data: could not convert string to float: '2024-07-21T00:00:00+00:00'
2024-10-31 10:22:47,607 - portfolio.stats - WARNING - Error processing week data: could not convert string to float: '2024-07-28T00:00:00+00:00'
2024-10-31 10:22:47,609 - portfolio.stats - WARNING - Error processing week data: could not convert string to float: '2024-08-04T00:00:00+00:00'
2024-10-31 10:22:47,610 - portfolio.stats - WARNING - Error processing week data: could not convert string to float: '2024-08-11T00:00:00+00:00'
2024-10-31 10:22:47,612 - portfolio.stats - WARNING - Error processing week data: could not convert string to float: '2024-08-18T00:00:00+00:00'
2024-10-31 10:22:47,614 - portfolio.stats - WARNING - Error processing week data: could not convert string to float: '2024-08-25T00:00:00+00:00'
2024-10-31 10:22:47,615 - portfolio.stats - WARNING - Error processing week data: could not convert string to float: '2024-09-01T00:00:00+00:00'
2024-10-31 10:22:47,617 - portfolio.stats - WARNING - Error processing week data: could not convert string to float: '2024-09-08T00:00:00+00:00'
2024-10-31 10:22:47,618 - portfolio.stats - WARNING - Error processing week data: could not convert string to float: '2024-09-15T00:00:00+00:00'
2024-10-31 10:22:47,620 - portfolio.stats - WARNING - Error processing week data: could not convert string to float: '2024-09-22T00:00:00+00:00'
2024-10-31 10:22:47,621 - portfolio.stats - WARNING - Error processing week data: could not convert string to float: '2024-09-29T00:00:00+00:00'
2024-10-31 10:22:47,623 - portfolio.stats - WARNING - Error processing week data: could not convert string to float: '2024-10-06T00:00:00+00:00'
2024-10-31 10:22:47,625 - portfolio.stats - WARNING - Error processing week data: could not convert string to float: '2024-10-13T00:00:00+00:00'
2024-10-31 10:22:47,626 - portfolio.stats - WARNING - Error processing week data: could not convert string to float: '2024-10-20T00:00:00+00:00'
2024-10-31 10:22:47,628 - portfolio.stats - WARNING - Error processing week data: could not convert string to float: '2024-10-27T00:00:00+00:00'
2024-10-31 10:22:47,629 - portfolio.stats - WARNING - Error processing week data: could not convert string to float: '2023-11-05T00:00:00+00:00'
2024-10-31 10:22:47,631 - portfolio.stats - WARNING - Error processing week data: could not convert string to float: '2023-11-12T00:00:00+00:00'
2024-10-31 10:22:47,632 - portfolio.stats - WARNING - Error processing week data: could not convert string to float: '2023-11-19T00:00:00+00:00'
2024-10-31 10:22:47,634 - portfolio.stats - WARNING - Error processing week data: could not convert string to float: '2023-11-26T00:00:00+00:00'
2024-10-31 10:22:47,635 - portfolio.stats - WARNING - Error processing week data: could not convert string to float: '2023-12-03T00:00:00+00:00'
2024-10-31 10:22:47,637 - portfolio.stats - WARNING - Error processing week data: could not convert string to float: '2023-12-10T00:00:00+00:00'
2024-10-31 10:22:47,638 - portfolio.stats - WARNING - Error processing week data: could not convert string to float: '2023-12-17T00:00:00+00:00'
2024-10-31 10:22:47,640 - portfolio.stats - WARNING - Error processing week data: could not convert string to float: '2023-12-24T00:00:00+00:00'
2024-10-31 10:22:47,641 - portfolio.stats - WARNING - Error processing week data: could not convert string to float: '2023-12-31T00:00:00+00:00'
2024-10-31 10:22:47,642 - portfolio.stats - WARNING - Error processing week data: could not convert string to float: '2024-01-07T00:00:00+00:00'
2024-10-31 10:22:47,643 - portfolio.stats - WARNING - Error processing week data: could not convert string to float: '2024-01-14T00:00:00+00:00'
2024-10-31 10:22:47,644 - portfolio.stats - WARNING - Error processing week data: could not convert string to float: '2024-01-21T00:00:00+00:00'
2024-10-31 10:22:47,646 - portfolio.stats - WARNING - Error processing week data: could not convert string to float: '2024-01-28T00:00:00+00:00'
2024-10-31 10:22:47,647 - portfolio.stats - WARNING - Error processing week data: could not convert string to float: '2024-02-04T00:00:00+00:00'
2024-10-31 10:22:47,648 - portfolio.stats - WARNING - Error processing week data: could not convert string to float: '2024-02-11T00:00:00+00:00'
2024-10-31 10:22:47,649 - portfolio.stats - WARNING - Error processing week data: could not convert string to float: '2024-02-18T00:00:00+00:00'
2024-10-31 10:22:47,651 - portfolio.stats - WARNING - Error processing week data: could not convert string to float: '2024-02-25T00:00:00+00:00'
2024-10-31 10:22:47,652 - portfolio.stats - WARNING - Error processing week data: could not convert string to float: '2024-03-03T00:00:00+00:00'
2024-10-31 10:22:47,653 - portfolio.stats - WARNING - Error processing week data: could not convert string to float: '2024-03-10T00:00:00+00:00'
2024-10-31 10:22:47,654 - portfolio.stats - WARNING - Error processing week data: could not convert string to float: '2024-03-17T00:00:00+00:00'
2024-10-31 10:22:47,656 - portfolio.stats - WARNING - Error processing week data: could not convert string to float: '2024-03-24T00:00:00+00:00'
2024-10-31 10:22:47,657 - portfolio.stats - WARNING - Error processing week data: could not convert string to float: '2024-03-31T00:00:00+00:00'
2024-10-31 10:22:47,658 - portfolio.stats - WARNING - Error processing week data: could not convert string to float: '2024-04-07T00:00:00+00:00'
2024-10-31 10:22:47,659 - portfolio.stats - WARNING - Error processing week data: could not convert string to float: '2024-04-14T00:00:00+00:00'
2024-10-31 10:22:47,661 - portfolio.stats - WARNING - Error processing week data: could not convert string to float: '2024-04-21T00:00:00+00:00'
2024-10-31 10:22:47,662 - portfolio.stats - WARNING - Error processing week data: could not convert string to float: '2024-04-28T00:00:00+00:00'
2024-10-31 10:22:47,663 - portfolio.stats - WARNING - Error processing week data: could not convert string to float: '2024-05-05T00:00:00+00:00'
2024-10-31 10:22:47,664 - portfolio.stats - WARNING - Error processing week data: could not convert string to float: '2024-05-12T00:00:00+00:00'
2024-10-31 10:22:47,666 - portfolio.stats - WARNING - Error processing week data: could not convert string to float: '2024-05-19T00:00:00+00:00'
2024-10-31 10:22:47,667 - portfolio.stats - WARNING - Error processing week data: could not convert string to float: '2024-05-26T00:00:00+00:00'
2024-10-31 10:22:47,668 - portfolio.stats - WARNING - Error processing week data: could not convert string to float: '2024-06-02T00:00:00+00:00'
2024-10-31 10:22:47,669 - portfolio.stats - WARNING - Error processing week data: could not convert string to float: '2024-06-09T00:00:00+00:00'
2024-10-31 10:22:47,671 - portfolio.stats - WARNING - Error processing week data: could not convert string to float: '2024-06-16T00:00:00+00:00'
2024-10-31 10:22:47,672 - portfolio.stats - WARNING - Error processing week data: could not convert string to float: '2024-06-23T00:00:00+00:00'
2024-10-31 10:22:47,673 - portfolio.stats - WARNING - Error processing week data: could not convert string to float: '2024-06-30T00:00:00+00:00'
2024-10-31 10:22:47,674 - portfolio.stats - WARNING - Error processing week data: could not convert string to float: '2024-07-07T00:00:00+00:00'
2024-10-31 10:22:47,676 - portfolio.stats - WARNING - Error processing week data: could not convert string to float: '2024-07-14T00:00:00+00:00'
2024-10-31 10:22:47,677 - portfolio.stats - WARNING - Error processing week data: could not convert string to float: '2024-07-21T00:00:00+00:00'
2024-10-31 10:22:47,678 - portfolio.stats - WARNING - Error processing week data: could not convert string to float: '2024-07-28T00:00:00+00:00'
2024-10-31 10:22:47,679 - portfolio.stats - WARNING - Error processing week data: could not convert string to float: '2024-08-04T00:00:00+00:00'
2024-10-31 10:22:47,680 - portfolio.stats - WARNING - Error processing week data: could not convert string to float: '2024-08-11T00:00:00+00:00'
2024-10-31 10:22:47,681 - portfolio.stats - WARNING - Error processing week data: could not convert string to float: '2024-08-18T00:00:00+00:00'
2024-10-31 10:22:47,683 - portfolio.stats - WARNING - Error processing week data: could not convert string to float: '2024-08-25T00:00:00+00:00'
2024-10-31 10:22:47,684 - portfolio.stats - WARNING - Error processing week data: could not convert string to float: '2024-09-01T00:00:00+00:00'
2024-10-31 10:22:47,685 - portfolio.stats - WARNING - Error processing week data: could not convert string to float: '2024-09-08T00:00:00+00:00'
2024-10-31 10:22:47,686 - portfolio.stats - WARNING - Error processing week data: could not convert string to float: '2024-09-15T00:00:00+00:00'
2024-10-31 10:22:47,687 - portfolio.stats - WARNING - Error processing week data: could not convert string to float: '2024-09-22T00:00:00+00:00'
2024-10-31 10:22:47,689 - portfolio.stats - WARNING - Error processing week data: could not convert string to float: '2024-09-29T00:00:00+00:00'
2024-10-31 10:22:47,690 - portfolio.stats - WARNING - Error processing week data: could not convert string to float: '2024-10-06T00:00:00+00:00'
2024-10-31 10:22:47,691 - portfolio.stats - WARNING - Error processing week data: could not convert string to float: '2024-10-13T00:00:00+00:00'
2024-10-31 10:22:47,692 - portfolio.stats - WARNING - Error processing week data: could not convert string to float: '2024-10-20T00:00:00+00:00'
2024-10-31 10:22:47,694 - portfolio.stats - WARNING - Error processing week data: could not convert string to float: '2024-10-27T00:00:00+00:00'
2024-10-31 10:22:47,697 - portfolio.stats - WARNING - Error processing week data: could not convert string to float: '2023-11-05T00:00:00+00:00'
2024-10-31 10:22:47,699 - portfolio.stats - WARNING - Error processing week data: could not convert string to float: '2023-11-12T00:00:00+00:00'
2024-10-31 10:22:47,701 - portfolio.stats - WARNING - Error processing week data: could not convert string to float: '2023-11-19T00:00:00+00:00'
2024-10-31 10:22:47,703 - portfolio.stats - WARNING - Error processing week data: could not convert string to float: '2023-11-26T00:00:00+00:00'
2024-10-31 10:22:47,704 - portfolio.stats - WARNING - Error processing week data: could not convert string to float: '2023-12-03T00:00:00+00:00'
2024-10-31 10:22:47,705 - portfolio.stats - WARNING - Error processing week data: could not convert string to float: '2023-12-10T00:00:00+00:00'
2024-10-31 10:22:47,707 - portfolio.stats - WARNING - Error processing week data: could not convert string to float: '2023-12-17T00:00:00+00:00'
2024-10-31 10:22:47,708 - portfolio.stats - WARNING - Error processing week data: could not convert string to float: '2023-12-24T00:00:00+00:00'
2024-10-31 10:22:47,709 - portfolio.stats - WARNING - Error processing week data: could not convert string to float: '2023-12-31T00:00:00+00:00'
2024-10-31 10:22:47,710 - portfolio.stats - WARNING - Error processing week data: could not convert string to float: '2024-01-07T00:00:00+00:00'
2024-10-31 10:22:47,712 - portfolio.stats - WARNING - Error processing week data: could not convert string to float: '2024-01-14T00:00:00+00:00'
2024-10-31 10:22:47,713 - portfolio.stats - WARNING - Error processing week data: could not convert string to float: '2024-01-21T00:00:00+00:00'
2024-10-31 10:22:47,714 - portfolio.stats - WARNING - Error processing week data: could not convert string to float: '2024-01-28T00:00:00+00:00'
2024-10-31 10:22:47,715 - portfolio.stats - WARNING - Error processing week data: could not convert string to float: '2024-02-04T00:00:00+00:00'
2024-10-31 10:22:47,717 - portfolio.stats - WARNING - Error processing week data: could not convert string to float: '2024-02-11T00:00:00+00:00'
2024-10-31 10:22:47,718 - portfolio.stats - WARNING - Error processing week data: could not convert string to float: '2024-02-18T00:00:00+00:00'
2024-10-31 10:22:47,719 - portfolio.stats - WARNING - Error processing week data: could not convert string to float: '2024-02-25T00:00:00+00:00'
2024-10-31 10:22:47,720 - portfolio.stats - WARNING - Error processing week data: could not convert string to float: '2024-03-03T00:00:00+00:00'
2024-10-31 10:22:47,722 - portfolio.stats - WARNING - Error processing week data: could not convert string to float: '2024-03-10T00:00:00+00:00'
2024-10-31 10:22:47,723 - portfolio.stats - WARNING - Error processing week data: could not convert string to float: '2024-03-17T00:00:00+00:00'
2024-10-31 10:22:47,724 - portfolio.stats - WARNING - Error processing week data: could not convert string to float: '2024-03-24T00:00:00+00:00'
2024-10-31 10:22:47,725 - portfolio.stats - WARNING - Error processing week data: could not convert string to float: '2024-03-31T00:00:00+00:00'
2024-10-31 10:22:47,727 - portfolio.stats - WARNING - Error processing week data: could not convert string to float: '2024-04-07T00:00:00+00:00'
2024-10-31 10:22:47,728 - portfolio.stats - WARNING - Error processing week data: could not convert string to float: '2024-04-14T00:00:00+00:00'
2024-10-31 10:22:47,729 - portfolio.stats - WARNING - Error processing week data: could not convert string to float: '2024-04-21T00:00:00+00:00'
2024-10-31 10:22:47,730 - portfolio.stats - WARNING - Error processing week data: could not convert string to float: '2024-04-28T00:00:00+00:00'
2024-10-31 10:22:47,732 - portfolio.stats - WARNING - Error processing week data: could not convert string to float: '2024-05-05T00:00:00+00:00'
2024-10-31 10:22:47,733 - portfolio.stats - WARNING - Error processing week data: could not convert string to float: '2024-05-12T00:00:00+00:00'
2024-10-31 10:22:47,734 - portfolio.stats - WARNING - Error processing week data: could not convert string to float: '2024-05-19T00:00:00+00:00'
2024-10-31 10:22:47,735 - portfolio.stats - WARNING - Error processing week data: could not convert string to float: '2024-05-26T00:00:00+00:00'
2024-10-31 10:22:47,737 - portfolio.stats - WARNING - Error processing week data: could not convert string to float: '2024-06-02T00:00:00+00:00'
2024-10-31 10:22:47,738 - portfolio.stats - WARNING - Error processing week data: could not convert string to float: '2024-06-09T00:00:00+00:00'
2024-10-31 10:22:47,739 - portfolio.stats - WARNING - Error processing week data: could not convert string to float: '2024-06-16T00:00:00+00:00'
2024-10-31 10:22:47,740 - portfolio.stats - WARNING - Error processing week data: could not convert string to float: '2024-06-23T00:00:00+00:00'
2024-10-31 10:22:47,742 - portfolio.stats - WARNING - Error processing week data: could not convert string to float: '2024-06-30T00:00:00+00:00'
2024-10-31 10:22:47,743 - portfolio.stats - WARNING - Error processing week data: could not convert string to float: '2024-07-07T00:00:00+00:00'
2024-10-31 10:22:47,744 - portfolio.stats - WARNING - Error processing week data: could not convert string to float: '2024-07-14T00:00:00+00:00'
2024-10-31 10:22:47,745 - portfolio.stats - WARNING - Error processing week data: could not convert string to float: '2024-07-21T00:00:00+00:00'
2024-10-31 10:22:47,747 - portfolio.stats - WARNING - Error processing week data: could not convert string to float: '2024-07-28T00:00:00+00:00'
2024-10-31 10:22:47,748 - portfolio.stats - WARNING - Error processing week data: could not convert string to float: '2024-08-04T00:00:00+00:00'
2024-10-31 10:22:47,749 - portfolio.stats - WARNING - Error processing week data: could not convert string to float: '2024-08-11T00:00:00+00:00'
2024-10-31 10:22:47,750 - portfolio.stats - WARNING - Error processing week data: could not convert string to float: '2024-08-18T00:00:00+00:00'
2024-10-31 10:22:47,751 - portfolio.stats - WARNING - Error processing week data: could not convert string to float: '2024-08-25T00:00:00+00:00'
2024-10-31 10:22:47,753 - portfolio.stats - WARNING - Error processing week data: could not convert string to float: '2024-09-01T00:00:00+00:00'
2024-10-31 10:22:47,754 - portfolio.stats - WARNING - Error processing week data: could not convert string to float: '2024-09-08T00:00:00+00:00'
2024-10-31 10:22:47,755 - portfolio.stats - WARNING - Error processing week data: could not convert string to float: '2024-09-15T00:00:00+00:00'
2024-10-31 10:22:47,756 - portfolio.stats - WARNING - Error processing week data: could not convert string to float: '2024-09-22T00:00:00+00:00'
2024-10-31 10:22:47,758 - portfolio.stats - WARNING - Error processing week data: could not convert string to float: '2024-09-29T00:00:00+00:00'
2024-10-31 10:22:47,759 - portfolio.stats - WARNING - Error processing week data: could not convert string to float: '2024-10-06T00:00:00+00:00'
2024-10-31 10:22:47,761 - portfolio.stats - WARNING - Error processing week data: could not convert string to float: '2024-10-13T00:00:00+00:00'
2024-10-31 10:22:47,762 - portfolio.stats - WARNING - Error processing week data: could not convert string to float: '2024-10-20T00:00:00+00:00'
2024-10-31 10:22:47,763 - portfolio.stats - WARNING - Error processing week data: could not convert string to float: '2024-10-27T00:00:00+00:00'
2024-10-31 10:22:47,765 - portfolio.stats - WARNING - Error processing week data: could not convert string to float: '2023-11-05T00:00:00+00:00'
2024-10-31 10:22:47,766 - portfolio.stats - WARNING - Error processing week data: could not convert string to float: '2023-11-12T00:00:00+00:00'
2024-10-31 10:22:47,767 - portfolio.stats - WARNING - Error processing week data: could not convert string to float: '2023-11-19T00:00:00+00:00'
2024-10-31 10:22:47,769 - portfolio.stats - WARNING - Error processing week data: could not convert string to float: '2023-11-26T00:00:00+00:00'
2024-10-31 10:22:47,770 - portfolio.stats - WARNING - Error processing week data: could not convert string to float: '2023-12-03T00:00:00+00:00'
2024-10-31 10:22:47,772 - portfolio.stats - WARNING - Error processing week data: could not convert string to float: '2023-12-10T00:00:00+00:00'
2024-10-31 10:22:47,773 - portfolio.stats - WARNING - Error processing week data: could not convert string to float: '2023-12-17T00:00:00+00:00'
2024-10-31 10:22:47,774 - portfolio.stats - WARNING - Error processing week data: could not convert string to float: '2023-12-24T00:00:00+00:00'
2024-10-31 10:22:47,776 - portfolio.stats - WARNING - Error processing week data: could not convert string to float: '2023-12-31T00:00:00+00:00'
2024-10-31 10:22:47,777 - portfolio.stats - WARNING - Error processing week data: could not convert string to float: '2024-01-07T00:00:00+00:00'
2024-10-31 10:22:47,779 - portfolio.stats - WARNING - Error processing week data: could not convert string to float: '2024-01-14T00:00:00+00:00'
2024-10-31 10:22:47,780 - portfolio.stats - WARNING - Error processing week data: could not convert string to float: '2024-01-21T00:00:00+00:00'
2024-10-31 10:22:47,781 - portfolio.stats - WARNING - Error processing week data: could not convert string to float: '2024-01-28T00:00:00+00:00'
2024-10-31 10:22:47,783 - portfolio.stats - WARNING - Error processing week data: could not convert string to float: '2024-02-04T00:00:00+00:00'
2024-10-31 10:22:47,784 - portfolio.stats - WARNING - Error processing week data: could not convert string to float: '2024-02-11T00:00:00+00:00'
2024-10-31 10:22:47,786 - portfolio.stats - WARNING - Error processing week data: could not convert string to float: '2024-02-18T00:00:00+00:00'
2024-10-31 10:22:47,787 - portfolio.stats - WARNING - Error processing week data: could not convert string to float: '2024-02-25T00:00:00+00:00'
2024-10-31 10:22:47,788 - portfolio.stats - WARNING - Error processing week data: could not convert string to float: '2024-03-03T00:00:00+00:00'
2024-10-31 10:22:47,790 - portfolio.stats - WARNING - Error processing week data: could not convert string to float: '2024-03-10T00:00:00+00:00'
2024-10-31 10:22:47,791 - portfolio.stats - WARNING - Error processing week data: could not convert string to float: '2024-03-17T00:00:00+00:00'
2024-10-31 10:22:47,793 - portfolio.stats - WARNING - Error processing week data: could not convert string to float: '2024-03-24T00:00:00+00:00'
2024-10-31 10:22:47,794 - portfolio.stats - WARNING - Error processing week data: could not convert string to float: '2024-03-31T00:00:00+00:00'
2024-10-31 10:22:47,795 - portfolio.stats - WARNING - Error processing week data: could not convert string to float: '2024-04-07T00:00:00+00:00'
2024-10-31 10:22:47,797 - portfolio.stats - WARNING - Error processing week data: could not convert string to float: '2024-04-14T00:00:00+00:00'
2024-10-31 10:22:47,798 - portfolio.stats - WARNING - Error processing week data: could not convert string to float: '2024-04-21T00:00:00+00:00'
2024-10-31 10:22:47,799 - portfolio.stats - WARNING - Error processing week data: could not convert string to float: '2024-04-28T00:00:00+00:00'
2024-10-31 10:22:47,801 - portfolio.stats - WARNING - Error processing week data: could not convert string to float: '2024-05-05T00:00:00+00:00'
2024-10-31 10:22:47,803 - portfolio.stats - WARNING - Error processing week data: could not convert string to float: '2024-05-12T00:00:00+00:00'
2024-10-31 10:22:47,804 - portfolio.stats - WARNING - Error processing week data: could not convert string to float: '2024-05-19T00:00:00+00:00'
2024-10-31 10:22:47,805 - portfolio.stats - WARNING - Error processing week data: could not convert string to float: '2024-05-26T00:00:00+00:00'
2024-10-31 10:22:47,807 - portfolio.stats - WARNING - Error processing week data: could not convert string to float: '2024-06-02T00:00:00+00:00'
2024-10-31 10:22:47,808 - portfolio.stats - WARNING - Error processing week data: could not convert string to float: '2024-06-09T00:00:00+00:00'
2024-10-31 10:22:47,809 - portfolio.stats - WARNING - Error processing week data: could not convert string to float: '2024-06-16T00:00:00+00:00'
2024-10-31 10:22:47,811 - portfolio.stats - WARNING - Error processing week data: could not convert string to float: '2024-06-23T00:00:00+00:00'
2024-10-31 10:22:47,812 - portfolio.stats - WARNING - Error processing week data: could not convert string to float: '2024-06-30T00:00:00+00:00'
2024-10-31 10:22:47,814 - portfolio.stats - WARNING - Error processing week data: could not convert string to float: '2024-07-07T00:00:00+00:00'
2024-10-31 10:22:47,815 - portfolio.stats - WARNING - Error processing week data: could not convert string to float: '2024-07-14T00:00:00+00:00'
2024-10-31 10:22:47,816 - portfolio.stats - WARNING - Error processing week data: could not convert string to float: '2024-07-21T00:00:00+00:00'
2024-10-31 10:22:47,818 - portfolio.stats - WARNING - Error processing week data: could not convert string to float: '2024-07-28T00:00:00+00:00'
2024-10-31 10:22:47,819 - portfolio.stats - WARNING - Error processing week data: could not convert string to float: '2024-08-04T00:00:00+00:00'
2024-10-31 10:22:47,820 - portfolio.stats - WARNING - Error processing week data: could not convert string to float: '2024-08-11T00:00:00+00:00'
2024-10-31 10:22:47,822 - portfolio.stats - WARNING - Error processing week data: could not convert string to float: '2024-08-18T00:00:00+00:00'
2024-10-31 10:22:47,823 - portfolio.stats - WARNING - Error processing week data: could not convert string to float: '2024-08-25T00:00:00+00:00'
2024-10-31 10:22:47,824 - portfolio.stats - WARNING - Error processing week data: could not convert string to float: '2024-09-01T00:00:00+00:00'
2024-10-31 10:22:47,826 - portfolio.stats - WARNING - Error processing week data: could not convert string to float: '2024-09-08T00:00:00+00:00'
2024-10-31 10:22:47,827 - portfolio.stats - WARNING - Error processing week data: could not convert string to float: '2024-09-15T00:00:00+00:00'
2024-10-31 10:22:47,828 - portfolio.stats - WARNING - Error processing week data: could not convert string to float: '2024-09-22T00:00:00+00:00'
2024-10-31 10:22:47,830 - portfolio.stats - WARNING - Error processing week data: could not convert string to float: '2024-09-29T00:00:00+00:00'
2024-10-31 10:22:47,831 - portfolio.stats - WARNING - Error processing week data: could not convert string to float: '2024-10-06T00:00:00+00:00'
2024-10-31 10:22:47,832 - portfolio.stats - WARNING - Error processing week data: could not convert string to float: '2024-10-13T00:00:00+00:00'
2024-10-31 10:22:47,834 - portfolio.stats - WARNING - Error processing week data: could not convert string to float: '2024-10-20T00:00:00+00:00'
2024-10-31 10:22:47,836 - portfolio.stats - WARNING - Error processing week data: could not convert string to float: '2024-10-27T00:00:00+00:00'
2024-10-31 10:22:47,838 - portfolio.analyzer - INFO - Generating reports
2024-10-31 10:22:47,840 - portfolio.analyzer - INFO - Saved report: README.md
2024-10-31 10:22:47,848 - portfolio.analyzer - INFO - Saved report: github_portfolio.json
2024-10-31 10:22:47,850 - portfolio.analyzer - INFO - Analysis completed successfully
