2024-11-02 00:55:54,334 - portfolio - INFO - Starting ESP3D Portfolio analysis
2024-11-02 00:55:54,337 - portfolio.config - INFO - Loaded configuration from config/portfolio_config.json
2024-11-02 00:55:54,338 - portfolio.cache - INFO - Cache initialized in .cache
2024-11-02 00:55:54,340 - portfolio.analyzer - INFO - Portfolio analyzer initialized
2024-11-02 00:55:54,341 - portfolio.analyzer - INFO - Starting data collection
2024-11-02 00:55:54,343 - portfolio.github - INFO - Collecting data for repository: ESP3D
2024-11-02 00:56:13,732 - portfolio.github - INFO - Collecting data for repository: ESP3DLib
2024-11-02 00:56:28,184 - portfolio.github - INFO - Collecting data for repository: ESP3D-WEBUI
2024-11-02 00:56:41,587 - portfolio.github - INFO - Collecting data for repository: ESP3D-TFT
2024-11-02 00:56:55,095 - portfolio.github - INFO - Collecting data for repository: Marlin
2024-11-02 00:57:05,001 - portfolio.github - INFO - Collecting data for repository: ESP3D-Configurator
2024-11-02 00:57:08,724 - portfolio.github - INFO - Collecting data for repository: esp3d.io
2024-11-02 00:57:16,912 - portfolio.github - INFO - Collecting data for repository: ESP32SSDP
2024-11-02 00:57:24,971 - portfolio.github - INFO - Collecting data for repository: SSDP_IDF
2024-11-02 00:57:32,731 - portfolio.github - INFO - Collecting data for repository: esp32-usb-serial
2024-11-02 00:57:37,835 - portfolio.github - INFO - Collecting data for repository: EspLuaEngine
2024-11-02 00:57:49,657 - portfolio.analyzer - INFO - Processing collected data
2024-11-02 00:57:49,662 - portfolio.issues - ERROR - Error processing issue #76: expected string or bytes-like object, got 'NoneType'
2024-11-02 00:57:49,666 - portfolio.issues - ERROR - Error processing issue #76: expected string or bytes-like object, got 'NoneType'
2024-11-02 00:57:49,674 - portfolio.analyzer - INFO - Generating reports
2024-11-02 00:57:49,676 - portfolio.analyzer - INFO - Saved report: README.md
2024-11-02 00:57:49,693 - portfolio.analyzer - INFO - Saved report: github_portfolio.json
2024-11-02 00:57:49,695 - portfolio.analyzer - INFO - Analysis completed successfully
