2024-11-02 09:03:19,827 - portfolio - INFO - Starting ESP3D Portfolio analysis
2024-11-02 09:03:19,831 - portfolio.config - INFO - Loaded configuration from config/portfolio_config.json
2024-11-02 09:03:19,832 - portfolio.cache - INFO - Cache initialized in .cache
2024-11-02 09:03:19,834 - portfolio.analyzer - INFO - Portfolio analyzer initialized
2024-11-02 09:03:19,835 - portfolio.analyzer - INFO - Starting data collection
2024-11-02 09:03:19,837 - portfolio.github - INFO - Collecting data for repository: ESP3D
2024-11-02 09:03:33,882 - portfolio.github - INFO - Collecting data for repository: ESP3DLib
2024-11-02 09:03:46,578 - portfolio.github - INFO - Collecting data for repository: ESP3D-WEBUI
2024-11-02 09:03:57,732 - portfolio.github - INFO - Collecting data for repository: ESP3D-TFT
2024-11-02 09:04:21,815 - portfolio.github - INFO - Collecting data for repository: Marlin
2024-11-02 09:04:29,377 - portfolio.github - INFO - Collecting data for repository: ESP3D-Configurator
2024-11-02 09:04:44,794 - portfolio.github - INFO - Collecting data for repository: esp3d.io
2024-11-02 09:04:52,074 - portfolio.github - INFO - Collecting data for repository: ESP32SSDP
2024-11-02 09:04:59,346 - portfolio.github - INFO - Collecting data for repository: SSDP_IDF
2024-11-02 09:05:04,167 - portfolio.github - INFO - Collecting data for repository: esp32-usb-serial
2024-11-02 09:05:12,713 - portfolio.github - INFO - Collecting data for repository: EspLuaEngine
2024-11-02 09:05:23,639 - portfolio.analyzer - INFO - Processing collected data
2024-11-02 09:05:23,652 - portfolio.analyzer - INFO - Generating reports
2024-11-02 09:05:23,654 - portfolio.analyzer - INFO - Saved report: README.md
2024-11-02 09:05:23,671 - portfolio.analyzer - INFO - Saved report: github_portfolio.json
2024-11-02 09:05:23,673 - portfolio.analyzer - INFO - Analysis completed successfully
