2024-11-05 00:55:37,442 - portfolio - INFO - Starting ESP3D Portfolio analysis
2024-11-05 00:55:37,446 - portfolio.config - INFO - Loaded configuration from config/portfolio_config.json
2024-11-05 00:55:37,447 - portfolio.cache - INFO - Cache initialized in .cache
2024-11-05 00:55:37,449 - portfolio.analyzer - INFO - Portfolio analyzer initialized
2024-11-05 00:55:37,451 - portfolio.analyzer - INFO - Starting data collection
2024-11-05 00:55:37,452 - portfolio.github - INFO - Collecting data for repository: ESP3D
2024-11-05 00:56:01,419 - portfolio.github - INFO - Collecting data for repository: ESP3DLib
2024-11-05 00:56:11,084 - portfolio.github - INFO - Collecting data for repository: ESP3D-WEBUI
2024-11-05 00:56:31,597 - portfolio.github - INFO - Collecting data for repository: ESP3D-TFT
2024-11-05 00:56:41,732 - portfolio.github - INFO - Collecting data for repository: Marlin
2024-11-05 00:56:49,599 - portfolio.github - INFO - Collecting data for repository: ESP3D-Configurator
2024-11-05 00:57:07,764 - portfolio.github - INFO - Collecting data for repository: esp3d.io
2024-11-05 00:57:32,128 - portfolio.github - INFO - Collecting data for repository: ESP32SSDP
2024-11-05 00:57:37,553 - portfolio.github - INFO - Collecting data for repository: SSDP_IDF
2024-11-05 00:57:44,680 - portfolio.github - INFO - Collecting data for repository: esp32-usb-serial
2024-11-05 00:57:59,719 - portfolio.github - INFO - Collecting data for repository: EspLuaEngine
2024-11-05 00:58:10,994 - portfolio.analyzer - INFO - Processing collected data
2024-11-05 00:58:11,007 - portfolio.analyzer - INFO - Generating reports
2024-11-05 00:58:11,009 - portfolio.analyzer - INFO - Saved report: README.md
2024-11-05 00:58:11,026 - portfolio.analyzer - INFO - Saved report: github_portfolio.json
2024-11-05 00:58:11,027 - portfolio.analyzer - INFO - Analysis completed successfully
