2024-11-01 06:13:18,602 - portfolio - INFO - Starting ESP3D Portfolio analysis
2024-11-01 06:13:18,606 - portfolio.config - INFO - Loaded configuration from config/portfolio_config.json
2024-11-01 06:13:18,607 - portfolio.cache - INFO - Cache initialized in .cache
2024-11-01 06:13:18,609 - portfolio.analyzer - INFO - Portfolio analyzer initialized
2024-11-01 06:13:18,610 - portfolio.analyzer - INFO - Starting data collection
2024-11-01 06:13:18,612 - portfolio.github - INFO - Collecting data for repository: ESP3D
2024-11-01 06:13:36,887 - portfolio.github - INFO - Collecting data for repository: ESP3DLib
2024-11-01 06:13:48,430 - portfolio.github - INFO - Collecting data for repository: ESP3D-WEBUI
2024-11-01 06:14:03,169 - portfolio.github - INFO - Collecting data for repository: ESP3D-TFT
2024-11-01 06:14:11,626 - portfolio.github - INFO - Collecting data for repository: Marlin
2024-11-01 06:14:20,130 - portfolio.github - INFO - Collecting data for repository: ESP3D-Configurator
2024-11-01 06:14:23,736 - portfolio.github - INFO - Collecting data for repository: esp3d.io
2024-11-01 06:14:31,473 - portfolio.github - INFO - Collecting data for repository: ESP32SSDP
2024-11-01 06:14:39,198 - portfolio.github - INFO - Collecting data for repository: SSDP_IDF
2024-11-01 06:14:44,408 - portfolio.github - INFO - Collecting data for repository: esp32-usb-serial
2024-11-01 06:14:51,283 - portfolio.github - INFO - Collecting data for repository: EspLuaEngine
2024-11-01 06:14:56,461 - portfolio.analyzer - INFO - Processing collected data
2024-11-01 06:14:56,466 - portfolio.issues - ERROR - Error processing issue #76: 'NoneType' object has no attribute 'lower'
2024-11-01 06:14:56,470 - portfolio.issues - ERROR - Error processing issue #76: 'NoneType' object has no attribute 'lower'
2024-11-01 06:14:56,476 - portfolio.stats - WARNING - Error processing week data: could not convert string to float: '2023-11-05T00:00:00+00:00'
2024-11-01 06:14:56,478 - portfolio.stats - WARNING - Error processing week data: could not convert string to float: '2023-11-12T00:00:00+00:00'
2024-11-01 06:14:56,480 - portfolio.stats - WARNING - Error processing week data: could not convert string to float: '2023-11-19T00:00:00+00:00'
2024-11-01 06:14:56,481 - portfolio.stats - WARNING - Error processing week data: could not convert string to float: '2023-11-26T00:00:00+00:00'
2024-11-01 06:14:56,483 - portfolio.stats - WARNING - Error processing week data: could not convert string to float: '2023-12-03T00:00:00+00:00'
2024-11-01 06:14:56,485 - portfolio.stats - WARNING - Error processing week data: could not convert string to float: '2023-12-10T00:00:00+00:00'
2024-11-01 06:14:56,486 - portfolio.stats - WARNING - Error processing week data: could not convert string to float: '2023-12-17T00:00:00+00:00'
2024-11-01 06:14:56,488 - portfolio.stats - WARNING - Error processing week data: could not convert string to float: '2023-12-24T00:00:00+00:00'
2024-11-01 06:14:56,489 - portfolio.stats - WARNING - Error processing week data: could not convert string to float: '2023-12-31T00:00:00+00:00'
2024-11-01 06:14:56,491 - portfolio.stats - WARNING - Error processing week data: could not convert string to float: '2024-01-07T00:00:00+00:00'
2024-11-01 06:14:56,493 - portfolio.stats - WARNING - Error processing week data: could not convert string to float: '2024-01-14T00:00:00+00:00'
2024-11-01 06:14:56,494 - portfolio.stats - WARNING - Error processing week data: could not convert string to float: '2024-01-21T00:00:00+00:00'
2024-11-01 06:14:56,495 - portfolio.stats - WARNING - Error processing week data: could not convert string to float: '2024-01-28T00:00:00+00:00'
2024-11-01 06:14:56,497 - portfolio.stats - WARNING - Error processing week data: could not convert string to float: '2024-02-04T00:00:00+00:00'
2024-11-01 06:14:56,498 - portfolio.stats - WARNING - Error processing week data: could not convert string to float: '2024-02-11T00:00:00+00:00'
2024-11-01 06:14:56,499 - portfolio.stats - WARNING - Error processing week data: could not convert string to float: '2024-02-18T00:00:00+00:00'
2024-11-01 06:14:56,501 - portfolio.stats - WARNING - Error processing week data: could not convert string to float: '2024-02-25T00:00:00+00:00'
2024-11-01 06:14:56,502 - portfolio.stats - WARNING - Error processing week data: could not convert string to float: '2024-03-03T00:00:00+00:00'
2024-11-01 06:14:56,504 - portfolio.stats - WARNING - Error processing week data: could not convert string to float: '2024-03-10T00:00:00+00:00'
2024-11-01 06:14:56,505 - portfolio.stats - WARNING - Error processing week data: could not convert string to float: '2024-03-17T00:00:00+00:00'
2024-11-01 06:14:56,507 - portfolio.stats - WARNING - Error processing week data: could not convert string to float: '2024-03-24T00:00:00+00:00'
2024-11-01 06:14:56,508 - portfolio.stats - WARNING - Error processing week data: could not convert string to float: '2024-03-31T00:00:00+00:00'
2024-11-01 06:14:56,510 - portfolio.stats - WARNING - Error processing week data: could not convert string to float: '2024-04-07T00:00:00+00:00'
2024-11-01 06:14:56,511 - portfolio.stats - WARNING - Error processing week data: could not convert string to float: '2024-04-14T00:00:00+00:00'
2024-11-01 06:14:56,512 - portfolio.stats - WARNING - Error processing week data: could not convert string to float: '2024-04-21T00:00:00+00:00'
2024-11-01 06:14:56,514 - portfolio.stats - WARNING - Error processing week data: could not convert string to float: '2024-04-28T00:00:00+00:00'
2024-11-01 06:14:56,515 - portfolio.stats - WARNING - Error processing week data: could not convert string to float: '2024-05-05T00:00:00+00:00'
2024-11-01 06:14:56,516 - portfolio.stats - WARNING - Error processing week data: could not convert string to float: '2024-05-12T00:00:00+00:00'
2024-11-01 06:14:56,518 - portfolio.stats - WARNING - Error processing week data: could not convert string to float: '2024-05-19T00:00:00+00:00'
2024-11-01 06:14:56,519 - portfolio.stats - WARNING - Error processing week data: could not convert string to float: '2024-05-26T00:00:00+00:00'
2024-11-01 06:14:56,521 - portfolio.stats - WARNING - Error processing week data: could not convert string to float: '2024-06-02T00:00:00+00:00'
2024-11-01 06:14:56,522 - portfolio.stats - WARNING - Error processing week data: could not convert string to float: '2024-06-09T00:00:00+00:00'
2024-11-01 06:14:56,524 - portfolio.stats - WARNING - Error processing week data: could not convert string to float: '2024-06-16T00:00:00+00:00'
2024-11-01 06:14:56,525 - portfolio.stats - WARNING - Error processing week data: could not convert string to float: '2024-06-23T00:00:00+00:00'
2024-11-01 06:14:56,527 - portfolio.stats - WARNING - Error processing week data: could not convert string to float: '2024-06-30T00:00:00+00:00'
2024-11-01 06:14:56,528 - portfolio.stats - WARNING - Error processing week data: could not convert string to float: '2024-07-07T00:00:00+00:00'
2024-11-01 06:14:56,529 - portfolio.stats - WARNING - Error processing week data: could not convert string to float: '2024-07-14T00:00:00+00:00'
2024-11-01 06:14:56,531 - portfolio.stats - WARNING - Error processing week data: could not convert string to float: '2024-07-21T00:00:00+00:00'
2024-11-01 06:14:56,532 - portfolio.stats - WARNING - Error processing week data: could not convert string to float: '2024-07-28T00:00:00+00:00'
2024-11-01 06:14:56,533 - portfolio.stats - WARNING - Error processing week data: could not convert string to float: '2024-08-04T00:00:00+00:00'
2024-11-01 06:14:56,535 - portfolio.stats - WARNING - Error processing week data: could not convert string to float: '2024-08-11T00:00:00+00:00'
2024-11-01 06:14:56,536 - portfolio.stats - WARNING - Error processing week data: could not convert string to float: '2024-08-18T00:00:00+00:00'
2024-11-01 06:14:56,538 - portfolio.stats - WARNING - Error processing week data: could not convert string to float: '2024-08-25T00:00:00+00:00'
2024-11-01 06:14:56,539 - portfolio.stats - WARNING - Error processing week data: could not convert string to float: '2024-09-01T00:00:00+00:00'
2024-11-01 06:14:56,540 - portfolio.stats - WARNING - Error processing week data: could not convert string to float: '2024-09-08T00:00:00+00:00'
2024-11-01 06:14:56,542 - portfolio.stats - WARNING - Error processing week data: could not convert string to float: '2024-09-15T00:00:00+00:00'
2024-11-01 06:14:56,543 - portfolio.stats - WARNING - Error processing week data: could not convert string to float: '2024-09-22T00:00:00+00:00'
2024-11-01 06:14:56,545 - portfolio.stats - WARNING - Error processing week data: could not convert string to float: '2024-09-29T00:00:00+00:00'
2024-11-01 06:14:56,546 - portfolio.stats - WARNING - Error processing week data: could not convert string to float: '2024-10-06T00:00:00+00:00'
2024-11-01 06:14:56,547 - portfolio.stats - WARNING - Error processing week data: could not convert string to float: '2024-10-13T00:00:00+00:00'
2024-11-01 06:14:56,549 - portfolio.stats - WARNING - Error processing week data: could not convert string to float: '2024-10-20T00:00:00+00:00'
2024-11-01 06:14:56,550 - portfolio.stats - WARNING - Error processing week data: could not convert string to float: '2024-10-27T00:00:00+00:00'
2024-11-01 06:14:56,553 - portfolio.analyzer - INFO - Generating reports
2024-11-01 06:14:56,556 - portfolio.analyzer - INFO - Saved report: README.md
2024-11-01 06:14:56,573 - portfolio.analyzer - INFO - Saved report: github_portfolio.json
2024-11-01 06:14:56,574 - portfolio.analyzer - INFO - Analysis completed successfully
