2024-11-06 00:55:42,282 - portfolio - INFO - Starting ESP3D Portfolio analysis
2024-11-06 00:55:42,285 - portfolio.config - INFO - Loaded configuration from config/portfolio_config.json
2024-11-06 00:55:42,286 - portfolio.cache - INFO - Cache initialized in .cache
2024-11-06 00:55:42,288 - portfolio.analyzer - INFO - Portfolio analyzer initialized
2024-11-06 00:55:42,289 - portfolio.analyzer - INFO - Starting data collection
2024-11-06 00:55:42,291 - portfolio.github - INFO - Collecting data for repository: ESP3D
2024-11-06 00:56:03,182 - portfolio.github - INFO - Collecting data for repository: ESP3DLib
2024-11-06 00:56:12,076 - portfolio.github - INFO - Collecting data for repository: ESP3D-WEBUI
2024-11-06 00:56:36,167 - portfolio.github - INFO - Collecting data for repository: ESP3D-TFT
2024-11-06 00:56:50,025 - portfolio.github - INFO - Collecting data for repository: Marlin
2024-11-06 00:56:57,665 - portfolio.github - INFO - Collecting data for repository: ESP3D-Configurator
2024-11-06 00:57:02,870 - portfolio.github - INFO - Collecting data for repository: esp3d.io
2024-11-06 00:57:12,362 - portfolio.github - INFO - Collecting data for repository: ESP32SSDP
2024-11-06 00:57:42,734 - portfolio.github - INFO - Collecting data for repository: SSDP_IDF
2024-11-06 00:57:53,905 - portfolio.github - INFO - Collecting data for repository: esp32-usb-serial
2024-11-06 00:58:06,668 - portfolio.github - INFO - Collecting data for repository: EspLuaEngine
2024-11-06 00:58:17,664 - portfolio.analyzer - INFO - Processing collected data
2024-11-06 00:58:17,678 - portfolio.analyzer - INFO - Generating reports
2024-11-06 00:58:17,680 - portfolio.analyzer - INFO - Saved report: README.md
2024-11-06 00:58:17,697 - portfolio.analyzer - INFO - Saved report: github_portfolio.json
2024-11-06 00:58:17,699 - portfolio.analyzer - INFO - Analysis completed successfully
