2024-11-03 01:00:52,731 - portfolio - INFO - Starting ESP3D Portfolio analysis
2024-11-03 01:00:52,737 - portfolio.config - INFO - Loaded configuration from config/portfolio_config.json
2024-11-03 01:00:52,739 - portfolio.cache - INFO - Cache initialized in .cache
2024-11-03 01:00:52,741 - portfolio.analyzer - INFO - Portfolio analyzer initialized
2024-11-03 01:00:52,744 - portfolio.analyzer - INFO - Starting data collection
2024-11-03 01:00:52,746 - portfolio.github - INFO - Collecting data for repository: ESP3D
2024-11-03 01:01:13,329 - portfolio.github - INFO - Collecting data for repository: ESP3DLib
2024-11-03 01:01:22,020 - portfolio.github - INFO - Collecting data for repository: ESP3D-WEBUI
2024-11-03 01:01:33,353 - portfolio.github - INFO - Collecting data for repository: ESP3D-TFT
2024-11-03 01:01:42,821 - portfolio.github - INFO - Collecting data for repository: Marlin
2024-11-03 01:01:50,772 - portfolio.github - INFO - Collecting data for repository: ESP3D-Configurator
2024-11-03 01:01:58,047 - portfolio.github - INFO - Collecting data for repository: esp3d.io
2024-11-03 01:02:03,203 - portfolio.github - INFO - Collecting data for repository: ESP32SSDP
2024-11-03 01:02:12,535 - portfolio.github - INFO - Collecting data for repository: SSDP_IDF
2024-11-03 01:02:17,345 - portfolio.github - INFO - Collecting data for repository: esp32-usb-serial
2024-11-03 01:02:21,829 - portfolio.github - INFO - Collecting data for repository: EspLuaEngine
2024-11-03 01:02:24,424 - portfolio.analyzer - INFO - Processing collected data
2024-11-03 01:02:24,438 - portfolio.analyzer - INFO - Generating reports
2024-11-03 01:02:24,441 - portfolio.analyzer - INFO - Saved report: README.md
2024-11-03 01:02:24,457 - portfolio.analyzer - INFO - Saved report: github_portfolio.json
2024-11-03 01:02:24,459 - portfolio.analyzer - INFO - Analysis completed successfully
