2024-11-16 08:01:30,301 - portfolio - INFO - Starting ESP3D Portfolio analysis
2024-11-16 08:01:30,305 - portfolio.config - INFO - Loaded configuration from config/portfolio_config.json
2024-11-16 08:01:30,306 - portfolio.cache - INFO - Cache initialized in .cache
2024-11-16 08:01:30,308 - portfolio.analyzer - INFO - Portfolio analyzer initialized
2024-11-16 08:01:30,310 - portfolio.analyzer - INFO - Starting data collection
2024-11-16 08:01:30,312 - portfolio.github - INFO - Collecting data for repository: ESP3D
2024-11-16 08:01:52,968 - portfolio.github - INFO - Collecting data for repository: ESP3DLib
2024-11-16 08:02:01,920 - portfolio.github - INFO - Collecting data for repository: ESP3D-WEBUI
2024-11-16 08:02:21,961 - portfolio.github - INFO - Collecting data for repository: ESP3D-TFT
2024-11-16 08:02:31,872 - portfolio.github - INFO - Collecting data for repository: Marlin
2024-11-16 08:02:40,444 - portfolio.github - INFO - Collecting data for repository: ESP3D-Configurator
2024-11-16 08:02:45,706 - portfolio.github - INFO - Collecting data for repository: esp3d.io
2024-11-16 08:02:53,014 - portfolio.github - INFO - Collecting data for repository: ESP32SSDP
2024-11-16 08:03:04,591 - portfolio.github - INFO - Collecting data for repository: SSDP_IDF
2024-11-16 08:03:13,661 - portfolio.github - INFO - Collecting data for repository: esp32-usb-serial
2024-11-16 08:03:18,163 - portfolio.github - INFO - Collecting data for repository: EspLuaEngine
2024-11-16 08:03:33,434 - portfolio.analyzer - INFO - Processing collected data
2024-11-16 08:03:33,447 - portfolio.analyzer - INFO - Generating reports
2024-11-16 08:03:33,449 - portfolio.analyzer - INFO - Saved report: README.md
2024-11-16 08:03:33,464 - portfolio.analyzer - INFO - Saved report: github_portfolio.json
2024-11-16 08:03:33,465 - portfolio.analyzer - INFO - Analysis completed successfully
