2024-11-17 01:02:47,110 - portfolio - INFO - Starting ESP3D Portfolio analysis
2024-11-17 01:02:47,114 - portfolio.config - INFO - Loaded configuration from config/portfolio_config.json
2024-11-17 01:02:47,115 - portfolio.cache - INFO - Cache initialized in .cache
2024-11-17 01:02:47,116 - portfolio.analyzer - INFO - Portfolio analyzer initialized
2024-11-17 01:02:47,118 - portfolio.analyzer - INFO - Starting data collection
2024-11-17 01:02:47,119 - portfolio.github - INFO - Collecting data for repository: ESP3D
2024-11-17 01:03:01,962 - portfolio.github - INFO - Collecting data for repository: ESP3DLib
2024-11-17 01:03:13,915 - portfolio.github - INFO - Collecting data for repository: ESP3D-WEBUI
2024-11-17 01:03:31,762 - portfolio.github - INFO - Collecting data for repository: ESP3D-TFT
2024-11-17 01:03:45,153 - portfolio.github - INFO - Collecting data for repository: Marlin
2024-11-17 01:03:55,055 - portfolio.github - INFO - Collecting data for repository: ESP3D-Configurator
2024-11-17 01:04:07,437 - portfolio.github - INFO - Collecting data for repository: esp3d.io
2024-11-17 01:04:19,883 - portfolio.github - INFO - Collecting data for repository: ESP32SSDP
2024-11-17 01:04:23,763 - portfolio.github - INFO - Collecting data for repository: SSDP_IDF
2024-11-17 01:04:29,410 - portfolio.github - INFO - Collecting data for repository: esp32-usb-serial
2024-11-17 01:04:45,175 - portfolio.github - INFO - Collecting data for repository: EspLuaEngine
2024-11-17 01:04:54,897 - portfolio.analyzer - INFO - Processing collected data
2024-11-17 01:04:54,910 - portfolio.analyzer - INFO - Generating reports
2024-11-17 01:04:54,912 - portfolio.analyzer - INFO - Saved report: README.md
2024-11-17 01:04:54,927 - portfolio.analyzer - INFO - Saved report: github_portfolio.json
2024-11-17 01:04:54,928 - portfolio.analyzer - INFO - Analysis completed successfully
