2024-11-07 00:55:50,274 - portfolio - INFO - Starting ESP3D Portfolio analysis
2024-11-07 00:55:50,278 - portfolio.config - INFO - Loaded configuration from config/portfolio_config.json
2024-11-07 00:55:50,280 - portfolio.cache - INFO - Cache initialized in .cache
2024-11-07 00:55:50,281 - portfolio.analyzer - INFO - Portfolio analyzer initialized
2024-11-07 00:55:50,283 - portfolio.analyzer - INFO - Starting data collection
2024-11-07 00:55:50,285 - portfolio.github - INFO - Collecting data for repository: ESP3D
2024-11-07 00:56:05,151 - portfolio.github - INFO - Collecting data for repository: ESP3DLib
2024-11-07 00:56:22,239 - portfolio.github - INFO - Collecting data for repository: ESP3D-WEBUI
2024-11-07 00:56:37,833 - portfolio.github - INFO - Collecting data for repository: ESP3D-TFT
2024-11-07 00:56:47,610 - portfolio.github - INFO - Collecting data for repository: Marlin
2024-11-07 00:56:55,556 - portfolio.github - INFO - Collecting data for repository: ESP3D-Configurator
2024-11-07 00:57:02,834 - portfolio.github - INFO - Collecting data for repository: esp3d.io
2024-11-07 00:57:18,480 - portfolio.github - INFO - Collecting data for repository: ESP32SSDP
2024-11-07 00:57:23,803 - portfolio.github - INFO - Collecting data for repository: SSDP_IDF
2024-11-07 00:58:06,029 - portfolio.github - INFO - Collecting data for repository: esp32-usb-serial
2024-11-07 00:58:27,167 - portfolio.github - INFO - Collecting data for repository: EspLuaEngine
2024-11-07 00:58:46,438 - portfolio.analyzer - INFO - Processing collected data
2024-11-07 00:58:46,451 - portfolio.analyzer - INFO - Generating reports
2024-11-07 00:58:46,453 - portfolio.analyzer - INFO - Saved report: README.md
2024-11-07 00:58:46,470 - portfolio.analyzer - INFO - Saved report: github_portfolio.json
2024-11-07 00:58:46,472 - portfolio.analyzer - INFO - Analysis completed successfully
