2024-10-31 10:00:29,548 - portfolio - INFO - Starting ESP3D Portfolio analysis
2024-10-31 10:00:29,551 - portfolio.config - INFO - Loaded configuration from config/portfolio_config.json
2024-10-31 10:00:29,553 - portfolio.cache - INFO - Cache initialized in .cache
2024-10-31 10:00:29,555 - portfolio.analyzer - INFO - Portfolio analyzer initialized
2024-10-31 10:00:29,557 - portfolio.analyzer - INFO - Starting data collection
2024-10-31 10:00:29,760 - portfolio.analyzer - INFO - Processing collected data
2024-10-31 10:00:29,765 - portfolio.issues - ERROR - Error processing issue #76: 'NoneType' object has no attribute 'lower'
2024-10-31 10:00:29,769 - portfolio.issues - ERROR - Error processing issue #76: 'NoneType' object has no attribute 'lower'
2024-10-31 10:00:29,774 - portfolio.stats - WARNING - Error processing week data: could not convert string to float: '2023-11-05T00:00:00+00:00'
2024-10-31 10:00:29,775 - portfolio.stats - WARNING - Error processing week data: could not convert string to float: '2023-11-12T00:00:00+00:00'
2024-10-31 10:00:29,776 - portfolio.stats - WARNING - Error processing week data: could not convert string to float: '2023-11-19T00:00:00+00:00'
2024-10-31 10:00:29,778 - portfolio.stats - WARNING - Error processing week data: could not convert string to float: '2023-11-26T00:00:00+00:00'
2024-10-31 10:00:29,779 - portfolio.stats - WARNING - Error processing week data: could not convert string to float: '2023-12-03T00:00:00+00:00'
2024-10-31 10:00:29,781 - portfolio.stats - WARNING - Error processing week data: could not convert string to float: '2023-12-10T00:00:00+00:00'
2024-10-31 10:00:29,783 - portfolio.stats - WARNING - Error processing week data: could not convert string to float: '2023-12-17T00:00:00+00:00'
2024-10-31 10:00:29,784 - portfolio.stats - WARNING - Error processing week data: could not convert string to float: '2023-12-24T00:00:00+00:00'
2024-10-31 10:00:29,786 - portfolio.stats - WARNING - Error processing week data: could not convert string to float: '2023-12-31T00:00:00+00:00'
2024-10-31 10:00:29,787 - portfolio.stats - WARNING - Error processing week data: could not convert string to float: '2024-01-07T00:00:00+00:00'
2024-10-31 10:00:29,789 - portfolio.stats - WARNING - Error processing week data: could not convert string to float: '2024-01-14T00:00:00+00:00'
2024-10-31 10:00:29,790 - portfolio.stats - WARNING - Error processing week data: could not convert string to float: '2024-01-21T00:00:00+00:00'
2024-10-31 10:00:29,792 - portfolio.stats - WARNING - Error processing week data: could not convert string to float: '2024-01-28T00:00:00+00:00'
2024-10-31 10:00:29,793 - portfolio.stats - WARNING - Error processing week data: could not convert string to float: '2024-02-04T00:00:00+00:00'
2024-10-31 10:00:29,794 - portfolio.stats - WARNING - Error processing week data: could not convert string to float: '2024-02-11T00:00:00+00:00'
2024-10-31 10:00:29,795 - portfolio.stats - WARNING - Error processing week data: could not convert string to float: '2024-02-18T00:00:00+00:00'
2024-10-31 10:00:29,797 - portfolio.stats - WARNING - Error processing week data: could not convert string to float: '2024-02-25T00:00:00+00:00'
2024-10-31 10:00:29,798 - portfolio.stats - WARNING - Error processing week data: could not convert string to float: '2024-03-03T00:00:00+00:00'
2024-10-31 10:00:29,799 - portfolio.stats - WARNING - Error processing week data: could not convert string to float: '2024-03-10T00:00:00+00:00'
2024-10-31 10:00:29,801 - portfolio.stats - WARNING - Error processing week data: could not convert string to float: '2024-03-17T00:00:00+00:00'
2024-10-31 10:00:29,802 - portfolio.stats - WARNING - Error processing week data: could not convert string to float: '2024-03-24T00:00:00+00:00'
2024-10-31 10:00:29,803 - portfolio.stats - WARNING - Error processing week data: could not convert string to float: '2024-03-31T00:00:00+00:00'
2024-10-31 10:00:29,804 - portfolio.stats - WARNING - Error processing week data: could not convert string to float: '2024-04-07T00:00:00+00:00'
2024-10-31 10:00:29,805 - portfolio.stats - WARNING - Error processing week data: could not convert string to float: '2024-04-14T00:00:00+00:00'
2024-10-31 10:00:29,807 - portfolio.stats - WARNING - Error processing week data: could not convert string to float: '2024-04-21T00:00:00+00:00'
2024-10-31 10:00:29,808 - portfolio.stats - WARNING - Error processing week data: could not convert string to float: '2024-04-28T00:00:00+00:00'
2024-10-31 10:00:29,809 - portfolio.stats - WARNING - Error processing week data: could not convert string to float: '2024-05-05T00:00:00+00:00'
2024-10-31 10:00:29,810 - portfolio.stats - WARNING - Error processing week data: could not convert string to float: '2024-05-12T00:00:00+00:00'
2024-10-31 10:00:29,811 - portfolio.stats - WARNING - Error processing week data: could not convert string to float: '2024-05-19T00:00:00+00:00'
2024-10-31 10:00:29,813 - portfolio.stats - WARNING - Error processing week data: could not convert string to float: '2024-05-26T00:00:00+00:00'
2024-10-31 10:00:29,814 - portfolio.stats - WARNING - Error processing week data: could not convert string to float: '2024-06-02T00:00:00+00:00'
2024-10-31 10:00:29,815 - portfolio.stats - WARNING - Error processing week data: could not convert string to float: '2024-06-09T00:00:00+00:00'
2024-10-31 10:00:29,816 - portfolio.stats - WARNING - Error processing week data: could not convert string to float: '2024-06-16T00:00:00+00:00'
2024-10-31 10:00:29,817 - portfolio.stats - WARNING - Error processing week data: could not convert string to float: '2024-06-23T00:00:00+00:00'
2024-10-31 10:00:29,819 - portfolio.stats - WARNING - Error processing week data: could not convert string to float: '2024-06-30T00:00:00+00:00'
2024-10-31 10:00:29,820 - portfolio.stats - WARNING - Error processing week data: could not convert string to float: '2024-07-07T00:00:00+00:00'
2024-10-31 10:00:29,821 - portfolio.stats - WARNING - Error processing week data: could not convert string to float: '2024-07-14T00:00:00+00:00'
2024-10-31 10:00:29,822 - portfolio.stats - WARNING - Error processing week data: could not convert string to float: '2024-07-21T00:00:00+00:00'
2024-10-31 10:00:29,824 - portfolio.stats - WARNING - Error processing week data: could not convert string to float: '2024-07-28T00:00:00+00:00'
2024-10-31 10:00:29,825 - portfolio.stats - WARNING - Error processing week data: could not convert string to float: '2024-08-04T00:00:00+00:00'
2024-10-31 10:00:29,826 - portfolio.stats - WARNING - Error processing week data: could not convert string to float: '2024-08-11T00:00:00+00:00'
2024-10-31 10:00:29,827 - portfolio.stats - WARNING - Error processing week data: could not convert string to float: '2024-08-18T00:00:00+00:00'
2024-10-31 10:00:29,828 - portfolio.stats - WARNING - Error processing week data: could not convert string to float: '2024-08-25T00:00:00+00:00'
2024-10-31 10:00:29,830 - portfolio.stats - WARNING - Error processing week data: could not convert string to float: '2024-09-01T00:00:00+00:00'
2024-10-31 10:00:29,831 - portfolio.stats - WARNING - Error processing week data: could not convert string to float: '2024-09-08T00:00:00+00:00'
2024-10-31 10:00:29,832 - portfolio.stats - WARNING - Error processing week data: could not convert string to float: '2024-09-15T00:00:00+00:00'
2024-10-31 10:00:29,833 - portfolio.stats - WARNING - Error processing week data: could not convert string to float: '2024-09-22T00:00:00+00:00'
2024-10-31 10:00:29,834 - portfolio.stats - WARNING - Error processing week data: could not convert string to float: '2024-09-29T00:00:00+00:00'
2024-10-31 10:00:29,836 - portfolio.stats - WARNING - Error processing week data: could not convert string to float: '2024-10-06T00:00:00+00:00'
2024-10-31 10:00:29,837 - portfolio.stats - WARNING - Error processing week data: could not convert string to float: '2024-10-13T00:00:00+00:00'
2024-10-31 10:00:29,838 - portfolio.stats - WARNING - Error processing week data: could not convert string to float: '2024-10-20T00:00:00+00:00'
2024-10-31 10:00:29,839 - portfolio.stats - WARNING - Error processing week data: could not convert string to float: '2024-10-27T00:00:00+00:00'
2024-10-31 10:00:29,840 - portfolio.stats - WARNING - Error processing week data: could not convert string to float: '2023-11-05T00:00:00+00:00'
2024-10-31 10:00:29,842 - portfolio.stats - WARNING - Error processing week data: could not convert string to float: '2023-11-12T00:00:00+00:00'
2024-10-31 10:00:29,843 - portfolio.stats - WARNING - Error processing week data: could not convert string to float: '2023-11-19T00:00:00+00:00'
2024-10-31 10:00:29,844 - portfolio.stats - WARNING - Error processing week data: could not convert string to float: '2023-11-26T00:00:00+00:00'
2024-10-31 10:00:29,845 - portfolio.stats - WARNING - Error processing week data: could not convert string to float: '2023-12-03T00:00:00+00:00'
2024-10-31 10:00:29,846 - portfolio.stats - WARNING - Error processing week data: could not convert string to float: '2023-12-10T00:00:00+00:00'
2024-10-31 10:00:29,848 - portfolio.stats - WARNING - Error processing week data: could not convert string to float: '2023-12-17T00:00:00+00:00'
2024-10-31 10:00:29,849 - portfolio.stats - WARNING - Error processing week data: could not convert string to float: '2023-12-24T00:00:00+00:00'
2024-10-31 10:00:29,850 - portfolio.stats - WARNING - Error processing week data: could not convert string to float: '2023-12-31T00:00:00+00:00'
2024-10-31 10:00:29,851 - portfolio.stats - WARNING - Error processing week data: could not convert string to float: '2024-01-07T00:00:00+00:00'
2024-10-31 10:00:29,852 - portfolio.stats - WARNING - Error processing week data: could not convert string to float: '2024-01-14T00:00:00+00:00'
2024-10-31 10:00:29,854 - portfolio.stats - WARNING - Error processing week data: could not convert string to float: '2024-01-21T00:00:00+00:00'
2024-10-31 10:00:29,855 - portfolio.stats - WARNING - Error processing week data: could not convert string to float: '2024-01-28T00:00:00+00:00'
2024-10-31 10:00:29,856 - portfolio.stats - WARNING - Error processing week data: could not convert string to float: '2024-02-04T00:00:00+00:00'
2024-10-31 10:00:29,857 - portfolio.stats - WARNING - Error processing week data: could not convert string to float: '2024-02-11T00:00:00+00:00'
2024-10-31 10:00:29,858 - portfolio.stats - WARNING - Error processing week data: could not convert string to float: '2024-02-18T00:00:00+00:00'
2024-10-31 10:00:29,860 - portfolio.stats - WARNING - Error processing week data: could not convert string to float: '2024-02-25T00:00:00+00:00'
2024-10-31 10:00:29,861 - portfolio.stats - WARNING - Error processing week data: could not convert string to float: '2024-03-03T00:00:00+00:00'
2024-10-31 10:00:29,862 - portfolio.stats - WARNING - Error processing week data: could not convert string to float: '2024-03-10T00:00:00+00:00'
2024-10-31 10:00:29,863 - portfolio.stats - WARNING - Error processing week data: could not convert string to float: '2024-03-17T00:00:00+00:00'
2024-10-31 10:00:29,864 - portfolio.stats - WARNING - Error processing week data: could not convert string to float: '2024-03-24T00:00:00+00:00'
2024-10-31 10:00:29,866 - portfolio.stats - WARNING - Error processing week data: could not convert string to float: '2024-03-31T00:00:00+00:00'
2024-10-31 10:00:29,867 - portfolio.stats - WARNING - Error processing week data: could not convert string to float: '2024-04-07T00:00:00+00:00'
2024-10-31 10:00:29,868 - portfolio.stats - WARNING - Error processing week data: could not convert string to float: '2024-04-14T00:00:00+00:00'
2024-10-31 10:00:29,869 - portfolio.stats - WARNING - Error processing week data: could not convert string to float: '2024-04-21T00:00:00+00:00'
2024-10-31 10:00:29,871 - portfolio.stats - WARNING - Error processing week data: could not convert string to float: '2024-04-28T00:00:00+00:00'
2024-10-31 10:00:29,872 - portfolio.stats - WARNING - Error processing week data: could not convert string to float: '2024-05-05T00:00:00+00:00'
2024-10-31 10:00:29,873 - portfolio.stats - WARNING - Error processing week data: could not convert string to float: '2024-05-12T00:00:00+00:00'
2024-10-31 10:00:29,874 - portfolio.stats - WARNING - Error processing week data: could not convert string to float: '2024-05-19T00:00:00+00:00'
2024-10-31 10:00:29,875 - portfolio.stats - WARNING - Error processing week data: could not convert string to float: '2024-05-26T00:00:00+00:00'
2024-10-31 10:00:29,877 - portfolio.stats - WARNING - Error processing week data: could not convert string to float: '2024-06-02T00:00:00+00:00'
2024-10-31 10:00:29,878 - portfolio.stats - WARNING - Error processing week data: could not convert string to float: '2024-06-09T00:00:00+00:00'
2024-10-31 10:00:29,879 - portfolio.stats - WARNING - Error processing week data: could not convert string to float: '2024-06-16T00:00:00+00:00'
2024-10-31 10:00:29,880 - portfolio.stats - WARNING - Error processing week data: could not convert string to float: '2024-06-23T00:00:00+00:00'
2024-10-31 10:00:29,881 - portfolio.stats - WARNING - Error processing week data: could not convert string to float: '2024-06-30T00:00:00+00:00'
2024-10-31 10:00:29,883 - portfolio.stats - WARNING - Error processing week data: could not convert string to float: '2024-07-07T00:00:00+00:00'
2024-10-31 10:00:29,884 - portfolio.stats - WARNING - Error processing week data: could not convert string to float: '2024-07-14T00:00:00+00:00'
2024-10-31 10:00:29,885 - portfolio.stats - WARNING - Error processing week data: could not convert string to float: '2024-07-21T00:00:00+00:00'
2024-10-31 10:00:29,886 - portfolio.stats - WARNING - Error processing week data: could not convert string to float: '2024-07-28T00:00:00+00:00'
2024-10-31 10:00:29,888 - portfolio.stats - WARNING - Error processing week data: could not convert string to float: '2024-08-04T00:00:00+00:00'
2024-10-31 10:00:29,889 - portfolio.stats - WARNING - Error processing week data: could not convert string to float: '2024-08-11T00:00:00+00:00'
2024-10-31 10:00:29,891 - portfolio.stats - WARNING - Error processing week data: could not convert string to float: '2024-08-18T00:00:00+00:00'
2024-10-31 10:00:29,892 - portfolio.stats - WARNING - Error processing week data: could not convert string to float: '2024-08-25T00:00:00+00:00'
2024-10-31 10:00:29,894 - portfolio.stats - WARNING - Error processing week data: could not convert string to float: '2024-09-01T00:00:00+00:00'
2024-10-31 10:00:29,895 - portfolio.stats - WARNING - Error processing week data: could not convert string to float: '2024-09-08T00:00:00+00:00'
2024-10-31 10:00:29,896 - portfolio.stats - WARNING - Error processing week data: could not convert string to float: '2024-09-15T00:00:00+00:00'
2024-10-31 10:00:29,897 - portfolio.stats - WARNING - Error processing week data: could not convert string to float: '2024-09-22T00:00:00+00:00'
2024-10-31 10:00:29,899 - portfolio.stats - WARNING - Error processing week data: could not convert string to float: '2024-09-29T00:00:00+00:00'
2024-10-31 10:00:29,900 - portfolio.stats - WARNING - Error processing week data: could not convert string to float: '2024-10-06T00:00:00+00:00'
2024-10-31 10:00:29,901 - portfolio.stats - WARNING - Error processing week data: could not convert string to float: '2024-10-13T00:00:00+00:00'
2024-10-31 10:00:29,902 - portfolio.stats - WARNING - Error processing week data: could not convert string to float: '2024-10-20T00:00:00+00:00'
2024-10-31 10:00:29,904 - portfolio.stats - WARNING - Error processing week data: could not convert string to float: '2024-10-27T00:00:00+00:00'
2024-10-31 10:00:29,905 - portfolio.stats - WARNING - Error processing week data: could not convert string to float: '2023-11-05T00:00:00+00:00'
2024-10-31 10:00:29,906 - portfolio.stats - WARNING - Error processing week data: could not convert string to float: '2023-11-12T00:00:00+00:00'
2024-10-31 10:00:29,907 - portfolio.stats - WARNING - Error processing week data: could not convert string to float: '2023-11-19T00:00:00+00:00'
2024-10-31 10:00:29,909 - portfolio.stats - WARNING - Error processing week data: could not convert string to float: '2023-11-26T00:00:00+00:00'
2024-10-31 10:00:29,910 - portfolio.stats - WARNING - Error processing week data: could not convert string to float: '2023-12-03T00:00:00+00:00'
2024-10-31 10:00:29,911 - portfolio.stats - WARNING - Error processing week data: could not convert string to float: '2023-12-10T00:00:00+00:00'
2024-10-31 10:00:29,912 - portfolio.stats - WARNING - Error processing week data: could not convert string to float: '2023-12-17T00:00:00+00:00'
2024-10-31 10:00:29,914 - portfolio.stats - WARNING - Error processing week data: could not convert string to float: '2023-12-24T00:00:00+00:00'
2024-10-31 10:00:29,915 - portfolio.stats - WARNING - Error processing week data: could not convert string to float: '2023-12-31T00:00:00+00:00'
2024-10-31 10:00:29,916 - portfolio.stats - WARNING - Error processing week data: could not convert string to float: '2024-01-07T00:00:00+00:00'
2024-10-31 10:00:29,917 - portfolio.stats - WARNING - Error processing week data: could not convert string to float: '2024-01-14T00:00:00+00:00'
2024-10-31 10:00:29,918 - portfolio.stats - WARNING - Error processing week data: could not convert string to float: '2024-01-21T00:00:00+00:00'
2024-10-31 10:00:29,920 - portfolio.stats - WARNING - Error processing week data: could not convert string to float: '2024-01-28T00:00:00+00:00'
2024-10-31 10:00:29,921 - portfolio.stats - WARNING - Error processing week data: could not convert string to float: '2024-02-04T00:00:00+00:00'
2024-10-31 10:00:29,922 - portfolio.stats - WARNING - Error processing week data: could not convert string to float: '2024-02-11T00:00:00+00:00'
2024-10-31 10:00:29,923 - portfolio.stats - WARNING - Error processing week data: could not convert string to float: '2024-02-18T00:00:00+00:00'
2024-10-31 10:00:29,925 - portfolio.stats - WARNING - Error processing week data: could not convert string to float: '2024-02-25T00:00:00+00:00'
2024-10-31 10:00:29,926 - portfolio.stats - WARNING - Error processing week data: could not convert string to float: '2024-03-03T00:00:00+00:00'
2024-10-31 10:00:29,927 - portfolio.stats - WARNING - Error processing week data: could not convert string to float: '2024-03-10T00:00:00+00:00'
2024-10-31 10:00:29,928 - portfolio.stats - WARNING - Error processing week data: could not convert string to float: '2024-03-17T00:00:00+00:00'
2024-10-31 10:00:29,930 - portfolio.stats - WARNING - Error processing week data: could not convert string to float: '2024-03-24T00:00:00+00:00'
2024-10-31 10:00:29,931 - portfolio.stats - WARNING - Error processing week data: could not convert string to float: '2024-03-31T00:00:00+00:00'
2024-10-31 10:00:29,932 - portfolio.stats - WARNING - Error processing week data: could not convert string to float: '2024-04-07T00:00:00+00:00'
2024-10-31 10:00:29,933 - portfolio.stats - WARNING - Error processing week data: could not convert string to float: '2024-04-14T00:00:00+00:00'
2024-10-31 10:00:29,935 - portfolio.stats - WARNING - Error processing week data: could not convert string to float: '2024-04-21T00:00:00+00:00'
2024-10-31 10:00:29,936 - portfolio.stats - WARNING - Error processing week data: could not convert string to float: '2024-04-28T00:00:00+00:00'
2024-10-31 10:00:29,937 - portfolio.stats - WARNING - Error processing week data: could not convert string to float: '2024-05-05T00:00:00+00:00'
2024-10-31 10:00:29,938 - portfolio.stats - WARNING - Error processing week data: could not convert string to float: '2024-05-12T00:00:00+00:00'
2024-10-31 10:00:29,940 - portfolio.stats - WARNING - Error processing week data: could not convert string to float: '2024-05-19T00:00:00+00:00'
2024-10-31 10:00:29,941 - portfolio.stats - WARNING - Error processing week data: could not convert string to float: '2024-05-26T00:00:00+00:00'
2024-10-31 10:00:29,942 - portfolio.stats - WARNING - Error processing week data: could not convert string to float: '2024-06-02T00:00:00+00:00'
2024-10-31 10:00:29,943 - portfolio.stats - WARNING - Error processing week data: could not convert string to float: '2024-06-09T00:00:00+00:00'
2024-10-31 10:00:29,944 - portfolio.stats - WARNING - Error processing week data: could not convert string to float: '2024-06-16T00:00:00+00:00'
2024-10-31 10:00:29,946 - portfolio.stats - WARNING - Error processing week data: could not convert string to float: '2024-06-23T00:00:00+00:00'
2024-10-31 10:00:29,947 - portfolio.stats - WARNING - Error processing week data: could not convert string to float: '2024-06-30T00:00:00+00:00'
2024-10-31 10:00:29,948 - portfolio.stats - WARNING - Error processing week data: could not convert string to float: '2024-07-07T00:00:00+00:00'
2024-10-31 10:00:29,949 - portfolio.stats - WARNING - Error processing week data: could not convert string to float: '2024-07-14T00:00:00+00:00'
2024-10-31 10:00:29,951 - portfolio.stats - WARNING - Error processing week data: could not convert string to float: '2024-07-21T00:00:00+00:00'
2024-10-31 10:00:29,952 - portfolio.stats - WARNING - Error processing week data: could not convert string to float: '2024-07-28T00:00:00+00:00'
2024-10-31 10:00:29,953 - portfolio.stats - WARNING - Error processing week data: could not convert string to float: '2024-08-04T00:00:00+00:00'
2024-10-31 10:00:29,954 - portfolio.stats - WARNING - Error processing week data: could not convert string to float: '2024-08-11T00:00:00+00:00'
2024-10-31 10:00:29,956 - portfolio.stats - WARNING - Error processing week data: could not convert string to float: '2024-08-18T00:00:00+00:00'
2024-10-31 10:00:29,957 - portfolio.stats - WARNING - Error processing week data: could not convert string to float: '2024-08-25T00:00:00+00:00'
2024-10-31 10:00:29,958 - portfolio.stats - WARNING - Error processing week data: could not convert string to float: '2024-09-01T00:00:00+00:00'
2024-10-31 10:00:29,959 - portfolio.stats - WARNING - Error processing week data: could not convert string to float: '2024-09-08T00:00:00+00:00'
2024-10-31 10:00:29,961 - portfolio.stats - WARNING - Error processing week data: could not convert string to float: '2024-09-15T00:00:00+00:00'
2024-10-31 10:00:29,963 - portfolio.stats - WARNING - Error processing week data: could not convert string to float: '2024-09-22T00:00:00+00:00'
2024-10-31 10:00:29,964 - portfolio.stats - WARNING - Error processing week data: could not convert string to float: '2024-09-29T00:00:00+00:00'
2024-10-31 10:00:29,965 - portfolio.stats - WARNING - Error processing week data: could not convert string to float: '2024-10-06T00:00:00+00:00'
2024-10-31 10:00:29,966 - portfolio.stats - WARNING - Error processing week data: could not convert string to float: '2024-10-13T00:00:00+00:00'
2024-10-31 10:00:29,968 - portfolio.stats - WARNING - Error processing week data: could not convert string to float: '2024-10-20T00:00:00+00:00'
2024-10-31 10:00:29,969 - portfolio.stats - WARNING - Error processing week data: could not convert string to float: '2024-10-27T00:00:00+00:00'
2024-10-31 10:00:29,971 - portfolio.stats - WARNING - Error processing week data: could not convert string to float: '2023-11-05T00:00:00+00:00'
2024-10-31 10:00:29,972 - portfolio.stats - WARNING - Error processing week data: could not convert string to float: '2023-11-12T00:00:00+00:00'
2024-10-31 10:00:29,973 - portfolio.stats - WARNING - Error processing week data: could not convert string to float: '2023-11-19T00:00:00+00:00'
2024-10-31 10:00:29,974 - portfolio.stats - WARNING - Error processing week data: could not convert string to float: '2023-11-26T00:00:00+00:00'
2024-10-31 10:00:29,976 - portfolio.stats - WARNING - Error processing week data: could not convert string to float: '2023-12-03T00:00:00+00:00'
2024-10-31 10:00:29,977 - portfolio.stats - WARNING - Error processing week data: could not convert string to float: '2023-12-10T00:00:00+00:00'
2024-10-31 10:00:29,978 - portfolio.stats - WARNING - Error processing week data: could not convert string to float: '2023-12-17T00:00:00+00:00'
2024-10-31 10:00:29,979 - portfolio.stats - WARNING - Error processing week data: could not convert string to float: '2023-12-24T00:00:00+00:00'
2024-10-31 10:00:29,981 - portfolio.stats - WARNING - Error processing week data: could not convert string to float: '2023-12-31T00:00:00+00:00'
2024-10-31 10:00:29,982 - portfolio.stats - WARNING - Error processing week data: could not convert string to float: '2024-01-07T00:00:00+00:00'
2024-10-31 10:00:29,983 - portfolio.stats - WARNING - Error processing week data: could not convert string to float: '2024-01-14T00:00:00+00:00'
2024-10-31 10:00:29,984 - portfolio.stats - WARNING - Error processing week data: could not convert string to float: '2024-01-21T00:00:00+00:00'
2024-10-31 10:00:29,986 - portfolio.stats - WARNING - Error processing week data: could not convert string to float: '2024-01-28T00:00:00+00:00'
2024-10-31 10:00:29,987 - portfolio.stats - WARNING - Error processing week data: could not convert string to float: '2024-02-04T00:00:00+00:00'
2024-10-31 10:00:29,988 - portfolio.stats - WARNING - Error processing week data: could not convert string to float: '2024-02-11T00:00:00+00:00'
2024-10-31 10:00:29,990 - portfolio.stats - WARNING - Error processing week data: could not convert string to float: '2024-02-18T00:00:00+00:00'
2024-10-31 10:00:29,991 - portfolio.stats - WARNING - Error processing week data: could not convert string to float: '2024-02-25T00:00:00+00:00'
2024-10-31 10:00:29,992 - portfolio.stats - WARNING - Error processing week data: could not convert string to float: '2024-03-03T00:00:00+00:00'
2024-10-31 10:00:29,993 - portfolio.stats - WARNING - Error processing week data: could not convert string to float: '2024-03-10T00:00:00+00:00'
2024-10-31 10:00:29,995 - portfolio.stats - WARNING - Error processing week data: could not convert string to float: '2024-03-17T00:00:00+00:00'
2024-10-31 10:00:29,996 - portfolio.stats - WARNING - Error processing week data: could not convert string to float: '2024-03-24T00:00:00+00:00'
2024-10-31 10:00:29,998 - portfolio.stats - WARNING - Error processing week data: could not convert string to float: '2024-03-31T00:00:00+00:00'
2024-10-31 10:00:29,999 - portfolio.stats - WARNING - Error processing week data: could not convert string to float: '2024-04-07T00:00:00+00:00'
2024-10-31 10:00:30,000 - portfolio.stats - WARNING - Error processing week data: could not convert string to float: '2024-04-14T00:00:00+00:00'
2024-10-31 10:00:30,001 - portfolio.stats - WARNING - Error processing week data: could not convert string to float: '2024-04-21T00:00:00+00:00'
2024-10-31 10:00:30,003 - portfolio.stats - WARNING - Error processing week data: could not convert string to float: '2024-04-28T00:00:00+00:00'
2024-10-31 10:00:30,004 - portfolio.stats - WARNING - Error processing week data: could not convert string to float: '2024-05-05T00:00:00+00:00'
2024-10-31 10:00:30,005 - portfolio.stats - WARNING - Error processing week data: could not convert string to float: '2024-05-12T00:00:00+00:00'
2024-10-31 10:00:30,006 - portfolio.stats - WARNING - Error processing week data: could not convert string to float: '2024-05-19T00:00:00+00:00'
2024-10-31 10:00:30,007 - portfolio.stats - WARNING - Error processing week data: could not convert string to float: '2024-05-26T00:00:00+00:00'
2024-10-31 10:00:30,009 - portfolio.stats - WARNING - Error processing week data: could not convert string to float: '2024-06-02T00:00:00+00:00'
2024-10-31 10:00:30,010 - portfolio.stats - WARNING - Error processing week data: could not convert string to float: '2024-06-09T00:00:00+00:00'
2024-10-31 10:00:30,011 - portfolio.stats - WARNING - Error processing week data: could not convert string to float: '2024-06-16T00:00:00+00:00'
2024-10-31 10:00:30,012 - portfolio.stats - WARNING - Error processing week data: could not convert string to float: '2024-06-23T00:00:00+00:00'
2024-10-31 10:00:30,014 - portfolio.stats - WARNING - Error processing week data: could not convert string to float: '2024-06-30T00:00:00+00:00'
2024-10-31 10:00:30,015 - portfolio.stats - WARNING - Error processing week data: could not convert string to float: '2024-07-07T00:00:00+00:00'
2024-10-31 10:00:30,016 - portfolio.stats - WARNING - Error processing week data: could not convert string to float: '2024-07-14T00:00:00+00:00'
2024-10-31 10:00:30,017 - portfolio.stats - WARNING - Error processing week data: could not convert string to float: '2024-07-21T00:00:00+00:00'
2024-10-31 10:00:30,019 - portfolio.stats - WARNING - Error processing week data: could not convert string to float: '2024-07-28T00:00:00+00:00'
2024-10-31 10:00:30,020 - portfolio.stats - WARNING - Error processing week data: could not convert string to float: '2024-08-04T00:00:00+00:00'
2024-10-31 10:00:30,021 - portfolio.stats - WARNING - Error processing week data: could not convert string to float: '2024-08-11T00:00:00+00:00'
2024-10-31 10:00:30,022 - portfolio.stats - WARNING - Error processing week data: could not convert string to float: '2024-08-18T00:00:00+00:00'
2024-10-31 10:00:30,023 - portfolio.stats - WARNING - Error processing week data: could not convert string to float: '2024-08-25T00:00:00+00:00'
2024-10-31 10:00:30,025 - portfolio.stats - WARNING - Error processing week data: could not convert string to float: '2024-09-01T00:00:00+00:00'
2024-10-31 10:00:30,026 - portfolio.stats - WARNING - Error processing week data: could not convert string to float: '2024-09-08T00:00:00+00:00'
2024-10-31 10:00:30,027 - portfolio.stats - WARNING - Error processing week data: could not convert string to float: '2024-09-15T00:00:00+00:00'
2024-10-31 10:00:30,028 - portfolio.stats - WARNING - Error processing week data: could not convert string to float: '2024-09-22T00:00:00+00:00'
2024-10-31 10:00:30,029 - portfolio.stats - WARNING - Error processing week data: could not convert string to float: '2024-09-29T00:00:00+00:00'
2024-10-31 10:00:30,031 - portfolio.stats - WARNING - Error processing week data: could not convert string to float: '2024-10-06T00:00:00+00:00'
2024-10-31 10:00:30,032 - portfolio.stats - WARNING - Error processing week data: could not convert string to float: '2024-10-13T00:00:00+00:00'
2024-10-31 10:00:30,033 - portfolio.stats - WARNING - Error processing week data: could not convert string to float: '2024-10-20T00:00:00+00:00'
2024-10-31 10:00:30,034 - portfolio.stats - WARNING - Error processing week data: could not convert string to float: '2024-10-27T00:00:00+00:00'
2024-10-31 10:00:30,036 - portfolio.stats - WARNING - Error processing week data: could not convert string to float: '2023-11-05T00:00:00+00:00'
2024-10-31 10:00:30,037 - portfolio.stats - WARNING - Error processing week data: could not convert string to float: '2023-11-12T00:00:00+00:00'
2024-10-31 10:00:30,038 - portfolio.stats - WARNING - Error processing week data: could not convert string to float: '2023-11-19T00:00:00+00:00'
2024-10-31 10:00:30,039 - portfolio.stats - WARNING - Error processing week data: could not convert string to float: '2023-11-26T00:00:00+00:00'
2024-10-31 10:00:30,040 - portfolio.stats - WARNING - Error processing week data: could not convert string to float: '2023-12-03T00:00:00+00:00'
2024-10-31 10:00:30,042 - portfolio.stats - WARNING - Error processing week data: could not convert string to float: '2023-12-10T00:00:00+00:00'
2024-10-31 10:00:30,043 - portfolio.stats - WARNING - Error processing week data: could not convert string to float: '2023-12-17T00:00:00+00:00'
2024-10-31 10:00:30,044 - portfolio.stats - WARNING - Error processing week data: could not convert string to float: '2023-12-24T00:00:00+00:00'
2024-10-31 10:00:30,046 - portfolio.stats - WARNING - Error processing week data: could not convert string to float: '2023-12-31T00:00:00+00:00'
2024-10-31 10:00:30,048 - portfolio.stats - WARNING - Error processing week data: could not convert string to float: '2024-01-07T00:00:00+00:00'
2024-10-31 10:00:30,049 - portfolio.stats - WARNING - Error processing week data: could not convert string to float: '2024-01-14T00:00:00+00:00'
2024-10-31 10:00:30,051 - portfolio.stats - WARNING - Error processing week data: could not convert string to float: '2024-01-21T00:00:00+00:00'
2024-10-31 10:00:30,052 - portfolio.stats - WARNING - Error processing week data: could not convert string to float: '2024-01-28T00:00:00+00:00'
2024-10-31 10:00:30,054 - portfolio.stats - WARNING - Error processing week data: could not convert string to float: '2024-02-04T00:00:00+00:00'
2024-10-31 10:00:30,055 - portfolio.stats - WARNING - Error processing week data: could not convert string to float: '2024-02-11T00:00:00+00:00'
2024-10-31 10:00:30,057 - portfolio.stats - WARNING - Error processing week data: could not convert string to float: '2024-02-18T00:00:00+00:00'
2024-10-31 10:00:30,058 - portfolio.stats - WARNING - Error processing week data: could not convert string to float: '2024-02-25T00:00:00+00:00'
2024-10-31 10:00:30,060 - portfolio.stats - WARNING - Error processing week data: could not convert string to float: '2024-03-03T00:00:00+00:00'
2024-10-31 10:00:30,062 - portfolio.stats - WARNING - Error processing week data: could not convert string to float: '2024-03-10T00:00:00+00:00'
2024-10-31 10:00:30,063 - portfolio.stats - WARNING - Error processing week data: could not convert string to float: '2024-03-17T00:00:00+00:00'
2024-10-31 10:00:30,065 - portfolio.stats - WARNING - Error processing week data: could not convert string to float: '2024-03-24T00:00:00+00:00'
2024-10-31 10:00:30,066 - portfolio.stats - WARNING - Error processing week data: could not convert string to float: '2024-03-31T00:00:00+00:00'
2024-10-31 10:00:30,068 - portfolio.stats - WARNING - Error processing week data: could not convert string to float: '2024-04-07T00:00:00+00:00'
2024-10-31 10:00:30,069 - portfolio.stats - WARNING - Error processing week data: could not convert string to float: '2024-04-14T00:00:00+00:00'
2024-10-31 10:00:30,071 - portfolio.stats - WARNING - Error processing week data: could not convert string to float: '2024-04-21T00:00:00+00:00'
2024-10-31 10:00:30,072 - portfolio.stats - WARNING - Error processing week data: could not convert string to float: '2024-04-28T00:00:00+00:00'
2024-10-31 10:00:30,074 - portfolio.stats - WARNING - Error processing week data: could not convert string to float: '2024-05-05T00:00:00+00:00'
2024-10-31 10:00:30,076 - portfolio.stats - WARNING - Error processing week data: could not convert string to float: '2024-05-12T00:00:00+00:00'
2024-10-31 10:00:30,077 - portfolio.stats - WARNING - Error processing week data: could not convert string to float: '2024-05-19T00:00:00+00:00'
2024-10-31 10:00:30,079 - portfolio.stats - WARNING - Error processing week data: could not convert string to float: '2024-05-26T00:00:00+00:00'
2024-10-31 10:00:30,080 - portfolio.stats - WARNING - Error processing week data: could not convert string to float: '2024-06-02T00:00:00+00:00'
2024-10-31 10:00:30,082 - portfolio.stats - WARNING - Error processing week data: could not convert string to float: '2024-06-09T00:00:00+00:00'
2024-10-31 10:00:30,083 - portfolio.stats - WARNING - Error processing week data: could not convert string to float: '2024-06-16T00:00:00+00:00'
2024-10-31 10:00:30,085 - portfolio.stats - WARNING - Error processing week data: could not convert string to float: '2024-06-23T00:00:00+00:00'
2024-10-31 10:00:30,087 - portfolio.stats - WARNING - Error processing week data: could not convert string to float: '2024-06-30T00:00:00+00:00'
2024-10-31 10:00:30,088 - portfolio.stats - WARNING - Error processing week data: could not convert string to float: '2024-07-07T00:00:00+00:00'
2024-10-31 10:00:30,090 - portfolio.stats - WARNING - Error processing week data: could not convert string to float: '2024-07-14T00:00:00+00:00'
2024-10-31 10:00:30,092 - portfolio.stats - WARNING - Error processing week data: could not convert string to float: '2024-07-21T00:00:00+00:00'
2024-10-31 10:00:30,094 - portfolio.stats - WARNING - Error processing week data: could not convert string to float: '2024-07-28T00:00:00+00:00'
2024-10-31 10:00:30,095 - portfolio.stats - WARNING - Error processing week data: could not convert string to float: '2024-08-04T00:00:00+00:00'
2024-10-31 10:00:30,097 - portfolio.stats - WARNING - Error processing week data: could not convert string to float: '2024-08-11T00:00:00+00:00'
2024-10-31 10:00:30,099 - portfolio.stats - WARNING - Error processing week data: could not convert string to float: '2024-08-18T00:00:00+00:00'
2024-10-31 10:00:30,100 - portfolio.stats - WARNING - Error processing week data: could not convert string to float: '2024-08-25T00:00:00+00:00'
2024-10-31 10:00:30,102 - portfolio.stats - WARNING - Error processing week data: could not convert string to float: '2024-09-01T00:00:00+00:00'
2024-10-31 10:00:30,104 - portfolio.stats - WARNING - Error processing week data: could not convert string to float: '2024-09-08T00:00:00+00:00'
2024-10-31 10:00:30,106 - portfolio.stats - WARNING - Error processing week data: could not convert string to float: '2024-09-15T00:00:00+00:00'
2024-10-31 10:00:30,108 - portfolio.stats - WARNING - Error processing week data: could not convert string to float: '2024-09-22T00:00:00+00:00'
2024-10-31 10:00:30,109 - portfolio.stats - WARNING - Error processing week data: could not convert string to float: '2024-09-29T00:00:00+00:00'
2024-10-31 10:00:30,111 - portfolio.stats - WARNING - Error processing week data: could not convert string to float: '2024-10-06T00:00:00+00:00'
2024-10-31 10:00:30,113 - portfolio.stats - WARNING - Error processing week data: could not convert string to float: '2024-10-13T00:00:00+00:00'
2024-10-31 10:00:30,115 - portfolio.stats - WARNING - Error processing week data: could not convert string to float: '2024-10-20T00:00:00+00:00'
2024-10-31 10:00:30,117 - portfolio.stats - WARNING - Error processing week data: could not convert string to float: '2024-10-27T00:00:00+00:00'
2024-10-31 10:00:30,119 - portfolio.stats - WARNING - Error processing week data: could not convert string to float: '2023-11-05T00:00:00+00:00'
2024-10-31 10:00:30,120 - portfolio.stats - WARNING - Error processing week data: could not convert string to float: '2023-11-12T00:00:00+00:00'
2024-10-31 10:00:30,122 - portfolio.stats - WARNING - Error processing week data: could not convert string to float: '2023-11-19T00:00:00+00:00'
2024-10-31 10:00:30,123 - portfolio.stats - WARNING - Error processing week data: could not convert string to float: '2023-11-26T00:00:00+00:00'
2024-10-31 10:00:30,125 - portfolio.stats - WARNING - Error processing week data: could not convert string to float: '2023-12-03T00:00:00+00:00'
2024-10-31 10:00:30,126 - portfolio.stats - WARNING - Error processing week data: could not convert string to float: '2023-12-10T00:00:00+00:00'
2024-10-31 10:00:30,127 - portfolio.stats - WARNING - Error processing week data: could not convert string to float: '2023-12-17T00:00:00+00:00'
2024-10-31 10:00:30,129 - portfolio.stats - WARNING - Error processing week data: could not convert string to float: '2023-12-24T00:00:00+00:00'
2024-10-31 10:00:30,130 - portfolio.stats - WARNING - Error processing week data: could not convert string to float: '2023-12-31T00:00:00+00:00'
2024-10-31 10:00:30,131 - portfolio.stats - WARNING - Error processing week data: could not convert string to float: '2024-01-07T00:00:00+00:00'
2024-10-31 10:00:30,133 - portfolio.stats - WARNING - Error processing week data: could not convert string to float: '2024-01-14T00:00:00+00:00'
2024-10-31 10:00:30,134 - portfolio.stats - WARNING - Error processing week data: could not convert string to float: '2024-01-21T00:00:00+00:00'
2024-10-31 10:00:30,136 - portfolio.stats - WARNING - Error processing week data: could not convert string to float: '2024-01-28T00:00:00+00:00'
2024-10-31 10:00:30,137 - portfolio.stats - WARNING - Error processing week data: could not convert string to float: '2024-02-04T00:00:00+00:00'
2024-10-31 10:00:30,138 - portfolio.stats - WARNING - Error processing week data: could not convert string to float: '2024-02-11T00:00:00+00:00'
2024-10-31 10:00:30,140 - portfolio.stats - WARNING - Error processing week data: could not convert string to float: '2024-02-18T00:00:00+00:00'
2024-10-31 10:00:30,141 - portfolio.stats - WARNING - Error processing week data: could not convert string to float: '2024-02-25T00:00:00+00:00'
2024-10-31 10:00:30,142 - portfolio.stats - WARNING - Error processing week data: could not convert string to float: '2024-03-03T00:00:00+00:00'
2024-10-31 10:00:30,144 - portfolio.stats - WARNING - Error processing week data: could not convert string to float: '2024-03-10T00:00:00+00:00'
2024-10-31 10:00:30,145 - portfolio.stats - WARNING - Error processing week data: could not convert string to float: '2024-03-17T00:00:00+00:00'
2024-10-31 10:00:30,146 - portfolio.stats - WARNING - Error processing week data: could not convert string to float: '2024-03-24T00:00:00+00:00'
2024-10-31 10:00:30,147 - portfolio.stats - WARNING - Error processing week data: could not convert string to float: '2024-03-31T00:00:00+00:00'
2024-10-31 10:00:30,149 - portfolio.stats - WARNING - Error processing week data: could not convert string to float: '2024-04-07T00:00:00+00:00'
2024-10-31 10:00:30,150 - portfolio.stats - WARNING - Error processing week data: could not convert string to float: '2024-04-14T00:00:00+00:00'
2024-10-31 10:00:30,151 - portfolio.stats - WARNING - Error processing week data: could not convert string to float: '2024-04-21T00:00:00+00:00'
2024-10-31 10:00:30,152 - portfolio.stats - WARNING - Error processing week data: could not convert string to float: '2024-04-28T00:00:00+00:00'
2024-10-31 10:00:30,153 - portfolio.stats - WARNING - Error processing week data: could not convert string to float: '2024-05-05T00:00:00+00:00'
2024-10-31 10:00:30,155 - portfolio.stats - WARNING - Error processing week data: could not convert string to float: '2024-05-12T00:00:00+00:00'
2024-10-31 10:00:30,156 - portfolio.stats - WARNING - Error processing week data: could not convert string to float: '2024-05-19T00:00:00+00:00'
2024-10-31 10:00:30,157 - portfolio.stats - WARNING - Error processing week data: could not convert string to float: '2024-05-26T00:00:00+00:00'
2024-10-31 10:00:30,158 - portfolio.stats - WARNING - Error processing week data: could not convert string to float: '2024-06-02T00:00:00+00:00'
2024-10-31 10:00:30,160 - portfolio.stats - WARNING - Error processing week data: could not convert string to float: '2024-06-09T00:00:00+00:00'
2024-10-31 10:00:30,161 - portfolio.stats - WARNING - Error processing week data: could not convert string to float: '2024-06-16T00:00:00+00:00'
2024-10-31 10:00:30,162 - portfolio.stats - WARNING - Error processing week data: could not convert string to float: '2024-06-23T00:00:00+00:00'
2024-10-31 10:00:30,163 - portfolio.stats - WARNING - Error processing week data: could not convert string to float: '2024-06-30T00:00:00+00:00'
2024-10-31 10:00:30,165 - portfolio.stats - WARNING - Error processing week data: could not convert string to float: '2024-07-07T00:00:00+00:00'
2024-10-31 10:00:30,166 - portfolio.stats - WARNING - Error processing week data: could not convert string to float: '2024-07-14T00:00:00+00:00'
2024-10-31 10:00:30,167 - portfolio.stats - WARNING - Error processing week data: could not convert string to float: '2024-07-21T00:00:00+00:00'
2024-10-31 10:00:30,168 - portfolio.stats - WARNING - Error processing week data: could not convert string to float: '2024-07-28T00:00:00+00:00'
2024-10-31 10:00:30,170 - portfolio.stats - WARNING - Error processing week data: could not convert string to float: '2024-08-04T00:00:00+00:00'
2024-10-31 10:00:30,171 - portfolio.stats - WARNING - Error processing week data: could not convert string to float: '2024-08-11T00:00:00+00:00'
2024-10-31 10:00:30,172 - portfolio.stats - WARNING - Error processing week data: could not convert string to float: '2024-08-18T00:00:00+00:00'
2024-10-31 10:00:30,173 - portfolio.stats - WARNING - Error processing week data: could not convert string to float: '2024-08-25T00:00:00+00:00'
2024-10-31 10:00:30,175 - portfolio.stats - WARNING - Error processing week data: could not convert string to float: '2024-09-01T00:00:00+00:00'
2024-10-31 10:00:30,176 - portfolio.stats - WARNING - Error processing week data: could not convert string to float: '2024-09-08T00:00:00+00:00'
2024-10-31 10:00:30,177 - portfolio.stats - WARNING - Error processing week data: could not convert string to float: '2024-09-15T00:00:00+00:00'
2024-10-31 10:00:30,178 - portfolio.stats - WARNING - Error processing week data: could not convert string to float: '2024-09-22T00:00:00+00:00'
2024-10-31 10:00:30,180 - portfolio.stats - WARNING - Error processing week data: could not convert string to float: '2024-09-29T00:00:00+00:00'
2024-10-31 10:00:30,181 - portfolio.stats - WARNING - Error processing week data: could not convert string to float: '2024-10-06T00:00:00+00:00'
2024-10-31 10:00:30,182 - portfolio.stats - WARNING - Error processing week data: could not convert string to float: '2024-10-13T00:00:00+00:00'
2024-10-31 10:00:30,183 - portfolio.stats - WARNING - Error processing week data: could not convert string to float: '2024-10-20T00:00:00+00:00'
2024-10-31 10:00:30,185 - portfolio.stats - WARNING - Error processing week data: could not convert string to float: '2024-10-27T00:00:00+00:00'
2024-10-31 10:00:30,186 - portfolio.stats - WARNING - Error processing week data: could not convert string to float: '2023-11-05T00:00:00+00:00'
2024-10-31 10:00:30,187 - portfolio.stats - WARNING - Error processing week data: could not convert string to float: '2023-11-12T00:00:00+00:00'
2024-10-31 10:00:30,188 - portfolio.stats - WARNING - Error processing week data: could not convert string to float: '2023-11-19T00:00:00+00:00'
2024-10-31 10:00:30,189 - portfolio.stats - WARNING - Error processing week data: could not convert string to float: '2023-11-26T00:00:00+00:00'
2024-10-31 10:00:30,191 - portfolio.stats - WARNING - Error processing week data: could not convert string to float: '2023-12-03T00:00:00+00:00'
2024-10-31 10:00:30,192 - portfolio.stats - WARNING - Error processing week data: could not convert string to float: '2023-12-10T00:00:00+00:00'
2024-10-31 10:00:30,193 - portfolio.stats - WARNING - Error processing week data: could not convert string to float: '2023-12-17T00:00:00+00:00'
2024-10-31 10:00:30,194 - portfolio.stats - WARNING - Error processing week data: could not convert string to float: '2023-12-24T00:00:00+00:00'
2024-10-31 10:00:30,196 - portfolio.stats - WARNING - Error processing week data: could not convert string to float: '2023-12-31T00:00:00+00:00'
2024-10-31 10:00:30,197 - portfolio.stats - WARNING - Error processing week data: could not convert string to float: '2024-01-07T00:00:00+00:00'
2024-10-31 10:00:30,198 - portfolio.stats - WARNING - Error processing week data: could not convert string to float: '2024-01-14T00:00:00+00:00'
2024-10-31 10:00:30,199 - portfolio.stats - WARNING - Error processing week data: could not convert string to float: '2024-01-21T00:00:00+00:00'
2024-10-31 10:00:30,200 - portfolio.stats - WARNING - Error processing week data: could not convert string to float: '2024-01-28T00:00:00+00:00'
2024-10-31 10:00:30,202 - portfolio.stats - WARNING - Error processing week data: could not convert string to float: '2024-02-04T00:00:00+00:00'
2024-10-31 10:00:30,203 - portfolio.stats - WARNING - Error processing week data: could not convert string to float: '2024-02-11T00:00:00+00:00'
2024-10-31 10:00:30,204 - portfolio.stats - WARNING - Error processing week data: could not convert string to float: '2024-02-18T00:00:00+00:00'
2024-10-31 10:00:30,205 - portfolio.stats - WARNING - Error processing week data: could not convert string to float: '2024-02-25T00:00:00+00:00'
2024-10-31 10:00:30,207 - portfolio.stats - WARNING - Error processing week data: could not convert string to float: '2024-03-03T00:00:00+00:00'
2024-10-31 10:00:30,208 - portfolio.stats - WARNING - Error processing week data: could not convert string to float: '2024-03-10T00:00:00+00:00'
2024-10-31 10:00:30,209 - portfolio.stats - WARNING - Error processing week data: could not convert string to float: '2024-03-17T00:00:00+00:00'
2024-10-31 10:00:30,211 - portfolio.stats - WARNING - Error processing week data: could not convert string to float: '2024-03-24T00:00:00+00:00'
2024-10-31 10:00:30,212 - portfolio.stats - WARNING - Error processing week data: could not convert string to float: '2024-03-31T00:00:00+00:00'
2024-10-31 10:00:30,213 - portfolio.stats - WARNING - Error processing week data: could not convert string to float: '2024-04-07T00:00:00+00:00'
2024-10-31 10:00:30,215 - portfolio.stats - WARNING - Error processing week data: could not convert string to float: '2024-04-14T00:00:00+00:00'
2024-10-31 10:00:30,216 - portfolio.stats - WARNING - Error processing week data: could not convert string to float: '2024-04-21T00:00:00+00:00'
2024-10-31 10:00:30,217 - portfolio.stats - WARNING - Error processing week data: could not convert string to float: '2024-04-28T00:00:00+00:00'
2024-10-31 10:00:30,218 - portfolio.stats - WARNING - Error processing week data: could not convert string to float: '2024-05-05T00:00:00+00:00'
2024-10-31 10:00:30,219 - portfolio.stats - WARNING - Error processing week data: could not convert string to float: '2024-05-12T00:00:00+00:00'
2024-10-31 10:00:30,221 - portfolio.stats - WARNING - Error processing week data: could not convert string to float: '2024-05-19T00:00:00+00:00'
2024-10-31 10:00:30,222 - portfolio.stats - WARNING - Error processing week data: could not convert string to float: '2024-05-26T00:00:00+00:00'
2024-10-31 10:00:30,223 - portfolio.stats - WARNING - Error processing week data: could not convert string to float: '2024-06-02T00:00:00+00:00'
2024-10-31 10:00:30,225 - portfolio.stats - WARNING - Error processing week data: could not convert string to float: '2024-06-09T00:00:00+00:00'
2024-10-31 10:00:30,226 - portfolio.stats - WARNING - Error processing week data: could not convert string to float: '2024-06-16T00:00:00+00:00'
2024-10-31 10:00:30,227 - portfolio.stats - WARNING - Error processing week data: could not convert string to float: '2024-06-23T00:00:00+00:00'
2024-10-31 10:00:30,228 - portfolio.stats - WARNING - Error processing week data: could not convert string to float: '2024-06-30T00:00:00+00:00'
2024-10-31 10:00:30,229 - portfolio.stats - WARNING - Error processing week data: could not convert string to float: '2024-07-07T00:00:00+00:00'
2024-10-31 10:00:30,231 - portfolio.stats - WARNING - Error processing week data: could not convert string to float: '2024-07-14T00:00:00+00:00'
2024-10-31 10:00:30,232 - portfolio.stats - WARNING - Error processing week data: could not convert string to float: '2024-07-21T00:00:00+00:00'
2024-10-31 10:00:30,233 - portfolio.stats - WARNING - Error processing week data: could not convert string to float: '2024-07-28T00:00:00+00:00'
2024-10-31 10:00:30,234 - portfolio.stats - WARNING - Error processing week data: could not convert string to float: '2024-08-04T00:00:00+00:00'
2024-10-31 10:00:30,236 - portfolio.stats - WARNING - Error processing week data: could not convert string to float: '2024-08-11T00:00:00+00:00'
2024-10-31 10:00:30,237 - portfolio.stats - WARNING - Error processing week data: could not convert string to float: '2024-08-18T00:00:00+00:00'
2024-10-31 10:00:30,238 - portfolio.stats - WARNING - Error processing week data: could not convert string to float: '2024-08-25T00:00:00+00:00'
2024-10-31 10:00:30,239 - portfolio.stats - WARNING - Error processing week data: could not convert string to float: '2024-09-01T00:00:00+00:00'
2024-10-31 10:00:30,240 - portfolio.stats - WARNING - Error processing week data: could not convert string to float: '2024-09-08T00:00:00+00:00'
2024-10-31 10:00:30,242 - portfolio.stats - WARNING - Error processing week data: could not convert string to float: '2024-09-15T00:00:00+00:00'
2024-10-31 10:00:30,243 - portfolio.stats - WARNING - Error processing week data: could not convert string to float: '2024-09-22T00:00:00+00:00'
2024-10-31 10:00:30,244 - portfolio.stats - WARNING - Error processing week data: could not convert string to float: '2024-09-29T00:00:00+00:00'
2024-10-31 10:00:30,245 - portfolio.stats - WARNING - Error processing week data: could not convert string to float: '2024-10-06T00:00:00+00:00'
2024-10-31 10:00:30,247 - portfolio.stats - WARNING - Error processing week data: could not convert string to float: '2024-10-13T00:00:00+00:00'
2024-10-31 10:00:30,248 - portfolio.stats - WARNING - Error processing week data: could not convert string to float: '2024-10-20T00:00:00+00:00'
2024-10-31 10:00:30,249 - portfolio.stats - WARNING - Error processing week data: could not convert string to float: '2024-10-27T00:00:00+00:00'
2024-10-31 10:00:30,250 - portfolio.analyzer - INFO - Generating reports
2024-10-31 10:00:30,253 - portfolio.analyzer - INFO - Saved report: README.md
2024-10-31 10:00:30,261 - portfolio.analyzer - INFO - Saved report: github_portfolio.json
2024-10-31 10:00:30,263 - portfolio.analyzer - INFO - Analysis completed successfully
