2024-10-31 08:16:38,298 - portfolio - INFO - Starting ESP3D Portfolio analysis
2024-10-31 08:16:38,301 - portfolio.config - INFO - Loaded configuration from config/portfolio_config.json
2024-10-31 08:16:38,303 - portfolio.cache - INFO - Cache initialized in .cache
2024-10-31 08:16:38,304 - portfolio.analyzer - INFO - Portfolio analyzer initialized
2024-10-31 08:16:38,306 - portfolio.analyzer - INFO - Starting data collection
2024-10-31 08:16:38,388 - portfolio.analyzer - INFO - Processing collected data
2024-10-31 08:16:38,393 - portfolio.issues - ERROR - Error processing issue #76: 'NoneType' object has no attribute 'lower'
2024-10-31 08:16:38,397 - portfolio.issues - ERROR - Error processing issue #76: 'NoneType' object has no attribute 'lower'
2024-10-31 08:16:38,402 - portfolio.stats - WARNING - Error processing week data: could not convert string to float: '2023-11-05T00:00:00+00:00'
2024-10-31 08:16:38,403 - portfolio.stats - WARNING - Error processing week data: could not convert string to float: '2023-11-12T00:00:00+00:00'
2024-10-31 08:16:38,405 - portfolio.stats - WARNING - Error processing week data: could not convert string to float: '2023-11-19T00:00:00+00:00'
2024-10-31 08:16:38,406 - portfolio.stats - WARNING - Error processing week data: could not convert string to float: '2023-11-26T00:00:00+00:00'
2024-10-31 08:16:38,408 - portfolio.stats - WARNING - Error processing week data: could not convert string to float: '2023-12-03T00:00:00+00:00'
2024-10-31 08:16:38,409 - portfolio.stats - WARNING - Error processing week data: could not convert string to float: '2023-12-10T00:00:00+00:00'
2024-10-31 08:16:38,411 - portfolio.stats - WARNING - Error processing week data: could not convert string to float: '2023-12-17T00:00:00+00:00'
2024-10-31 08:16:38,412 - portfolio.stats - WARNING - Error processing week data: could not convert string to float: '2023-12-24T00:00:00+00:00'
2024-10-31 08:16:38,414 - portfolio.stats - WARNING - Error processing week data: could not convert string to float: '2023-12-31T00:00:00+00:00'
2024-10-31 08:16:38,415 - portfolio.stats - WARNING - Error processing week data: could not convert string to float: '2024-01-07T00:00:00+00:00'
2024-10-31 08:16:38,417 - portfolio.stats - WARNING - Error processing week data: could not convert string to float: '2024-01-14T00:00:00+00:00'
2024-10-31 08:16:38,419 - portfolio.stats - WARNING - Error processing week data: could not convert string to float: '2024-01-21T00:00:00+00:00'
2024-10-31 08:16:38,420 - portfolio.stats - WARNING - Error processing week data: could not convert string to float: '2024-01-28T00:00:00+00:00'
2024-10-31 08:16:38,422 - portfolio.stats - WARNING - Error processing week data: could not convert string to float: '2024-02-04T00:00:00+00:00'
2024-10-31 08:16:38,423 - portfolio.stats - WARNING - Error processing week data: could not convert string to float: '2024-02-11T00:00:00+00:00'
2024-10-31 08:16:38,425 - portfolio.stats - WARNING - Error processing week data: could not convert string to float: '2024-02-18T00:00:00+00:00'
2024-10-31 08:16:38,426 - portfolio.stats - WARNING - Error processing week data: could not convert string to float: '2024-02-25T00:00:00+00:00'
2024-10-31 08:16:38,428 - portfolio.stats - WARNING - Error processing week data: could not convert string to float: '2024-03-03T00:00:00+00:00'
2024-10-31 08:16:38,429 - portfolio.stats - WARNING - Error processing week data: could not convert string to float: '2024-03-10T00:00:00+00:00'
2024-10-31 08:16:38,431 - portfolio.stats - WARNING - Error processing week data: could not convert string to float: '2024-03-17T00:00:00+00:00'
2024-10-31 08:16:38,432 - portfolio.stats - WARNING - Error processing week data: could not convert string to float: '2024-03-24T00:00:00+00:00'
2024-10-31 08:16:38,434 - portfolio.stats - WARNING - Error processing week data: could not convert string to float: '2024-03-31T00:00:00+00:00'
2024-10-31 08:16:38,435 - portfolio.stats - WARNING - Error processing week data: could not convert string to float: '2024-04-07T00:00:00+00:00'
2024-10-31 08:16:38,437 - portfolio.stats - WARNING - Error processing week data: could not convert string to float: '2024-04-14T00:00:00+00:00'
2024-10-31 08:16:38,438 - portfolio.stats - WARNING - Error processing week data: could not convert string to float: '2024-04-21T00:00:00+00:00'
2024-10-31 08:16:38,440 - portfolio.stats - WARNING - Error processing week data: could not convert string to float: '2024-04-28T00:00:00+00:00'
2024-10-31 08:16:38,442 - portfolio.stats - WARNING - Error processing week data: could not convert string to float: '2024-05-05T00:00:00+00:00'
2024-10-31 08:16:38,443 - portfolio.stats - WARNING - Error processing week data: could not convert string to float: '2024-05-12T00:00:00+00:00'
2024-10-31 08:16:38,445 - portfolio.stats - WARNING - Error processing week data: could not convert string to float: '2024-05-19T00:00:00+00:00'
2024-10-31 08:16:38,446 - portfolio.stats - WARNING - Error processing week data: could not convert string to float: '2024-05-26T00:00:00+00:00'
2024-10-31 08:16:38,448 - portfolio.stats - WARNING - Error processing week data: could not convert string to float: '2024-06-02T00:00:00+00:00'
2024-10-31 08:16:38,449 - portfolio.stats - WARNING - Error processing week data: could not convert string to float: '2024-06-09T00:00:00+00:00'
2024-10-31 08:16:38,451 - portfolio.stats - WARNING - Error processing week data: could not convert string to float: '2024-06-16T00:00:00+00:00'
2024-10-31 08:16:38,452 - portfolio.stats - WARNING - Error processing week data: could not convert string to float: '2024-06-23T00:00:00+00:00'
2024-10-31 08:16:38,454 - portfolio.stats - WARNING - Error processing week data: could not convert string to float: '2024-06-30T00:00:00+00:00'
2024-10-31 08:16:38,455 - portfolio.stats - WARNING - Error processing week data: could not convert string to float: '2024-07-07T00:00:00+00:00'
2024-10-31 08:16:38,457 - portfolio.stats - WARNING - Error processing week data: could not convert string to float: '2024-07-14T00:00:00+00:00'
2024-10-31 08:16:38,458 - portfolio.stats - WARNING - Error processing week data: could not convert string to float: '2024-07-21T00:00:00+00:00'
2024-10-31 08:16:38,460 - portfolio.stats - WARNING - Error processing week data: could not convert string to float: '2024-07-28T00:00:00+00:00'
2024-10-31 08:16:38,461 - portfolio.stats - WARNING - Error processing week data: could not convert string to float: '2024-08-04T00:00:00+00:00'
2024-10-31 08:16:38,463 - portfolio.stats - WARNING - Error processing week data: could not convert string to float: '2024-08-11T00:00:00+00:00'
2024-10-31 08:16:38,465 - portfolio.stats - WARNING - Error processing week data: could not convert string to float: '2024-08-18T00:00:00+00:00'
2024-10-31 08:16:38,466 - portfolio.stats - WARNING - Error processing week data: could not convert string to float: '2024-08-25T00:00:00+00:00'
2024-10-31 08:16:38,468 - portfolio.stats - WARNING - Error processing week data: could not convert string to float: '2024-09-01T00:00:00+00:00'
2024-10-31 08:16:38,469 - portfolio.stats - WARNING - Error processing week data: could not convert string to float: '2024-09-08T00:00:00+00:00'
2024-10-31 08:16:38,471 - portfolio.stats - WARNING - Error processing week data: could not convert string to float: '2024-09-15T00:00:00+00:00'
2024-10-31 08:16:38,472 - portfolio.stats - WARNING - Error processing week data: could not convert string to float: '2024-09-22T00:00:00+00:00'
2024-10-31 08:16:38,474 - portfolio.stats - WARNING - Error processing week data: could not convert string to float: '2024-09-29T00:00:00+00:00'
2024-10-31 08:16:38,475 - portfolio.stats - WARNING - Error processing week data: could not convert string to float: '2024-10-06T00:00:00+00:00'
2024-10-31 08:16:38,477 - portfolio.stats - WARNING - Error processing week data: could not convert string to float: '2024-10-13T00:00:00+00:00'
2024-10-31 08:16:38,478 - portfolio.stats - WARNING - Error processing week data: could not convert string to float: '2024-10-20T00:00:00+00:00'
2024-10-31 08:16:38,480 - portfolio.stats - WARNING - Error processing week data: could not convert string to float: '2024-10-27T00:00:00+00:00'
2024-10-31 08:16:38,481 - portfolio.stats - WARNING - Error processing week data: could not convert string to float: '2023-11-05T00:00:00+00:00'
2024-10-31 08:16:38,483 - portfolio.stats - WARNING - Error processing week data: could not convert string to float: '2023-11-12T00:00:00+00:00'
2024-10-31 08:16:38,485 - portfolio.stats - WARNING - Error processing week data: could not convert string to float: '2023-11-19T00:00:00+00:00'
2024-10-31 08:16:38,486 - portfolio.stats - WARNING - Error processing week data: could not convert string to float: '2023-11-26T00:00:00+00:00'
2024-10-31 08:16:38,488 - portfolio.stats - WARNING - Error processing week data: could not convert string to float: '2023-12-03T00:00:00+00:00'
2024-10-31 08:16:38,489 - portfolio.stats - WARNING - Error processing week data: could not convert string to float: '2023-12-10T00:00:00+00:00'
2024-10-31 08:16:38,491 - portfolio.stats - WARNING - Error processing week data: could not convert string to float: '2023-12-17T00:00:00+00:00'
2024-10-31 08:16:38,492 - portfolio.stats - WARNING - Error processing week data: could not convert string to float: '2023-12-24T00:00:00+00:00'
2024-10-31 08:16:38,494 - portfolio.stats - WARNING - Error processing week data: could not convert string to float: '2023-12-31T00:00:00+00:00'
2024-10-31 08:16:38,495 - portfolio.stats - WARNING - Error processing week data: could not convert string to float: '2024-01-07T00:00:00+00:00'
2024-10-31 08:16:38,497 - portfolio.stats - WARNING - Error processing week data: could not convert string to float: '2024-01-14T00:00:00+00:00'
2024-10-31 08:16:38,498 - portfolio.stats - WARNING - Error processing week data: could not convert string to float: '2024-01-21T00:00:00+00:00'
2024-10-31 08:16:38,500 - portfolio.stats - WARNING - Error processing week data: could not convert string to float: '2024-01-28T00:00:00+00:00'
2024-10-31 08:16:38,501 - portfolio.stats - WARNING - Error processing week data: could not convert string to float: '2024-02-04T00:00:00+00:00'
2024-10-31 08:16:38,503 - portfolio.stats - WARNING - Error processing week data: could not convert string to float: '2024-02-11T00:00:00+00:00'
2024-10-31 08:16:38,505 - portfolio.stats - WARNING - Error processing week data: could not convert string to float: '2024-02-18T00:00:00+00:00'
2024-10-31 08:16:38,506 - portfolio.stats - WARNING - Error processing week data: could not convert string to float: '2024-02-25T00:00:00+00:00'
2024-10-31 08:16:38,508 - portfolio.stats - WARNING - Error processing week data: could not convert string to float: '2024-03-03T00:00:00+00:00'
2024-10-31 08:16:38,509 - portfolio.stats - WARNING - Error processing week data: could not convert string to float: '2024-03-10T00:00:00+00:00'
2024-10-31 08:16:38,511 - portfolio.stats - WARNING - Error processing week data: could not convert string to float: '2024-03-17T00:00:00+00:00'
2024-10-31 08:16:38,512 - portfolio.stats - WARNING - Error processing week data: could not convert string to float: '2024-03-24T00:00:00+00:00'
2024-10-31 08:16:38,514 - portfolio.stats - WARNING - Error processing week data: could not convert string to float: '2024-03-31T00:00:00+00:00'
2024-10-31 08:16:38,515 - portfolio.stats - WARNING - Error processing week data: could not convert string to float: '2024-04-07T00:00:00+00:00'
2024-10-31 08:16:38,517 - portfolio.stats - WARNING - Error processing week data: could not convert string to float: '2024-04-14T00:00:00+00:00'
2024-10-31 08:16:38,518 - portfolio.stats - WARNING - Error processing week data: could not convert string to float: '2024-04-21T00:00:00+00:00'
2024-10-31 08:16:38,520 - portfolio.stats - WARNING - Error processing week data: could not convert string to float: '2024-04-28T00:00:00+00:00'
2024-10-31 08:16:38,521 - portfolio.stats - WARNING - Error processing week data: could not convert string to float: '2024-05-05T00:00:00+00:00'
2024-10-31 08:16:38,523 - portfolio.stats - WARNING - Error processing week data: could not convert string to float: '2024-05-12T00:00:00+00:00'
2024-10-31 08:16:38,524 - portfolio.stats - WARNING - Error processing week data: could not convert string to float: '2024-05-19T00:00:00+00:00'
2024-10-31 08:16:38,526 - portfolio.stats - WARNING - Error processing week data: could not convert string to float: '2024-05-26T00:00:00+00:00'
2024-10-31 08:16:38,528 - portfolio.stats - WARNING - Error processing week data: could not convert string to float: '2024-06-02T00:00:00+00:00'
2024-10-31 08:16:38,529 - portfolio.stats - WARNING - Error processing week data: could not convert string to float: '2024-06-09T00:00:00+00:00'
2024-10-31 08:16:38,531 - portfolio.stats - WARNING - Error processing week data: could not convert string to float: '2024-06-16T00:00:00+00:00'
2024-10-31 08:16:38,532 - portfolio.stats - WARNING - Error processing week data: could not convert string to float: '2024-06-23T00:00:00+00:00'
2024-10-31 08:16:38,534 - portfolio.stats - WARNING - Error processing week data: could not convert string to float: '2024-06-30T00:00:00+00:00'
2024-10-31 08:16:38,535 - portfolio.stats - WARNING - Error processing week data: could not convert string to float: '2024-07-07T00:00:00+00:00'
2024-10-31 08:16:38,537 - portfolio.stats - WARNING - Error processing week data: could not convert string to float: '2024-07-14T00:00:00+00:00'
2024-10-31 08:16:38,538 - portfolio.stats - WARNING - Error processing week data: could not convert string to float: '2024-07-21T00:00:00+00:00'
2024-10-31 08:16:38,540 - portfolio.stats - WARNING - Error processing week data: could not convert string to float: '2024-07-28T00:00:00+00:00'
2024-10-31 08:16:38,541 - portfolio.stats - WARNING - Error processing week data: could not convert string to float: '2024-08-04T00:00:00+00:00'
2024-10-31 08:16:38,543 - portfolio.stats - WARNING - Error processing week data: could not convert string to float: '2024-08-11T00:00:00+00:00'
2024-10-31 08:16:38,544 - portfolio.stats - WARNING - Error processing week data: could not convert string to float: '2024-08-18T00:00:00+00:00'
2024-10-31 08:16:38,546 - portfolio.stats - WARNING - Error processing week data: could not convert string to float: '2024-08-25T00:00:00+00:00'
2024-10-31 08:16:38,547 - portfolio.stats - WARNING - Error processing week data: could not convert string to float: '2024-09-01T00:00:00+00:00'
2024-10-31 08:16:38,549 - portfolio.stats - WARNING - Error processing week data: could not convert string to float: '2024-09-08T00:00:00+00:00'
2024-10-31 08:16:38,551 - portfolio.stats - WARNING - Error processing week data: could not convert string to float: '2024-09-15T00:00:00+00:00'
2024-10-31 08:16:38,552 - portfolio.stats - WARNING - Error processing week data: could not convert string to float: '2024-09-22T00:00:00+00:00'
2024-10-31 08:16:38,554 - portfolio.stats - WARNING - Error processing week data: could not convert string to float: '2024-09-29T00:00:00+00:00'
2024-10-31 08:16:38,556 - portfolio.stats - WARNING - Error processing week data: could not convert string to float: '2024-10-06T00:00:00+00:00'
2024-10-31 08:16:38,557 - portfolio.stats - WARNING - Error processing week data: could not convert string to float: '2024-10-13T00:00:00+00:00'
2024-10-31 08:16:38,558 - portfolio.stats - WARNING - Error processing week data: could not convert string to float: '2024-10-20T00:00:00+00:00'
2024-10-31 08:16:38,559 - portfolio.stats - WARNING - Error processing week data: could not convert string to float: '2024-10-27T00:00:00+00:00'
2024-10-31 08:16:38,561 - portfolio.stats - WARNING - Error processing week data: could not convert string to float: '2023-11-05T00:00:00+00:00'
2024-10-31 08:16:38,562 - portfolio.stats - WARNING - Error processing week data: could not convert string to float: '2023-11-12T00:00:00+00:00'
2024-10-31 08:16:38,563 - portfolio.stats - WARNING - Error processing week data: could not convert string to float: '2023-11-19T00:00:00+00:00'
2024-10-31 08:16:38,564 - portfolio.stats - WARNING - Error processing week data: could not convert string to float: '2023-11-26T00:00:00+00:00'
2024-10-31 08:16:38,565 - portfolio.stats - WARNING - Error processing week data: could not convert string to float: '2023-12-03T00:00:00+00:00'
2024-10-31 08:16:38,567 - portfolio.stats - WARNING - Error processing week data: could not convert string to float: '2023-12-10T00:00:00+00:00'
2024-10-31 08:16:38,568 - portfolio.stats - WARNING - Error processing week data: could not convert string to float: '2023-12-17T00:00:00+00:00'
2024-10-31 08:16:38,569 - portfolio.stats - WARNING - Error processing week data: could not convert string to float: '2023-12-24T00:00:00+00:00'
2024-10-31 08:16:38,570 - portfolio.stats - WARNING - Error processing week data: could not convert string to float: '2023-12-31T00:00:00+00:00'
2024-10-31 08:16:38,572 - portfolio.stats - WARNING - Error processing week data: could not convert string to float: '2024-01-07T00:00:00+00:00'
2024-10-31 08:16:38,573 - portfolio.stats - WARNING - Error processing week data: could not convert string to float: '2024-01-14T00:00:00+00:00'
2024-10-31 08:16:38,574 - portfolio.stats - WARNING - Error processing week data: could not convert string to float: '2024-01-21T00:00:00+00:00'
2024-10-31 08:16:38,575 - portfolio.stats - WARNING - Error processing week data: could not convert string to float: '2024-01-28T00:00:00+00:00'
2024-10-31 08:16:38,577 - portfolio.stats - WARNING - Error processing week data: could not convert string to float: '2024-02-04T00:00:00+00:00'
2024-10-31 08:16:38,578 - portfolio.stats - WARNING - Error processing week data: could not convert string to float: '2024-02-11T00:00:00+00:00'
2024-10-31 08:16:38,579 - portfolio.stats - WARNING - Error processing week data: could not convert string to float: '2024-02-18T00:00:00+00:00'
2024-10-31 08:16:38,580 - portfolio.stats - WARNING - Error processing week data: could not convert string to float: '2024-02-25T00:00:00+00:00'
2024-10-31 08:16:38,582 - portfolio.stats - WARNING - Error processing week data: could not convert string to float: '2024-03-03T00:00:00+00:00'
2024-10-31 08:16:38,583 - portfolio.stats - WARNING - Error processing week data: could not convert string to float: '2024-03-10T00:00:00+00:00'
2024-10-31 08:16:38,584 - portfolio.stats - WARNING - Error processing week data: could not convert string to float: '2024-03-17T00:00:00+00:00'
2024-10-31 08:16:38,585 - portfolio.stats - WARNING - Error processing week data: could not convert string to float: '2024-03-24T00:00:00+00:00'
2024-10-31 08:16:38,586 - portfolio.stats - WARNING - Error processing week data: could not convert string to float: '2024-03-31T00:00:00+00:00'
2024-10-31 08:16:38,588 - portfolio.stats - WARNING - Error processing week data: could not convert string to float: '2024-04-07T00:00:00+00:00'
2024-10-31 08:16:38,589 - portfolio.stats - WARNING - Error processing week data: could not convert string to float: '2024-04-14T00:00:00+00:00'
2024-10-31 08:16:38,590 - portfolio.stats - WARNING - Error processing week data: could not convert string to float: '2024-04-21T00:00:00+00:00'
2024-10-31 08:16:38,592 - portfolio.stats - WARNING - Error processing week data: could not convert string to float: '2024-04-28T00:00:00+00:00'
2024-10-31 08:16:38,593 - portfolio.stats - WARNING - Error processing week data: could not convert string to float: '2024-05-05T00:00:00+00:00'
2024-10-31 08:16:38,595 - portfolio.stats - WARNING - Error processing week data: could not convert string to float: '2024-05-12T00:00:00+00:00'
2024-10-31 08:16:38,596 - portfolio.stats - WARNING - Error processing week data: could not convert string to float: '2024-05-19T00:00:00+00:00'
2024-10-31 08:16:38,598 - portfolio.stats - WARNING - Error processing week data: could not convert string to float: '2024-05-26T00:00:00+00:00'
2024-10-31 08:16:38,600 - portfolio.stats - WARNING - Error processing week data: could not convert string to float: '2024-06-02T00:00:00+00:00'
2024-10-31 08:16:38,601 - portfolio.stats - WARNING - Error processing week data: could not convert string to float: '2024-06-09T00:00:00+00:00'
2024-10-31 08:16:38,603 - portfolio.stats - WARNING - Error processing week data: could not convert string to float: '2024-06-16T00:00:00+00:00'
2024-10-31 08:16:38,604 - portfolio.stats - WARNING - Error processing week data: could not convert string to float: '2024-06-23T00:00:00+00:00'
2024-10-31 08:16:38,606 - portfolio.stats - WARNING - Error processing week data: could not convert string to float: '2024-06-30T00:00:00+00:00'
2024-10-31 08:16:38,607 - portfolio.stats - WARNING - Error processing week data: could not convert string to float: '2024-07-07T00:00:00+00:00'
2024-10-31 08:16:38,609 - portfolio.stats - WARNING - Error processing week data: could not convert string to float: '2024-07-14T00:00:00+00:00'
2024-10-31 08:16:38,611 - portfolio.stats - WARNING - Error processing week data: could not convert string to float: '2024-07-21T00:00:00+00:00'
2024-10-31 08:16:38,612 - portfolio.stats - WARNING - Error processing week data: could not convert string to float: '2024-07-28T00:00:00+00:00'
2024-10-31 08:16:38,614 - portfolio.stats - WARNING - Error processing week data: could not convert string to float: '2024-08-04T00:00:00+00:00'
2024-10-31 08:16:38,615 - portfolio.stats - WARNING - Error processing week data: could not convert string to float: '2024-08-11T00:00:00+00:00'
2024-10-31 08:16:38,617 - portfolio.stats - WARNING - Error processing week data: could not convert string to float: '2024-08-18T00:00:00+00:00'
2024-10-31 08:16:38,618 - portfolio.stats - WARNING - Error processing week data: could not convert string to float: '2024-08-25T00:00:00+00:00'
2024-10-31 08:16:38,620 - portfolio.stats - WARNING - Error processing week data: could not convert string to float: '2024-09-01T00:00:00+00:00'
2024-10-31 08:16:38,621 - portfolio.stats - WARNING - Error processing week data: could not convert string to float: '2024-09-08T00:00:00+00:00'
2024-10-31 08:16:38,623 - portfolio.stats - WARNING - Error processing week data: could not convert string to float: '2024-09-15T00:00:00+00:00'
2024-10-31 08:16:38,624 - portfolio.stats - WARNING - Error processing week data: could not convert string to float: '2024-09-22T00:00:00+00:00'
2024-10-31 08:16:38,626 - portfolio.stats - WARNING - Error processing week data: could not convert string to float: '2024-09-29T00:00:00+00:00'
2024-10-31 08:16:38,628 - portfolio.stats - WARNING - Error processing week data: could not convert string to float: '2024-10-06T00:00:00+00:00'
2024-10-31 08:16:38,629 - portfolio.stats - WARNING - Error processing week data: could not convert string to float: '2024-10-13T00:00:00+00:00'
2024-10-31 08:16:38,631 - portfolio.stats - WARNING - Error processing week data: could not convert string to float: '2024-10-20T00:00:00+00:00'
2024-10-31 08:16:38,632 - portfolio.stats - WARNING - Error processing week data: could not convert string to float: '2024-10-27T00:00:00+00:00'
2024-10-31 08:16:38,634 - portfolio.stats - WARNING - Error processing week data: could not convert string to float: '2023-11-05T00:00:00+00:00'
2024-10-31 08:16:38,635 - portfolio.stats - WARNING - Error processing week data: could not convert string to float: '2023-11-12T00:00:00+00:00'
2024-10-31 08:16:38,636 - portfolio.stats - WARNING - Error processing week data: could not convert string to float: '2023-11-19T00:00:00+00:00'
2024-10-31 08:16:38,638 - portfolio.stats - WARNING - Error processing week data: could not convert string to float: '2023-11-26T00:00:00+00:00'
2024-10-31 08:16:38,639 - portfolio.stats - WARNING - Error processing week data: could not convert string to float: '2023-12-03T00:00:00+00:00'
2024-10-31 08:16:38,640 - portfolio.stats - WARNING - Error processing week data: could not convert string to float: '2023-12-10T00:00:00+00:00'
2024-10-31 08:16:38,642 - portfolio.stats - WARNING - Error processing week data: could not convert string to float: '2023-12-17T00:00:00+00:00'
2024-10-31 08:16:38,643 - portfolio.stats - WARNING - Error processing week data: could not convert string to float: '2023-12-24T00:00:00+00:00'
2024-10-31 08:16:38,644 - portfolio.stats - WARNING - Error processing week data: could not convert string to float: '2023-12-31T00:00:00+00:00'
2024-10-31 08:16:38,646 - portfolio.stats - WARNING - Error processing week data: could not convert string to float: '2024-01-07T00:00:00+00:00'
2024-10-31 08:16:38,647 - portfolio.stats - WARNING - Error processing week data: could not convert string to float: '2024-01-14T00:00:00+00:00'
2024-10-31 08:16:38,649 - portfolio.stats - WARNING - Error processing week data: could not convert string to float: '2024-01-21T00:00:00+00:00'
2024-10-31 08:16:38,650 - portfolio.stats - WARNING - Error processing week data: could not convert string to float: '2024-01-28T00:00:00+00:00'
2024-10-31 08:16:38,651 - portfolio.stats - WARNING - Error processing week data: could not convert string to float: '2024-02-04T00:00:00+00:00'
2024-10-31 08:16:38,653 - portfolio.stats - WARNING - Error processing week data: could not convert string to float: '2024-02-11T00:00:00+00:00'
2024-10-31 08:16:38,654 - portfolio.stats - WARNING - Error processing week data: could not convert string to float: '2024-02-18T00:00:00+00:00'
2024-10-31 08:16:38,655 - portfolio.stats - WARNING - Error processing week data: could not convert string to float: '2024-02-25T00:00:00+00:00'
2024-10-31 08:16:38,657 - portfolio.stats - WARNING - Error processing week data: could not convert string to float: '2024-03-03T00:00:00+00:00'
2024-10-31 08:16:38,658 - portfolio.stats - WARNING - Error processing week data: could not convert string to float: '2024-03-10T00:00:00+00:00'
2024-10-31 08:16:38,659 - portfolio.stats - WARNING - Error processing week data: could not convert string to float: '2024-03-17T00:00:00+00:00'
2024-10-31 08:16:38,660 - portfolio.stats - WARNING - Error processing week data: could not convert string to float: '2024-03-24T00:00:00+00:00'
2024-10-31 08:16:38,662 - portfolio.stats - WARNING - Error processing week data: could not convert string to float: '2024-03-31T00:00:00+00:00'
2024-10-31 08:16:38,663 - portfolio.stats - WARNING - Error processing week data: could not convert string to float: '2024-04-07T00:00:00+00:00'
2024-10-31 08:16:38,665 - portfolio.stats - WARNING - Error processing week data: could not convert string to float: '2024-04-14T00:00:00+00:00'
2024-10-31 08:16:38,666 - portfolio.stats - WARNING - Error processing week data: could not convert string to float: '2024-04-21T00:00:00+00:00'
2024-10-31 08:16:38,668 - portfolio.stats - WARNING - Error processing week data: could not convert string to float: '2024-04-28T00:00:00+00:00'
2024-10-31 08:16:38,670 - portfolio.stats - WARNING - Error processing week data: could not convert string to float: '2024-05-05T00:00:00+00:00'
2024-10-31 08:16:38,671 - portfolio.stats - WARNING - Error processing week data: could not convert string to float: '2024-05-12T00:00:00+00:00'
2024-10-31 08:16:38,673 - portfolio.stats - WARNING - Error processing week data: could not convert string to float: '2024-05-19T00:00:00+00:00'
2024-10-31 08:16:38,674 - portfolio.stats - WARNING - Error processing week data: could not convert string to float: '2024-05-26T00:00:00+00:00'
2024-10-31 08:16:38,676 - portfolio.stats - WARNING - Error processing week data: could not convert string to float: '2024-06-02T00:00:00+00:00'
2024-10-31 08:16:38,678 - portfolio.stats - WARNING - Error processing week data: could not convert string to float: '2024-06-09T00:00:00+00:00'
2024-10-31 08:16:38,679 - portfolio.stats - WARNING - Error processing week data: could not convert string to float: '2024-06-16T00:00:00+00:00'
2024-10-31 08:16:38,681 - portfolio.stats - WARNING - Error processing week data: could not convert string to float: '2024-06-23T00:00:00+00:00'
2024-10-31 08:16:38,683 - portfolio.stats - WARNING - Error processing week data: could not convert string to float: '2024-06-30T00:00:00+00:00'
2024-10-31 08:16:38,684 - portfolio.stats - WARNING - Error processing week data: could not convert string to float: '2024-07-07T00:00:00+00:00'
2024-10-31 08:16:38,686 - portfolio.stats - WARNING - Error processing week data: could not convert string to float: '2024-07-14T00:00:00+00:00'
2024-10-31 08:16:38,688 - portfolio.stats - WARNING - Error processing week data: could not convert string to float: '2024-07-21T00:00:00+00:00'
2024-10-31 08:16:38,689 - portfolio.stats - WARNING - Error processing week data: could not convert string to float: '2024-07-28T00:00:00+00:00'
2024-10-31 08:16:38,691 - portfolio.stats - WARNING - Error processing week data: could not convert string to float: '2024-08-04T00:00:00+00:00'
2024-10-31 08:16:38,692 - portfolio.stats - WARNING - Error processing week data: could not convert string to float: '2024-08-11T00:00:00+00:00'
2024-10-31 08:16:38,694 - portfolio.stats - WARNING - Error processing week data: could not convert string to float: '2024-08-18T00:00:00+00:00'
2024-10-31 08:16:38,696 - portfolio.stats - WARNING - Error processing week data: could not convert string to float: '2024-08-25T00:00:00+00:00'
2024-10-31 08:16:38,697 - portfolio.stats - WARNING - Error processing week data: could not convert string to float: '2024-09-01T00:00:00+00:00'
2024-10-31 08:16:38,699 - portfolio.stats - WARNING - Error processing week data: could not convert string to float: '2024-09-08T00:00:00+00:00'
2024-10-31 08:16:38,700 - portfolio.stats - WARNING - Error processing week data: could not convert string to float: '2024-09-15T00:00:00+00:00'
2024-10-31 08:16:38,702 - portfolio.stats - WARNING - Error processing week data: could not convert string to float: '2024-09-22T00:00:00+00:00'
2024-10-31 08:16:38,704 - portfolio.stats - WARNING - Error processing week data: could not convert string to float: '2024-09-29T00:00:00+00:00'
2024-10-31 08:16:38,705 - portfolio.stats - WARNING - Error processing week data: could not convert string to float: '2024-10-06T00:00:00+00:00'
2024-10-31 08:16:38,707 - portfolio.stats - WARNING - Error processing week data: could not convert string to float: '2024-10-13T00:00:00+00:00'
2024-10-31 08:16:38,708 - portfolio.stats - WARNING - Error processing week data: could not convert string to float: '2024-10-20T00:00:00+00:00'
2024-10-31 08:16:38,710 - portfolio.stats - WARNING - Error processing week data: could not convert string to float: '2024-10-27T00:00:00+00:00'
2024-10-31 08:16:38,711 - portfolio.stats - WARNING - Error processing week data: could not convert string to float: '2023-11-05T00:00:00+00:00'
2024-10-31 08:16:38,713 - portfolio.stats - WARNING - Error processing week data: could not convert string to float: '2023-11-12T00:00:00+00:00'
2024-10-31 08:16:38,714 - portfolio.stats - WARNING - Error processing week data: could not convert string to float: '2023-11-19T00:00:00+00:00'
2024-10-31 08:16:38,716 - portfolio.stats - WARNING - Error processing week data: could not convert string to float: '2023-11-26T00:00:00+00:00'
2024-10-31 08:16:38,718 - portfolio.stats - WARNING - Error processing week data: could not convert string to float: '2023-12-03T00:00:00+00:00'
2024-10-31 08:16:38,719 - portfolio.stats - WARNING - Error processing week data: could not convert string to float: '2023-12-10T00:00:00+00:00'
2024-10-31 08:16:38,721 - portfolio.stats - WARNING - Error processing week data: could not convert string to float: '2023-12-17T00:00:00+00:00'
2024-10-31 08:16:38,722 - portfolio.stats - WARNING - Error processing week data: could not convert string to float: '2023-12-24T00:00:00+00:00'
2024-10-31 08:16:38,724 - portfolio.stats - WARNING - Error processing week data: could not convert string to float: '2023-12-31T00:00:00+00:00'
2024-10-31 08:16:38,725 - portfolio.stats - WARNING - Error processing week data: could not convert string to float: '2024-01-07T00:00:00+00:00'
2024-10-31 08:16:38,727 - portfolio.stats - WARNING - Error processing week data: could not convert string to float: '2024-01-14T00:00:00+00:00'
2024-10-31 08:16:38,729 - portfolio.stats - WARNING - Error processing week data: could not convert string to float: '2024-01-21T00:00:00+00:00'
2024-10-31 08:16:38,730 - portfolio.stats - WARNING - Error processing week data: could not convert string to float: '2024-01-28T00:00:00+00:00'
2024-10-31 08:16:38,732 - portfolio.stats - WARNING - Error processing week data: could not convert string to float: '2024-02-04T00:00:00+00:00'
2024-10-31 08:16:38,733 - portfolio.stats - WARNING - Error processing week data: could not convert string to float: '2024-02-11T00:00:00+00:00'
2024-10-31 08:16:38,735 - portfolio.stats - WARNING - Error processing week data: could not convert string to float: '2024-02-18T00:00:00+00:00'
2024-10-31 08:16:38,736 - portfolio.stats - WARNING - Error processing week data: could not convert string to float: '2024-02-25T00:00:00+00:00'
2024-10-31 08:16:38,738 - portfolio.stats - WARNING - Error processing week data: could not convert string to float: '2024-03-03T00:00:00+00:00'
2024-10-31 08:16:38,739 - portfolio.stats - WARNING - Error processing week data: could not convert string to float: '2024-03-10T00:00:00+00:00'
2024-10-31 08:16:38,741 - portfolio.stats - WARNING - Error processing week data: could not convert string to float: '2024-03-17T00:00:00+00:00'
2024-10-31 08:16:38,743 - portfolio.stats - WARNING - Error processing week data: could not convert string to float: '2024-03-24T00:00:00+00:00'
2024-10-31 08:16:38,744 - portfolio.stats - WARNING - Error processing week data: could not convert string to float: '2024-03-31T00:00:00+00:00'
2024-10-31 08:16:38,746 - portfolio.stats - WARNING - Error processing week data: could not convert string to float: '2024-04-07T00:00:00+00:00'
2024-10-31 08:16:38,747 - portfolio.stats - WARNING - Error processing week data: could not convert string to float: '2024-04-14T00:00:00+00:00'
2024-10-31 08:16:38,749 - portfolio.stats - WARNING - Error processing week data: could not convert string to float: '2024-04-21T00:00:00+00:00'
2024-10-31 08:16:38,750 - portfolio.stats - WARNING - Error processing week data: could not convert string to float: '2024-04-28T00:00:00+00:00'
2024-10-31 08:16:38,752 - portfolio.stats - WARNING - Error processing week data: could not convert string to float: '2024-05-05T00:00:00+00:00'
2024-10-31 08:16:38,753 - portfolio.stats - WARNING - Error processing week data: could not convert string to float: '2024-05-12T00:00:00+00:00'
2024-10-31 08:16:38,755 - portfolio.stats - WARNING - Error processing week data: could not convert string to float: '2024-05-19T00:00:00+00:00'
2024-10-31 08:16:38,756 - portfolio.stats - WARNING - Error processing week data: could not convert string to float: '2024-05-26T00:00:00+00:00'
2024-10-31 08:16:38,758 - portfolio.stats - WARNING - Error processing week data: could not convert string to float: '2024-06-02T00:00:00+00:00'
2024-10-31 08:16:38,760 - portfolio.stats - WARNING - Error processing week data: could not convert string to float: '2024-06-09T00:00:00+00:00'
2024-10-31 08:16:38,761 - portfolio.stats - WARNING - Error processing week data: could not convert string to float: '2024-06-16T00:00:00+00:00'
2024-10-31 08:16:38,763 - portfolio.stats - WARNING - Error processing week data: could not convert string to float: '2024-06-23T00:00:00+00:00'
2024-10-31 08:16:38,764 - portfolio.stats - WARNING - Error processing week data: could not convert string to float: '2024-06-30T00:00:00+00:00'
2024-10-31 08:16:38,766 - portfolio.stats - WARNING - Error processing week data: could not convert string to float: '2024-07-07T00:00:00+00:00'
2024-10-31 08:16:38,767 - portfolio.stats - WARNING - Error processing week data: could not convert string to float: '2024-07-14T00:00:00+00:00'
2024-10-31 08:16:38,769 - portfolio.stats - WARNING - Error processing week data: could not convert string to float: '2024-07-21T00:00:00+00:00'
2024-10-31 08:16:38,771 - portfolio.stats - WARNING - Error processing week data: could not convert string to float: '2024-07-28T00:00:00+00:00'
2024-10-31 08:16:38,773 - portfolio.stats - WARNING - Error processing week data: could not convert string to float: '2024-08-04T00:00:00+00:00'
2024-10-31 08:16:38,774 - portfolio.stats - WARNING - Error processing week data: could not convert string to float: '2024-08-11T00:00:00+00:00'
2024-10-31 08:16:38,776 - portfolio.stats - WARNING - Error processing week data: could not convert string to float: '2024-08-18T00:00:00+00:00'
2024-10-31 08:16:38,778 - portfolio.stats - WARNING - Error processing week data: could not convert string to float: '2024-08-25T00:00:00+00:00'
2024-10-31 08:16:38,780 - portfolio.stats - WARNING - Error processing week data: could not convert string to float: '2024-09-01T00:00:00+00:00'
2024-10-31 08:16:38,781 - portfolio.stats - WARNING - Error processing week data: could not convert string to float: '2024-09-08T00:00:00+00:00'
2024-10-31 08:16:38,782 - portfolio.stats - WARNING - Error processing week data: could not convert string to float: '2024-09-15T00:00:00+00:00'
2024-10-31 08:16:38,784 - portfolio.stats - WARNING - Error processing week data: could not convert string to float: '2024-09-22T00:00:00+00:00'
2024-10-31 08:16:38,785 - portfolio.stats - WARNING - Error processing week data: could not convert string to float: '2024-09-29T00:00:00+00:00'
2024-10-31 08:16:38,786 - portfolio.stats - WARNING - Error processing week data: could not convert string to float: '2024-10-06T00:00:00+00:00'
2024-10-31 08:16:38,788 - portfolio.stats - WARNING - Error processing week data: could not convert string to float: '2024-10-13T00:00:00+00:00'
2024-10-31 08:16:38,789 - portfolio.stats - WARNING - Error processing week data: could not convert string to float: '2024-10-20T00:00:00+00:00'
2024-10-31 08:16:38,791 - portfolio.stats - WARNING - Error processing week data: could not convert string to float: '2024-10-27T00:00:00+00:00'
2024-10-31 08:16:38,792 - portfolio.stats - WARNING - Error processing week data: could not convert string to float: '2023-11-05T00:00:00+00:00'
2024-10-31 08:16:38,794 - portfolio.stats - WARNING - Error processing week data: could not convert string to float: '2023-11-12T00:00:00+00:00'
2024-10-31 08:16:38,795 - portfolio.stats - WARNING - Error processing week data: could not convert string to float: '2023-11-19T00:00:00+00:00'
2024-10-31 08:16:38,796 - portfolio.stats - WARNING - Error processing week data: could not convert string to float: '2023-11-26T00:00:00+00:00'
2024-10-31 08:16:38,797 - portfolio.stats - WARNING - Error processing week data: could not convert string to float: '2023-12-03T00:00:00+00:00'
2024-10-31 08:16:38,799 - portfolio.stats - WARNING - Error processing week data: could not convert string to float: '2023-12-10T00:00:00+00:00'
2024-10-31 08:16:38,800 - portfolio.stats - WARNING - Error processing week data: could not convert string to float: '2023-12-17T00:00:00+00:00'
2024-10-31 08:16:38,801 - portfolio.stats - WARNING - Error processing week data: could not convert string to float: '2023-12-24T00:00:00+00:00'
2024-10-31 08:16:38,803 - portfolio.stats - WARNING - Error processing week data: could not convert string to float: '2023-12-31T00:00:00+00:00'
2024-10-31 08:16:38,804 - portfolio.stats - WARNING - Error processing week data: could not convert string to float: '2024-01-07T00:00:00+00:00'
2024-10-31 08:16:38,805 - portfolio.stats - WARNING - Error processing week data: could not convert string to float: '2024-01-14T00:00:00+00:00'
2024-10-31 08:16:38,806 - portfolio.stats - WARNING - Error processing week data: could not convert string to float: '2024-01-21T00:00:00+00:00'
2024-10-31 08:16:38,808 - portfolio.stats - WARNING - Error processing week data: could not convert string to float: '2024-01-28T00:00:00+00:00'
2024-10-31 08:16:38,809 - portfolio.stats - WARNING - Error processing week data: could not convert string to float: '2024-02-04T00:00:00+00:00'
2024-10-31 08:16:38,810 - portfolio.stats - WARNING - Error processing week data: could not convert string to float: '2024-02-11T00:00:00+00:00'
2024-10-31 08:16:38,811 - portfolio.stats - WARNING - Error processing week data: could not convert string to float: '2024-02-18T00:00:00+00:00'
2024-10-31 08:16:38,813 - portfolio.stats - WARNING - Error processing week data: could not convert string to float: '2024-02-25T00:00:00+00:00'
2024-10-31 08:16:38,814 - portfolio.stats - WARNING - Error processing week data: could not convert string to float: '2024-03-03T00:00:00+00:00'
2024-10-31 08:16:38,815 - portfolio.stats - WARNING - Error processing week data: could not convert string to float: '2024-03-10T00:00:00+00:00'
2024-10-31 08:16:38,816 - portfolio.stats - WARNING - Error processing week data: could not convert string to float: '2024-03-17T00:00:00+00:00'
2024-10-31 08:16:38,818 - portfolio.stats - WARNING - Error processing week data: could not convert string to float: '2024-03-24T00:00:00+00:00'
2024-10-31 08:16:38,819 - portfolio.stats - WARNING - Error processing week data: could not convert string to float: '2024-03-31T00:00:00+00:00'
2024-10-31 08:16:38,820 - portfolio.stats - WARNING - Error processing week data: could not convert string to float: '2024-04-07T00:00:00+00:00'
2024-10-31 08:16:38,821 - portfolio.stats - WARNING - Error processing week data: could not convert string to float: '2024-04-14T00:00:00+00:00'
2024-10-31 08:16:38,822 - portfolio.stats - WARNING - Error processing week data: could not convert string to float: '2024-04-21T00:00:00+00:00'
2024-10-31 08:16:38,824 - portfolio.stats - WARNING - Error processing week data: could not convert string to float: '2024-04-28T00:00:00+00:00'
2024-10-31 08:16:38,825 - portfolio.stats - WARNING - Error processing week data: could not convert string to float: '2024-05-05T00:00:00+00:00'
2024-10-31 08:16:38,826 - portfolio.stats - WARNING - Error processing week data: could not convert string to float: '2024-05-12T00:00:00+00:00'
2024-10-31 08:16:38,827 - portfolio.stats - WARNING - Error processing week data: could not convert string to float: '2024-05-19T00:00:00+00:00'
2024-10-31 08:16:38,829 - portfolio.stats - WARNING - Error processing week data: could not convert string to float: '2024-05-26T00:00:00+00:00'
2024-10-31 08:16:38,830 - portfolio.stats - WARNING - Error processing week data: could not convert string to float: '2024-06-02T00:00:00+00:00'
2024-10-31 08:16:38,831 - portfolio.stats - WARNING - Error processing week data: could not convert string to float: '2024-06-09T00:00:00+00:00'
2024-10-31 08:16:38,832 - portfolio.stats - WARNING - Error processing week data: could not convert string to float: '2024-06-16T00:00:00+00:00'
2024-10-31 08:16:38,833 - portfolio.stats - WARNING - Error processing week data: could not convert string to float: '2024-06-23T00:00:00+00:00'
2024-10-31 08:16:38,835 - portfolio.stats - WARNING - Error processing week data: could not convert string to float: '2024-06-30T00:00:00+00:00'
2024-10-31 08:16:38,836 - portfolio.stats - WARNING - Error processing week data: could not convert string to float: '2024-07-07T00:00:00+00:00'
2024-10-31 08:16:38,837 - portfolio.stats - WARNING - Error processing week data: could not convert string to float: '2024-07-14T00:00:00+00:00'
2024-10-31 08:16:38,838 - portfolio.stats - WARNING - Error processing week data: could not convert string to float: '2024-07-21T00:00:00+00:00'
2024-10-31 08:16:38,839 - portfolio.stats - WARNING - Error processing week data: could not convert string to float: '2024-07-28T00:00:00+00:00'
2024-10-31 08:16:38,841 - portfolio.stats - WARNING - Error processing week data: could not convert string to float: '2024-08-04T00:00:00+00:00'
2024-10-31 08:16:38,842 - portfolio.stats - WARNING - Error processing week data: could not convert string to float: '2024-08-11T00:00:00+00:00'
2024-10-31 08:16:38,843 - portfolio.stats - WARNING - Error processing week data: could not convert string to float: '2024-08-18T00:00:00+00:00'
2024-10-31 08:16:38,844 - portfolio.stats - WARNING - Error processing week data: could not convert string to float: '2024-08-25T00:00:00+00:00'
2024-10-31 08:16:38,846 - portfolio.stats - WARNING - Error processing week data: could not convert string to float: '2024-09-01T00:00:00+00:00'
2024-10-31 08:16:38,847 - portfolio.stats - WARNING - Error processing week data: could not convert string to float: '2024-09-08T00:00:00+00:00'
2024-10-31 08:16:38,848 - portfolio.stats - WARNING - Error processing week data: could not convert string to float: '2024-09-15T00:00:00+00:00'
2024-10-31 08:16:38,849 - portfolio.stats - WARNING - Error processing week data: could not convert string to float: '2024-09-22T00:00:00+00:00'
2024-10-31 08:16:38,850 - portfolio.stats - WARNING - Error processing week data: could not convert string to float: '2024-09-29T00:00:00+00:00'
2024-10-31 08:16:38,852 - portfolio.stats - WARNING - Error processing week data: could not convert string to float: '2024-10-06T00:00:00+00:00'
2024-10-31 08:16:38,853 - portfolio.stats - WARNING - Error processing week data: could not convert string to float: '2024-10-13T00:00:00+00:00'
2024-10-31 08:16:38,854 - portfolio.stats - WARNING - Error processing week data: could not convert string to float: '2024-10-20T00:00:00+00:00'
2024-10-31 08:16:38,855 - portfolio.stats - WARNING - Error processing week data: could not convert string to float: '2024-10-27T00:00:00+00:00'
2024-10-31 08:16:38,856 - portfolio.stats - WARNING - Error processing week data: could not convert string to float: '2023-11-05T00:00:00+00:00'
2024-10-31 08:16:38,858 - portfolio.stats - WARNING - Error processing week data: could not convert string to float: '2023-11-12T00:00:00+00:00'
2024-10-31 08:16:38,859 - portfolio.stats - WARNING - Error processing week data: could not convert string to float: '2023-11-19T00:00:00+00:00'
2024-10-31 08:16:38,860 - portfolio.stats - WARNING - Error processing week data: could not convert string to float: '2023-11-26T00:00:00+00:00'
2024-10-31 08:16:38,861 - portfolio.stats - WARNING - Error processing week data: could not convert string to float: '2023-12-03T00:00:00+00:00'
2024-10-31 08:16:38,862 - portfolio.stats - WARNING - Error processing week data: could not convert string to float: '2023-12-10T00:00:00+00:00'
2024-10-31 08:16:38,864 - portfolio.stats - WARNING - Error processing week data: could not convert string to float: '2023-12-17T00:00:00+00:00'
2024-10-31 08:16:38,865 - portfolio.stats - WARNING - Error processing week data: could not convert string to float: '2023-12-24T00:00:00+00:00'
2024-10-31 08:16:38,866 - portfolio.stats - WARNING - Error processing week data: could not convert string to float: '2023-12-31T00:00:00+00:00'
2024-10-31 08:16:38,867 - portfolio.stats - WARNING - Error processing week data: could not convert string to float: '2024-01-07T00:00:00+00:00'
2024-10-31 08:16:38,869 - portfolio.stats - WARNING - Error processing week data: could not convert string to float: '2024-01-14T00:00:00+00:00'
2024-10-31 08:16:38,870 - portfolio.stats - WARNING - Error processing week data: could not convert string to float: '2024-01-21T00:00:00+00:00'
2024-10-31 08:16:38,871 - portfolio.stats - WARNING - Error processing week data: could not convert string to float: '2024-01-28T00:00:00+00:00'
2024-10-31 08:16:38,872 - portfolio.stats - WARNING - Error processing week data: could not convert string to float: '2024-02-04T00:00:00+00:00'
2024-10-31 08:16:38,873 - portfolio.stats - WARNING - Error processing week data: could not convert string to float: '2024-02-11T00:00:00+00:00'
2024-10-31 08:16:38,875 - portfolio.stats - WARNING - Error processing week data: could not convert string to float: '2024-02-18T00:00:00+00:00'
2024-10-31 08:16:38,876 - portfolio.stats - WARNING - Error processing week data: could not convert string to float: '2024-02-25T00:00:00+00:00'
2024-10-31 08:16:38,877 - portfolio.stats - WARNING - Error processing week data: could not convert string to float: '2024-03-03T00:00:00+00:00'
2024-10-31 08:16:38,878 - portfolio.stats - WARNING - Error processing week data: could not convert string to float: '2024-03-10T00:00:00+00:00'
2024-10-31 08:16:38,879 - portfolio.stats - WARNING - Error processing week data: could not convert string to float: '2024-03-17T00:00:00+00:00'
2024-10-31 08:16:38,881 - portfolio.stats - WARNING - Error processing week data: could not convert string to float: '2024-03-24T00:00:00+00:00'
2024-10-31 08:16:38,882 - portfolio.stats - WARNING - Error processing week data: could not convert string to float: '2024-03-31T00:00:00+00:00'
2024-10-31 08:16:38,883 - portfolio.stats - WARNING - Error processing week data: could not convert string to float: '2024-04-07T00:00:00+00:00'
2024-10-31 08:16:38,884 - portfolio.stats - WARNING - Error processing week data: could not convert string to float: '2024-04-14T00:00:00+00:00'
2024-10-31 08:16:38,886 - portfolio.stats - WARNING - Error processing week data: could not convert string to float: '2024-04-21T00:00:00+00:00'
2024-10-31 08:16:38,887 - portfolio.stats - WARNING - Error processing week data: could not convert string to float: '2024-04-28T00:00:00+00:00'
2024-10-31 08:16:38,888 - portfolio.stats - WARNING - Error processing week data: could not convert string to float: '2024-05-05T00:00:00+00:00'
2024-10-31 08:16:38,889 - portfolio.stats - WARNING - Error processing week data: could not convert string to float: '2024-05-12T00:00:00+00:00'
2024-10-31 08:16:38,891 - portfolio.stats - WARNING - Error processing week data: could not convert string to float: '2024-05-19T00:00:00+00:00'
2024-10-31 08:16:38,892 - portfolio.stats - WARNING - Error processing week data: could not convert string to float: '2024-05-26T00:00:00+00:00'
2024-10-31 08:16:38,893 - portfolio.stats - WARNING - Error processing week data: could not convert string to float: '2024-06-02T00:00:00+00:00'
2024-10-31 08:16:38,894 - portfolio.stats - WARNING - Error processing week data: could not convert string to float: '2024-06-09T00:00:00+00:00'
2024-10-31 08:16:38,895 - portfolio.stats - WARNING - Error processing week data: could not convert string to float: '2024-06-16T00:00:00+00:00'
2024-10-31 08:16:38,897 - portfolio.stats - WARNING - Error processing week data: could not convert string to float: '2024-06-23T00:00:00+00:00'
2024-10-31 08:16:38,898 - portfolio.stats - WARNING - Error processing week data: could not convert string to float: '2024-06-30T00:00:00+00:00'
2024-10-31 08:16:38,899 - portfolio.stats - WARNING - Error processing week data: could not convert string to float: '2024-07-07T00:00:00+00:00'
2024-10-31 08:16:38,900 - portfolio.stats - WARNING - Error processing week data: could not convert string to float: '2024-07-14T00:00:00+00:00'
2024-10-31 08:16:38,901 - portfolio.stats - WARNING - Error processing week data: could not convert string to float: '2024-07-21T00:00:00+00:00'
2024-10-31 08:16:38,903 - portfolio.stats - WARNING - Error processing week data: could not convert string to float: '2024-07-28T00:00:00+00:00'
2024-10-31 08:16:38,904 - portfolio.stats - WARNING - Error processing week data: could not convert string to float: '2024-08-04T00:00:00+00:00'
2024-10-31 08:16:38,905 - portfolio.stats - WARNING - Error processing week data: could not convert string to float: '2024-08-11T00:00:00+00:00'
2024-10-31 08:16:38,906 - portfolio.stats - WARNING - Error processing week data: could not convert string to float: '2024-08-18T00:00:00+00:00'
2024-10-31 08:16:38,907 - portfolio.stats - WARNING - Error processing week data: could not convert string to float: '2024-08-25T00:00:00+00:00'
2024-10-31 08:16:38,909 - portfolio.stats - WARNING - Error processing week data: could not convert string to float: '2024-09-01T00:00:00+00:00'
2024-10-31 08:16:38,910 - portfolio.stats - WARNING - Error processing week data: could not convert string to float: '2024-09-08T00:00:00+00:00'
2024-10-31 08:16:38,912 - portfolio.stats - WARNING - Error processing week data: could not convert string to float: '2024-09-15T00:00:00+00:00'
2024-10-31 08:16:38,913 - portfolio.stats - WARNING - Error processing week data: could not convert string to float: '2024-09-22T00:00:00+00:00'
2024-10-31 08:16:38,914 - portfolio.stats - WARNING - Error processing week data: could not convert string to float: '2024-09-29T00:00:00+00:00'
2024-10-31 08:16:38,916 - portfolio.stats - WARNING - Error processing week data: could not convert string to float: '2024-10-06T00:00:00+00:00'
2024-10-31 08:16:38,917 - portfolio.stats - WARNING - Error processing week data: could not convert string to float: '2024-10-13T00:00:00+00:00'
2024-10-31 08:16:38,918 - portfolio.stats - WARNING - Error processing week data: could not convert string to float: '2024-10-20T00:00:00+00:00'
2024-10-31 08:16:38,919 - portfolio.stats - WARNING - Error processing week data: could not convert string to float: '2024-10-27T00:00:00+00:00'
2024-10-31 08:16:38,921 - portfolio.analyzer - INFO - Generating reports
2024-10-31 08:16:38,923 - portfolio.analyzer - INFO - Saved report: README.md
2024-10-31 08:16:38,931 - portfolio.analyzer - INFO - Saved report: github_portfolio.json
2024-10-31 08:16:38,933 - portfolio.analyzer - INFO - Analysis completed successfully
