2024-11-16 00:58:22,496 - portfolio - INFO - Starting ESP3D Portfolio analysis
2024-11-16 00:58:22,500 - portfolio.config - INFO - Loaded configuration from config/portfolio_config.json
2024-11-16 00:58:22,501 - portfolio.cache - INFO - Cache initialized in .cache
2024-11-16 00:58:22,502 - portfolio.analyzer - INFO - Portfolio analyzer initialized
2024-11-16 00:58:22,504 - portfolio.analyzer - INFO - Starting data collection
2024-11-16 00:58:22,506 - portfolio.github - INFO - Collecting data for repository: ESP3D
2024-11-16 00:58:36,551 - portfolio.github - INFO - Collecting data for repository: ESP3DLib
2024-11-16 00:58:45,393 - portfolio.github - INFO - Collecting data for repository: ESP3D-WEBUI
2024-11-16 00:58:59,234 - portfolio.github - INFO - Collecting data for repository: ESP3D-TFT
2024-11-16 00:59:11,236 - portfolio.github - INFO - Collecting data for repository: Marlin
2024-11-16 00:59:19,003 - portfolio.github - INFO - Collecting data for repository: ESP3D-Configurator
2024-11-16 00:59:24,339 - portfolio.github - INFO - Collecting data for repository: esp3d.io
2024-11-16 00:59:31,719 - portfolio.github - INFO - Collecting data for repository: ESP32SSDP
2024-11-16 00:59:37,089 - portfolio.github - INFO - Collecting data for repository: SSDP_IDF
2024-11-16 00:59:44,101 - portfolio.github - INFO - Collecting data for repository: esp32-usb-serial
2024-11-16 00:59:50,674 - portfolio.github - INFO - Collecting data for repository: EspLuaEngine
2024-11-16 00:59:59,618 - portfolio.analyzer - INFO - Processing collected data
2024-11-16 00:59:59,631 - portfolio.analyzer - INFO - Generating reports
2024-11-16 00:59:59,633 - portfolio.analyzer - INFO - Saved report: README.md
2024-11-16 00:59:59,650 - portfolio.analyzer - INFO - Saved report: github_portfolio.json
2024-11-16 00:59:59,651 - portfolio.analyzer - INFO - Analysis completed successfully
