2024-11-04 00:58:35,965 - portfolio - INFO - Starting ESP3D Portfolio analysis
2024-11-04 00:58:35,969 - portfolio.config - INFO - Loaded configuration from config/portfolio_config.json
2024-11-04 00:58:35,970 - portfolio.cache - INFO - Cache initialized in .cache
2024-11-04 00:58:35,972 - portfolio.analyzer - INFO - Portfolio analyzer initialized
2024-11-04 00:58:35,974 - portfolio.analyzer - INFO - Starting data collection
2024-11-04 00:58:35,975 - portfolio.github - INFO - Collecting data for repository: ESP3D
2024-11-04 00:58:50,746 - portfolio.github - INFO - Collecting data for repository: ESP3DLib
2024-11-04 00:59:05,932 - portfolio.github - INFO - Collecting data for repository: ESP3D-WEBUI
2024-11-04 00:59:23,918 - portfolio.github - INFO - Collecting data for repository: ESP3D-TFT
2024-11-04 01:00:07,337 - portfolio.github - INFO - Collecting data for repository: Marlin
2024-11-04 01:00:15,284 - portfolio.github - INFO - Collecting data for repository: ESP3D-Configurator
2024-11-04 01:00:33,203 - portfolio.github - INFO - Collecting data for repository: esp3d.io
2024-11-04 01:00:38,528 - portfolio.github - INFO - Collecting data for repository: ESP32SSDP
2024-11-04 01:00:43,961 - portfolio.github - INFO - Collecting data for repository: SSDP_IDF
2024-11-04 01:00:48,990 - portfolio.github - INFO - Collecting data for repository: esp32-usb-serial
2024-11-04 01:01:03,892 - portfolio.github - INFO - Collecting data for repository: EspLuaEngine
2024-11-04 01:01:15,073 - portfolio.analyzer - INFO - Processing collected data
2024-11-04 01:01:15,087 - portfolio.analyzer - INFO - Generating reports
2024-11-04 01:01:15,089 - portfolio.analyzer - INFO - Saved report: README.md
2024-11-04 01:01:15,106 - portfolio.analyzer - INFO - Saved report: github_portfolio.json
2024-11-04 01:01:15,107 - portfolio.analyzer - INFO - Analysis completed successfully
