2024-11-15 00:59:48,277 - portfolio - INFO - Starting ESP3D Portfolio analysis
2024-11-15 00:59:48,281 - portfolio.config - INFO - Loaded configuration from config/portfolio_config.json
2024-11-15 00:59:48,283 - portfolio.cache - INFO - Cache initialized in .cache
2024-11-15 00:59:48,284 - portfolio.analyzer - INFO - Portfolio analyzer initialized
2024-11-15 00:59:48,286 - portfolio.analyzer - INFO - Starting data collection
2024-11-15 00:59:48,288 - portfolio.github - INFO - Collecting data for repository: ESP3D
2024-11-15 01:00:03,625 - portfolio.github - INFO - Collecting data for repository: ESP3DLib
2024-11-15 01:00:19,305 - portfolio.github - INFO - Collecting data for repository: ESP3D-WEBUI
2024-11-15 01:00:33,385 - portfolio.github - INFO - Collecting data for repository: ESP3D-TFT
2024-11-15 01:00:43,501 - portfolio.github - INFO - Collecting data for repository: Marlin
2024-11-15 01:00:51,867 - portfolio.github - INFO - Collecting data for repository: ESP3D-Configurator
2024-11-15 01:01:01,480 - portfolio.github - INFO - Collecting data for repository: esp3d.io
2024-11-15 01:01:06,771 - portfolio.github - INFO - Collecting data for repository: ESP32SSDP
2024-11-15 01:01:14,318 - portfolio.github - INFO - Collecting data for repository: SSDP_IDF
2024-11-15 01:01:21,662 - portfolio.github - INFO - Collecting data for repository: esp32-usb-serial
2024-11-15 01:01:28,233 - portfolio.github - INFO - Collecting data for repository: EspLuaEngine
2024-11-15 01:01:33,021 - portfolio.analyzer - INFO - Processing collected data
2024-11-15 01:01:33,035 - portfolio.analyzer - INFO - Generating reports
2024-11-15 01:01:33,037 - portfolio.analyzer - INFO - Saved report: README.md
2024-11-15 01:01:33,054 - portfolio.analyzer - INFO - Saved report: github_portfolio.json
2024-11-15 01:01:33,055 - portfolio.analyzer - INFO - Analysis completed successfully
