2024-11-11 00:57:03,744 - portfolio - INFO - Starting ESP3D Portfolio analysis
2024-11-11 00:57:03,747 - portfolio.config - INFO - Loaded configuration from config/portfolio_config.json
2024-11-11 00:57:03,749 - portfolio.cache - INFO - Cache initialized in .cache
2024-11-11 00:57:03,750 - portfolio.analyzer - INFO - Portfolio analyzer initialized
2024-11-11 00:57:03,752 - portfolio.analyzer - INFO - Starting data collection
2024-11-11 00:57:03,753 - portfolio.github - INFO - Collecting data for repository: ESP3D
2024-11-11 00:57:26,701 - portfolio.github - INFO - Collecting data for repository: ESP3DLib
2024-11-11 00:57:33,315 - portfolio.github - INFO - Collecting data for repository: ESP3D-WEBUI
2024-11-11 00:57:46,771 - portfolio.github - INFO - Collecting data for repository: ESP3D-TFT
2024-11-11 00:57:54,344 - portfolio.github - INFO - Collecting data for repository: Marlin
2024-11-11 00:58:01,923 - portfolio.github - INFO - Collecting data for repository: ESP3D-Configurator
2024-11-11 00:58:07,190 - portfolio.github - INFO - Collecting data for repository: esp3d.io
2024-11-11 00:58:22,666 - portfolio.github - INFO - Collecting data for repository: ESP32SSDP
2024-11-11 00:58:27,959 - portfolio.github - INFO - Collecting data for repository: SSDP_IDF
2024-11-11 00:58:35,045 - portfolio.github - INFO - Collecting data for repository: esp32-usb-serial
2024-11-11 00:58:39,532 - portfolio.github - INFO - Collecting data for repository: EspLuaEngine
2024-11-11 00:58:46,339 - portfolio.analyzer - INFO - Processing collected data
2024-11-11 00:58:46,352 - portfolio.analyzer - INFO - Generating reports
2024-11-11 00:58:46,354 - portfolio.analyzer - INFO - Saved report: README.md
2024-11-11 00:58:46,371 - portfolio.analyzer - INFO - Saved report: github_portfolio.json
2024-11-11 00:58:46,372 - portfolio.analyzer - INFO - Analysis completed successfully
