2024-11-20 04:28:48,585 - portfolio - INFO - Starting ESP3D Portfolio analysis
2024-11-20 04:28:48,589 - portfolio.config - INFO - Loaded configuration from config/portfolio_config.json
2024-11-20 04:28:48,591 - portfolio.cache - INFO - Cache initialized in .cache
2024-11-20 04:28:48,592 - portfolio.analyzer - INFO - Portfolio analyzer initialized
2024-11-20 04:28:48,594 - portfolio.analyzer - INFO - Starting data collection
2024-11-20 04:28:48,596 - portfolio.github - INFO - Collecting data for repository: ESP3D
2024-11-20 04:28:50,587 - portfolio.github - ERROR - Error collecting issues: 'Repository' object has no attribute 'branches'
2024-11-20 04:28:51,947 - portfolio.github - ERROR - Error collecting issues: 'Repository' object has no attribute 'branches'
2024-11-20 04:28:55,558 - portfolio.github - INFO - Collecting data for repository: ESP3DLib
2024-11-20 04:28:57,223 - portfolio.github - ERROR - Error collecting issues: 'Repository' object has no attribute 'branches'
2024-11-20 04:28:58,150 - portfolio.github - ERROR - Error collecting issues: 'Repository' object has no attribute 'branches'
2024-11-20 04:29:01,804 - portfolio.github - INFO - Collecting data for repository: ESP3D-WEBUI
2024-11-20 04:29:03,933 - portfolio.github - ERROR - Error collecting issues: 'Repository' object has no attribute 'branches'
2024-11-20 04:29:05,214 - portfolio.github - ERROR - Error collecting issues: 'Repository' object has no attribute 'branches'
2024-11-20 04:29:06,623 - portfolio.github - INFO - Collecting data for repository: ESP3D-TFT
2024-11-20 04:29:08,750 - portfolio.github - ERROR - Error collecting issues: 'Repository' object has no attribute 'branches'
2024-11-20 04:29:10,099 - portfolio.github - INFO - Collecting data for repository: Marlin
2024-11-20 04:29:20,739 - portfolio.github - INFO - Collecting data for repository: ESP3D-Configurator
2024-11-20 04:29:22,884 - portfolio.github - ERROR - Error collecting issues: 'Repository' object has no attribute 'branches'
2024-11-20 04:29:24,249 - portfolio.github - INFO - Collecting data for repository: esp3d.io
2024-11-20 04:29:26,347 - portfolio.github - ERROR - Error collecting issues: 'Repository' object has no attribute 'branches'
2024-11-20 04:29:27,657 - portfolio.github - INFO - Collecting data for repository: ESP32SSDP
2024-11-20 04:29:29,930 - portfolio.github - ERROR - Error collecting issues: 'Repository' object has no attribute 'branches'
2024-11-20 04:29:35,632 - portfolio.github - INFO - Collecting data for repository: SSDP_IDF
2024-11-20 04:29:37,742 - portfolio.github - ERROR - Error collecting issues: 'Repository' object has no attribute 'branches'
2024-11-20 04:29:39,075 - portfolio.github - INFO - Collecting data for repository: esp32-usb-serial
2024-11-20 04:29:46,352 - portfolio.github - INFO - Collecting data for repository: EspLuaEngine
2024-11-20 04:29:51,948 - portfolio.analyzer - INFO - Processing collected data
2024-11-20 04:29:51,953 - portfolio.analyzer - INFO - Generating reports
2024-11-20 04:29:51,955 - portfolio.analyzer - INFO - Saved report: README.md
2024-11-20 04:29:51,968 - portfolio.analyzer - INFO - Saved report: github_portfolio.json
2024-11-20 04:29:51,969 - portfolio.analyzer - INFO - Analysis completed successfully
