2024-11-13 00:56:29,087 - portfolio - INFO - Starting ESP3D Portfolio analysis
2024-11-13 00:56:29,090 - portfolio.config - INFO - Loaded configuration from config/portfolio_config.json
2024-11-13 00:56:29,092 - portfolio.cache - INFO - Cache initialized in .cache
2024-11-13 00:56:29,093 - portfolio.analyzer - INFO - Portfolio analyzer initialized
2024-11-13 00:56:29,095 - portfolio.analyzer - INFO - Starting data collection
2024-11-13 00:56:29,096 - portfolio.github - INFO - Collecting data for repository: ESP3D
2024-11-13 00:56:53,398 - portfolio.github - INFO - Collecting data for repository: ESP3DLib
2024-11-13 00:57:05,422 - portfolio.github - INFO - Collecting data for repository: ESP3D-WEBUI
2024-11-13 00:57:19,261 - portfolio.github - INFO - Collecting data for repository: ESP3D-TFT
2024-11-13 00:57:28,522 - portfolio.github - INFO - Collecting data for repository: Marlin
2024-11-13 00:57:38,392 - portfolio.github - INFO - Collecting data for repository: ESP3D-Configurator
2024-11-13 00:57:44,460 - portfolio.github - INFO - Collecting data for repository: esp3d.io
2024-11-13 00:57:52,679 - portfolio.github - INFO - Collecting data for repository: ESP32SSDP
2024-11-13 00:58:03,184 - portfolio.github - INFO - Collecting data for repository: SSDP_IDF
2024-11-13 00:58:08,942 - portfolio.github - INFO - Collecting data for repository: esp32-usb-serial
2024-11-13 00:58:18,364 - portfolio.github - INFO - Collecting data for repository: EspLuaEngine
2024-11-13 00:58:26,059 - portfolio.analyzer - INFO - Processing collected data
2024-11-13 00:58:26,072 - portfolio.analyzer - INFO - Generating reports
2024-11-13 00:58:26,074 - portfolio.analyzer - INFO - Saved report: README.md
2024-11-13 00:58:26,091 - portfolio.analyzer - INFO - Saved report: github_portfolio.json
2024-11-13 00:58:26,092 - portfolio.analyzer - INFO - Analysis completed successfully
