2024-11-16 06:58:09,237 - portfolio - INFO - Starting ESP3D Portfolio analysis
2024-11-16 06:58:09,240 - portfolio.config - INFO - Loaded configuration from config/portfolio_config.json
2024-11-16 06:58:09,242 - portfolio.cache - INFO - Cache initialized in .cache
2024-11-16 06:58:09,243 - portfolio.analyzer - INFO - Portfolio analyzer initialized
2024-11-16 06:58:09,245 - portfolio.analyzer - INFO - Starting data collection
2024-11-16 06:58:09,247 - portfolio.github - INFO - Collecting data for repository: ESP3D
2024-11-16 06:58:46,677 - portfolio.github - INFO - Collecting data for repository: ESP3DLib
2024-11-16 06:58:53,298 - portfolio.github - INFO - Collecting data for repository: ESP3D-WEBUI
2024-11-16 06:59:05,075 - portfolio.github - INFO - Collecting data for repository: ESP3D-TFT
2024-11-16 06:59:12,756 - portfolio.github - INFO - Collecting data for repository: Marlin
2024-11-16 06:59:20,631 - portfolio.github - INFO - Collecting data for repository: ESP3D-Configurator
2024-11-16 07:00:07,747 - portfolio.github - INFO - Collecting data for repository: esp3d.io
2024-11-16 07:00:19,245 - portfolio.github - INFO - Collecting data for repository: ESP32SSDP
2024-11-16 07:00:24,668 - portfolio.github - INFO - Collecting data for repository: SSDP_IDF
2024-11-16 07:00:31,646 - portfolio.github - INFO - Collecting data for repository: esp32-usb-serial
2024-11-16 07:00:36,098 - portfolio.github - INFO - Collecting data for repository: EspLuaEngine
2024-11-16 07:00:51,313 - portfolio.analyzer - INFO - Processing collected data
2024-11-16 07:00:51,326 - portfolio.analyzer - INFO - Generating reports
2024-11-16 07:00:51,328 - portfolio.analyzer - INFO - Saved report: README.md
2024-11-16 07:00:51,345 - portfolio.analyzer - INFO - Saved report: github_portfolio.json
2024-11-16 07:00:51,346 - portfolio.analyzer - INFO - Analysis completed successfully
